#
# There is insufficient memory for the Java Runtime Environment to continue.
# Native memory allocation (malloc) failed to allocate 672336 bytes for Chunk::new
# Possible reasons:
#   The system is out of physical RAM or swap space
#   The process is running with CompressedOops enabled, and the Java Heap may be blocking the growth of the native heap
# Possible solutions:
#   Reduce memory load on the system
#   Increase physical memory or swap space
#   Check if swap backing store is full
#   Decrease Java heap size (-Xmx/-Xms)
#   Decrease number of Java threads
#   Decrease Java thread stack sizes (-Xss)
#   Set larger code cache with -XX:ReservedCodeCacheSize=
#   JVM is running with Unscaled Compressed Oops mode in which the Java heap is
#     placed in the first 4GB address space. The Java Heap base address is the
#     maximum limit for the native heap growth. Please use -XX:HeapBaseMinAddress
#     to set the Java Heap base and to place the Java Heap above 4GB virtual address.
# This output file may be truncated or incomplete.
#
#  Out of Memory Error (./src/hotspot/share/memory/arena.cpp:197), pid=25852, tid=27928
#
# JRE version: OpenJDK Runtime Environment (11.0.8+10) (build 11.0.8+10-b944.6842174)
# Java VM: OpenJDK 64-Bit Server VM (11.0.8+10-b944.6842174, mixed mode, tiered, compressed oops, g1 gc, windows-amd64)
# No core dump will be written. Minidumps are not enabled by default on client versions of Windows
#

---------------  S U M M A R Y ------------

Command Line: --add-opens=java.base/java.util=ALL-UNNAMED --add-opens=java.base/java.lang=ALL-UNNAMED --add-opens=java.base/java.lang.invoke=ALL-UNNAMED --add-opens=java.prefs/java.util.prefs=ALL-UNNAMED -Xmx2048m -Dfile.encoding=UTF-8 -Duser.country=KR -Duser.language=ko -Duser.variant org.gradle.launcher.daemon.bootstrap.GradleDaemon 6.7.1

Host: Intel(R) Core(TM) i5-8250U CPU @ 1.60GHz, 8 cores, 15G,  Windows 10 , 64 bit Build 19041 (10.0.19041.928)
Time: Tue Jul 13 15:37:58 2021 얾홏풤 킨촺쫚 elapsed time: 44 seconds (0d 0h 0m 44s)

---------------  T H R E A D  ---------------

Current thread (0x0000024a5c3d2000):  JavaThread "C2 CompilerThread1" daemon [_thread_in_native, id=27928, stack(0x0000005ec4b00000,0x0000005ec4c00000)]


Current CompileTask:
C2:  44198 13714   !   4       org.gradle.internal.instantiation.generator.DependencyInjectingInstantiator::doCreate (64 bytes)

Stack: [0x0000005ec4b00000,0x0000005ec4c00000]
Native frames: (J=compiled Java code, j=interpreted, Vv=VM code, C=native code)
V  [jvm.dll+0x5de50a]
V  [jvm.dll+0x7122f5]
V  [jvm.dll+0x71384d]
V  [jvm.dll+0x713f03]
V  [jvm.dll+0x23e728]
V  [jvm.dll+0xb899c]
V  [jvm.dll+0xb8e9c]
V  [jvm.dll+0x35024d]
V  [jvm.dll+0x193ebc]
V  [jvm.dll+0x1f780e]
V  [jvm.dll+0x1f68d4]
V  [jvm.dll+0x17f32c]
V  [jvm.dll+0x205047]
V  [jvm.dll+0x203891]
V  [jvm.dll+0x6dad3f]
V  [jvm.dll+0x6d3895]
V  [jvm.dll+0x5dd4a6]
C  [ucrtbase.dll+0x21bb2]
C  [KERNEL32.DLL+0x17034]
C  [ntdll.dll+0x52651]


---------------  P R O C E S S  ---------------

Threads class SMR info:
_java_thread_list=0x0000024a5e745db0, length=148, elements={
0x0000024a3e9bc000, 0x0000024a59cc7800, 0x0000024a59d13800, 0x0000024a59d41800,
0x0000024a59d43800, 0x0000024a59d45800, 0x0000024a59d54000, 0x0000024a59d65800,
0x0000024a59ec1000, 0x0000024a59f25000, 0x0000024a5b88f800, 0x0000024a5af95000,
0x0000024a5b8a8000, 0x0000024a5ada8000, 0x0000024a5c2aa000, 0x0000024a5b816000,
0x0000024a5b819000, 0x0000024a5b81a000, 0x0000024a5b817800, 0x0000024a5b818800,
0x0000024a5f933000, 0x0000024a5eae7800, 0x0000024a5eae6000, 0x0000024a5eae8800,
0x0000024a5eae6800, 0x0000024a5eae3800, 0x0000024a5eaee000, 0x0000024a5eaeb800,
0x0000024a5eaed000, 0x0000024a5eaec800, 0x0000024a5eaea000, 0x0000024a5eaef000,
0x0000024a5eae9000, 0x0000024a5eaef800, 0x0000024a5eaeb000, 0x0000024a5eaf0800,
0x0000024a5eaf1800, 0x0000024a5eaf2000, 0x0000024a5c62f800, 0x0000024a5c630800,
0x0000024a5c62e800, 0x0000024a5c62b800, 0x0000024a5c62d000, 0x0000024a5c631000,
0x0000024a5c62e000, 0x0000024a5c632000, 0x0000024a5c62c800, 0x0000024a5c635800,
0x0000024a5c633000, 0x0000024a5c636000, 0x0000024a5c633800, 0x0000024a5c638800,
0x0000024a5c637800, 0x0000024a5c639800, 0x0000024a5c637000, 0x0000024a5c63a000,
0x0000024a5c634800, 0x0000024a609f0800, 0x0000024a609ee000, 0x0000024a609ed800,
0x0000024a609f0000, 0x0000024a609ef000, 0x0000024a609eb800, 0x0000024a609f1800,
0x0000024a609ec800, 0x0000024a609f2000, 0x0000024a609f4000, 0x0000024a609f6800,
0x0000024a609f7000, 0x0000024a609f8800, 0x0000024a609f4800, 0x0000024a609f5800,
0x0000024a609f8000, 0x0000024a609f3000, 0x0000024a609f9800, 0x0000024a609fa800,
0x0000024a5f824000, 0x0000024a5f825000, 0x0000024a5f823000, 0x0000024a5f825800,
0x0000024a5f828000, 0x0000024a5f826800, 0x0000024a5f827800, 0x0000024a5f822800,
0x0000024a5f82c000, 0x0000024a5f82e000, 0x0000024a5f82d000, 0x0000024a5f829800,
0x0000024a5f82e800, 0x0000024a5f82b800, 0x0000024a5f829000, 0x0000024a5f82f800,
0x0000024a5f830800, 0x0000024a5f82a800, 0x0000024a5f831000, 0x0000024a5e8c7800,
0x0000024a5e8c8800, 0x0000024a5e8c9000, 0x0000024a5e8cb000, 0x0000024a5e8c7000,
0x0000024a5e8ca000, 0x0000024a5e8cb800, 0x0000024a5e8c6000, 0x0000024a5e8d2000,
0x0000024a5e8cc800, 0x0000024a5e8cd800, 0x0000024a5e8cf000, 0x0000024a5e8d0800,
0x0000024a5e8d3000, 0x0000024a5e8d0000, 0x0000024a5e8d1800, 0x0000024a5e8d4000,
0x0000024a5e8ce000, 0x0000024a5e8d4800, 0x0000024a5adcd000, 0x0000024a5adcf800,
0x0000024a5adcb800, 0x0000024a5adce000, 0x0000024a63c8c000, 0x0000024a63c92000,
0x0000024a63c8f800, 0x0000024a63c8e000, 0x0000024a63c8e800, 0x0000024a63c90800,
0x0000024a5c3d2000, 0x0000024a63c92800, 0x0000024a63c8d000, 0x0000024a63c94800,
0x0000024a63c98800, 0x0000024a63c95000, 0x0000024a63c96000, 0x0000024a63c99000,
0x0000024a63c97000, 0x0000024a63c97800, 0x0000024a63c93800, 0x0000024a63c9a000,
0x0000024a63c9b000, 0x0000024a60f38800, 0x0000024a5adca800, 0x0000024a5adcc000,
0x0000024a5add0800, 0x0000024a5add1000, 0x0000024a5add2800, 0x0000024a5add2000,
0x0000024a5adce800, 0x0000024a5add6000, 0x0000024a5add7000, 0x0000024a5add7800
}

Java Threads: ( => current thread )
  0x0000024a3e9bc000 JavaThread "main" [_thread_blocked, id=18528, stack(0x0000005ec2200000,0x0000005ec2300000)]
  0x0000024a59cc7800 JavaThread "Reference Handler" daemon [_thread_blocked, id=25324, stack(0x0000005ec2900000,0x0000005ec2a00000)]
  0x0000024a59d13800 JavaThread "Finalizer" daemon [_thread_blocked, id=13540, stack(0x0000005ec2a00000,0x0000005ec2b00000)]
  0x0000024a59d41800 JavaThread "Signal Dispatcher" daemon [_thread_blocked, id=18188, stack(0x0000005ec2b00000,0x0000005ec2c00000)]
  0x0000024a59d43800 JavaThread "Attach Listener" daemon [_thread_blocked, id=20432, stack(0x0000005ec2c00000,0x0000005ec2d00000)]
  0x0000024a59d45800 JavaThread "C2 CompilerThread0" daemon [_thread_in_native, id=17244, stack(0x0000005ec2d00000,0x0000005ec2e00000)]
  0x0000024a59d54000 JavaThread "C1 CompilerThread0" daemon [_thread_blocked, id=27976, stack(0x0000005ec2e00000,0x0000005ec2f00000)]
  0x0000024a59d65800 JavaThread "Sweeper thread" daemon [_thread_blocked, id=28616, stack(0x0000005ec2f00000,0x0000005ec3000000)]
  0x0000024a59ec1000 JavaThread "Common-Cleaner" daemon [_thread_blocked, id=26872, stack(0x0000005ec3000000,0x0000005ec3100000)]
  0x0000024a59f25000 JavaThread "Service Thread" daemon [_thread_blocked, id=22376, stack(0x0000005ec3100000,0x0000005ec3200000)]
  0x0000024a5b88f800 JavaThread "Daemon health stats" [_thread_blocked, id=27656, stack(0x0000005ec3a00000,0x0000005ec3b00000)]
  0x0000024a5af95000 JavaThread "Incoming local TCP Connector on port 51553" [_thread_in_native, id=26288, stack(0x0000005ec3b00000,0x0000005ec3c00000)]
  0x0000024a5b8a8000 JavaThread "Daemon periodic checks" [_thread_blocked, id=14900, stack(0x0000005ec3c00000,0x0000005ec3d00000)]
  0x0000024a5ada8000 JavaThread "Daemon" [_thread_blocked, id=24552, stack(0x0000005ec3d00000,0x0000005ec3e00000)]
  0x0000024a5c2aa000 JavaThread "Daemon worker" [_thread_blocked, id=24412, stack(0x0000005ec4100000,0x0000005ec4200000)]
  0x0000024a5b816000 JavaThread "Cache worker for file hash cache (C:\Users\嘯됆싶三쫾긪\.gradle\caches\6.7.1\fileHashes)" [_thread_blocked, id=19452, stack(0x0000005ec4500000,0x0000005ec4600000)]
  0x0000024a5b819000 JavaThread "File lock request listener" [_thread_in_native, id=29016, stack(0x0000005ec4600000,0x0000005ec4700000)]
  0x0000024a5b81a000 JavaThread "Cache worker for journal cache (C:\Users\嘯됆싶三쫾긪\.gradle\caches\journal-1)" [_thread_blocked, id=18748, stack(0x0000005ec4a00000,0x0000005ec4b00000)]
  0x0000024a5b817800 JavaThread "Cache worker for execution history cache (C:\Users\嘯됆싶三쫾긪\.gradle\caches\6.7.1\executionHistory)" [_thread_blocked, id=9756, stack(0x0000005ec5000000,0x0000005ec5100000)]
  0x0000024a5b818800 JavaThread "jar transforms" [_thread_blocked, id=24080, stack(0x0000005ec5100000,0x0000005ec5200000)]
  0x0000024a5f933000 JavaThread "Cache worker for file content cache (C:\Users\嘯됆싶三쫾긪\.gradle\caches\6.7.1\fileContent)" [_thread_blocked, id=19372, stack(0x0000005ec5200000,0x0000005ec5300000)]
  0x0000024a5eae7800 JavaThread "jar transforms Thread 2" [_thread_blocked, id=25232, stack(0x0000005ec5c00000,0x0000005ec5d00000)]
  0x0000024a5eae6000 JavaThread "jar transforms Thread 3" [_thread_blocked, id=22096, stack(0x0000005ec5d00000,0x0000005ec5e00000)]
  0x0000024a5eae8800 JavaThread "jar transforms Thread 4" [_thread_blocked, id=23412, stack(0x0000005ec5e00000,0x0000005ec5f00000)]
  0x0000024a5eae6800 JavaThread "jar transforms Thread 5" [_thread_blocked, id=19176, stack(0x0000005ec5f00000,0x0000005ec6000000)]
  0x0000024a5eae3800 JavaThread "jar transforms Thread 6" [_thread_blocked, id=1676, stack(0x0000005ec6000000,0x0000005ec6100000)]
  0x0000024a5eaee000 JavaThread "jar transforms Thread 7" [_thread_blocked, id=3684, stack(0x0000005ec6100000,0x0000005ec6200000)]
  0x0000024a5eaeb800 JavaThread "jar transforms Thread 8" [_thread_blocked, id=11524, stack(0x0000005ec6200000,0x0000005ec6300000)]
  0x0000024a5eaed000 JavaThread "jar transforms Thread 9" [_thread_blocked, id=16852, stack(0x0000005ec6300000,0x0000005ec6400000)]
  0x0000024a5eaec800 JavaThread "jar transforms Thread 10" [_thread_blocked, id=28988, stack(0x0000005ec6400000,0x0000005ec6500000)]
  0x0000024a5eaea000 JavaThread "jar transforms Thread 11" [_thread_blocked, id=10736, stack(0x0000005ec6500000,0x0000005ec6600000)]
  0x0000024a5eaef000 JavaThread "jar transforms Thread 12" [_thread_blocked, id=8056, stack(0x0000005ec6600000,0x0000005ec6700000)]
  0x0000024a5eae9000 JavaThread "jar transforms Thread 13" [_thread_blocked, id=17068, stack(0x0000005ec6700000,0x0000005ec6800000)]
  0x0000024a5eaef800 JavaThread "jar transforms Thread 14" [_thread_blocked, id=28580, stack(0x0000005ec6800000,0x0000005ec6900000)]
  0x0000024a5eaeb000 JavaThread "jar transforms Thread 15" [_thread_blocked, id=11576, stack(0x0000005ec6900000,0x0000005ec6a00000)]
  0x0000024a5eaf0800 JavaThread "jar transforms Thread 16" [_thread_blocked, id=1900, stack(0x0000005ec6a00000,0x0000005ec6b00000)]
  0x0000024a5eaf1800 JavaThread "jar transforms Thread 17" [_thread_blocked, id=29096, stack(0x0000005ec6b00000,0x0000005ec6c00000)]
  0x0000024a5eaf2000 JavaThread "jar transforms Thread 18" [_thread_blocked, id=16052, stack(0x0000005ec6c00000,0x0000005ec6d00000)]
  0x0000024a5c62f800 JavaThread "jar transforms Thread 19" [_thread_blocked, id=18856, stack(0x0000005ec6d00000,0x0000005ec6e00000)]
  0x0000024a5c630800 JavaThread "jar transforms Thread 20" [_thread_blocked, id=26028, stack(0x0000005ec6e00000,0x0000005ec6f00000)]
  0x0000024a5c62e800 JavaThread "jar transforms Thread 21" [_thread_blocked, id=16760, stack(0x0000005ec6f00000,0x0000005ec7000000)]
  0x0000024a5c62b800 JavaThread "jar transforms Thread 22" [_thread_blocked, id=27688, stack(0x0000005ec7000000,0x0000005ec7100000)]
  0x0000024a5c62d000 JavaThread "jar transforms Thread 23" [_thread_blocked, id=6928, stack(0x0000005ec7100000,0x0000005ec7200000)]
  0x0000024a5c631000 JavaThread "jar transforms Thread 24" [_thread_blocked, id=21636, stack(0x0000005ec7200000,0x0000005ec7300000)]
  0x0000024a5c62e000 JavaThread "jar transforms Thread 25" [_thread_blocked, id=25708, stack(0x0000005ec7300000,0x0000005ec7400000)]
  0x0000024a5c632000 JavaThread "jar transforms Thread 26" [_thread_blocked, id=15144, stack(0x0000005ec7400000,0x0000005ec7500000)]
  0x0000024a5c62c800 JavaThread "jar transforms Thread 27" [_thread_blocked, id=25544, stack(0x0000005ec7500000,0x0000005ec7600000)]
  0x0000024a5c635800 JavaThread "jar transforms Thread 28" [_thread_blocked, id=17728, stack(0x0000005ec7600000,0x0000005ec7700000)]
  0x0000024a5c633000 JavaThread "jar transforms Thread 29" [_thread_blocked, id=22232, stack(0x0000005ec7700000,0x0000005ec7800000)]
  0x0000024a5c636000 JavaThread "jar transforms Thread 30" [_thread_blocked, id=28668, stack(0x0000005ec7800000,0x0000005ec7900000)]
  0x0000024a5c633800 JavaThread "jar transforms Thread 31" [_thread_blocked, id=28352, stack(0x0000005ec7900000,0x0000005ec7a00000)]
  0x0000024a5c638800 JavaThread "jar transforms Thread 32" [_thread_blocked, id=22228, stack(0x0000005ec7a00000,0x0000005ec7b00000)]
  0x0000024a5c637800 JavaThread "jar transforms Thread 33" [_thread_blocked, id=6368, stack(0x0000005ec7b00000,0x0000005ec7c00000)]
  0x0000024a5c639800 JavaThread "jar transforms Thread 34" [_thread_blocked, id=25844, stack(0x0000005ec7c00000,0x0000005ec7d00000)]
  0x0000024a5c637000 JavaThread "jar transforms Thread 35" [_thread_blocked, id=28936, stack(0x0000005ec7d00000,0x0000005ec7e00000)]
  0x0000024a5c63a000 JavaThread "jar transforms Thread 36" [_thread_blocked, id=23620, stack(0x0000005ec7e00000,0x0000005ec7f00000)]
  0x0000024a5c634800 JavaThread "jar transforms Thread 37" [_thread_blocked, id=26280, stack(0x0000005ec7f00000,0x0000005ec8000000)]
  0x0000024a609f0800 JavaThread "jar transforms Thread 38" [_thread_blocked, id=9092, stack(0x0000005ec8000000,0x0000005ec8100000)]
  0x0000024a609ee000 JavaThread "jar transforms Thread 39" [_thread_blocked, id=27248, stack(0x0000005ec8100000,0x0000005ec8200000)]
  0x0000024a609ed800 JavaThread "jar transforms Thread 40" [_thread_blocked, id=16676, stack(0x0000005ec8200000,0x0000005ec8300000)]
  0x0000024a609f0000 JavaThread "jar transforms Thread 41" [_thread_blocked, id=25272, stack(0x0000005ec8300000,0x0000005ec8400000)]
  0x0000024a609ef000 JavaThread "jar transforms Thread 42" [_thread_blocked, id=19188, stack(0x0000005ec8400000,0x0000005ec8500000)]
  0x0000024a609eb800 JavaThread "jar transforms Thread 43" [_thread_blocked, id=4128, stack(0x0000005ec8500000,0x0000005ec8600000)]
  0x0000024a609f1800 JavaThread "jar transforms Thread 44" [_thread_blocked, id=29436, stack(0x0000005ec8600000,0x0000005ec8700000)]
  0x0000024a609ec800 JavaThread "jar transforms Thread 45" [_thread_blocked, id=21948, stack(0x0000005ec8700000,0x0000005ec8800000)]
  0x0000024a609f2000 JavaThread "jar transforms Thread 46" [_thread_blocked, id=11984, stack(0x0000005ec8800000,0x0000005ec8900000)]
  0x0000024a609f4000 JavaThread "jar transforms Thread 47" [_thread_blocked, id=21120, stack(0x0000005ec8900000,0x0000005ec8a00000)]
  0x0000024a609f6800 JavaThread "jar transforms Thread 48" [_thread_blocked, id=28680, stack(0x0000005ec8a00000,0x0000005ec8b00000)]
  0x0000024a609f7000 JavaThread "jar transforms Thread 49" [_thread_blocked, id=24316, stack(0x0000005ec8b00000,0x0000005ec8c00000)]
  0x0000024a609f8800 JavaThread "jar transforms Thread 50" [_thread_blocked, id=21904, stack(0x0000005ec8c00000,0x0000005ec8d00000)]
  0x0000024a609f4800 JavaThread "jar transforms Thread 51" [_thread_blocked, id=24760, stack(0x0000005ec8d00000,0x0000005ec8e00000)]
  0x0000024a609f5800 JavaThread "jar transforms Thread 52" [_thread_blocked, id=22772, stack(0x0000005ec8e00000,0x0000005ec8f00000)]
  0x0000024a609f8000 JavaThread "jar transforms Thread 53" [_thread_blocked, id=5220, stack(0x0000005ec8f00000,0x0000005ec9000000)]
  0x0000024a609f3000 JavaThread "jar transforms Thread 54" [_thread_blocked, id=24464, stack(0x0000005ec9000000,0x0000005ec9100000)]
  0x0000024a609f9800 JavaThread "jar transforms Thread 55" [_thread_blocked, id=21884, stack(0x0000005ec9100000,0x0000005ec9200000)]
  0x0000024a609fa800 JavaThread "jar transforms Thread 56" [_thread_blocked, id=4548, stack(0x0000005ec9200000,0x0000005ec9300000)]
  0x0000024a5f824000 JavaThread "jar transforms Thread 57" [_thread_blocked, id=28292, stack(0x0000005ec9300000,0x0000005ec9400000)]
  0x0000024a5f825000 JavaThread "jar transforms Thread 58" [_thread_blocked, id=7272, stack(0x0000005ec9400000,0x0000005ec9500000)]
  0x0000024a5f823000 JavaThread "jar transforms Thread 59" [_thread_blocked, id=24680, stack(0x0000005ec9500000,0x0000005ec9600000)]
  0x0000024a5f825800 JavaThread "jar transforms Thread 60" [_thread_blocked, id=29684, stack(0x0000005ec9600000,0x0000005ec9700000)]
  0x0000024a5f828000 JavaThread "jar transforms Thread 61" [_thread_blocked, id=25556, stack(0x0000005ec9700000,0x0000005ec9800000)]
  0x0000024a5f826800 JavaThread "jar transforms Thread 62" [_thread_blocked, id=17096, stack(0x0000005ec9800000,0x0000005ec9900000)]
  0x0000024a5f827800 JavaThread "jar transforms Thread 63" [_thread_blocked, id=29528, stack(0x0000005ec9900000,0x0000005ec9a00000)]
  0x0000024a5f822800 JavaThread "jar transforms Thread 64" [_thread_blocked, id=15764, stack(0x0000005ec9a00000,0x0000005ec9b00000)]
  0x0000024a5f82c000 JavaThread "jar transforms Thread 65" [_thread_blocked, id=14120, stack(0x0000005ec9b00000,0x0000005ec9c00000)]
  0x0000024a5f82e000 JavaThread "jar transforms Thread 66" [_thread_blocked, id=7504, stack(0x0000005ec9c00000,0x0000005ec9d00000)]
  0x0000024a5f82d000 JavaThread "jar transforms Thread 67" [_thread_blocked, id=3392, stack(0x0000005ec9d00000,0x0000005ec9e00000)]
  0x0000024a5f829800 JavaThread "jar transforms Thread 68" [_thread_blocked, id=7180, stack(0x0000005ec9e00000,0x0000005ec9f00000)]
  0x0000024a5f82e800 JavaThread "jar transforms Thread 69" [_thread_blocked, id=1920, stack(0x0000005ec9f00000,0x0000005eca000000)]
  0x0000024a5f82b800 JavaThread "jar transforms Thread 70" [_thread_blocked, id=14948, stack(0x0000005eca000000,0x0000005eca100000)]
  0x0000024a5f829000 JavaThread "jar transforms Thread 71" [_thread_blocked, id=22156, stack(0x0000005eca100000,0x0000005eca200000)]
  0x0000024a5f82f800 JavaThread "jar transforms Thread 72" [_thread_blocked, id=11444, stack(0x0000005eca200000,0x0000005eca300000)]
  0x0000024a5f830800 JavaThread "jar transforms Thread 73" [_thread_blocked, id=27028, stack(0x0000005eca300000,0x0000005eca400000)]
  0x0000024a5f82a800 JavaThread "jar transforms Thread 74" [_thread_blocked, id=12560, stack(0x0000005eca400000,0x0000005eca500000)]
  0x0000024a5f831000 JavaThread "jar transforms Thread 75" [_thread_blocked, id=25828, stack(0x0000005eca500000,0x0000005eca600000)]
  0x0000024a5e8c7800 JavaThread "jar transforms Thread 76" [_thread_blocked, id=12196, stack(0x0000005eca600000,0x0000005eca700000)]
  0x0000024a5e8c8800 JavaThread "jar transforms Thread 77" [_thread_blocked, id=9180, stack(0x0000005eca700000,0x0000005eca800000)]
  0x0000024a5e8c9000 JavaThread "jar transforms Thread 78" [_thread_blocked, id=15016, stack(0x0000005eca800000,0x0000005eca900000)]
  0x0000024a5e8cb000 JavaThread "jar transforms Thread 79" [_thread_blocked, id=28348, stack(0x0000005eca900000,0x0000005ecaa00000)]
  0x0000024a5e8c7000 JavaThread "jar transforms Thread 80" [_thread_blocked, id=20840, stack(0x0000005ecaa00000,0x0000005ecab00000)]
  0x0000024a5e8ca000 JavaThread "jar transforms Thread 81" [_thread_blocked, id=22292, stack(0x0000005ecab00000,0x0000005ecac00000)]
  0x0000024a5e8cb800 JavaThread "jar transforms Thread 82" [_thread_blocked, id=28656, stack(0x0000005ecac00000,0x0000005ecad00000)]
  0x0000024a5e8c6000 JavaThread "jar transforms Thread 83" [_thread_blocked, id=23040, stack(0x0000005ecad00000,0x0000005ecae00000)]
  0x0000024a5e8d2000 JavaThread "jar transforms Thread 84" [_thread_blocked, id=24260, stack(0x0000005ecae00000,0x0000005ecaf00000)]
  0x0000024a5e8cc800 JavaThread "jar transforms Thread 85" [_thread_blocked, id=6964, stack(0x0000005ecaf00000,0x0000005ecb000000)]
  0x0000024a5e8cd800 JavaThread "jar transforms Thread 86" [_thread_blocked, id=21200, stack(0x0000005ecb000000,0x0000005ecb100000)]
  0x0000024a5e8cf000 JavaThread "jar transforms Thread 87" [_thread_blocked, id=26856, stack(0x0000005ecb100000,0x0000005ecb200000)]
  0x0000024a5e8d0800 JavaThread "jar transforms Thread 88" [_thread_blocked, id=23700, stack(0x0000005ecb200000,0x0000005ecb300000)]
  0x0000024a5e8d3000 JavaThread "jar transforms Thread 89" [_thread_blocked, id=29324, stack(0x0000005ecb300000,0x0000005ecb400000)]
  0x0000024a5e8d0000 JavaThread "jar transforms Thread 90" [_thread_blocked, id=28164, stack(0x0000005ecb400000,0x0000005ecb500000)]
  0x0000024a5e8d1800 JavaThread "jar transforms Thread 91" [_thread_blocked, id=25292, stack(0x0000005ecb500000,0x0000005ecb600000)]
  0x0000024a5e8d4000 JavaThread "jar transforms Thread 92" [_thread_blocked, id=26392, stack(0x0000005ecb600000,0x0000005ecb700000)]
  0x0000024a5e8ce000 JavaThread "jar transforms Thread 93" [_thread_blocked, id=26816, stack(0x0000005ecb700000,0x0000005ecb800000)]
  0x0000024a5e8d4800 JavaThread "jar transforms Thread 94" [_thread_blocked, id=23616, stack(0x0000005ecb800000,0x0000005ecb900000)]
  0x0000024a5adcd000 JavaThread "jar transforms Thread 95" [_thread_blocked, id=22064, stack(0x0000005ecb900000,0x0000005ecba00000)]
  0x0000024a5adcf800 JavaThread "jar transforms Thread 96" [_thread_blocked, id=3932, stack(0x0000005ecba00000,0x0000005ecbb00000)]
  0x0000024a5adcb800 JavaThread "jar transforms Thread 97" [_thread_blocked, id=25680, stack(0x0000005ecbb00000,0x0000005ecbc00000)]
  0x0000024a5adce000 JavaThread "Memory manager" [_thread_blocked, id=19504, stack(0x0000005ecbc00000,0x0000005ecbd00000)]
  0x0000024a63c8c000 JavaThread "Handler for socket connection from /127.0.0.1:51553 to /127.0.0.1:51610" [_thread_in_native, id=26732, stack(0x0000005ec3e00000,0x0000005ec3f00000)]
  0x0000024a63c92000 JavaThread "Cancel handler" [_thread_blocked, id=21684, stack(0x0000005ec3f00000,0x0000005ec4000000)]
  0x0000024a63c8f800 JavaThread "Asynchronous log dispatcher for DefaultDaemonConnection: socket connection from /127.0.0.1:51553 to /127.0.0.1:51610" [_thread_blocked, id=28388, stack(0x0000005ec4000000,0x0000005ec4100000)]
  0x0000024a63c8e000 JavaThread "Stdin handler" [_thread_blocked, id=26008, stack(0x0000005ec4200000,0x0000005ec4300000)]
  0x0000024a63c8e800 JavaThread "Thread-176" [_thread_blocked, id=3144, stack(0x0000005ec4300000,0x0000005ec4400000)]
  0x0000024a63c90800 JavaThread "Cache worker for file hash cache (C:\android-sdk\AndroidStudioProjects\Madcamp2\Madcamp2\.gradle\6.7.1\fileHashes)" [_thread_blocked, id=28344, stack(0x0000005ec4400000,0x0000005ec4500000)]
=>0x0000024a5c3d2000 JavaThread "C2 CompilerThread1" daemon [_thread_in_native, id=27928, stack(0x0000005ec4b00000,0x0000005ec4c00000)]
  0x0000024a63c92800 JavaThread "Cache worker for checksums cache (C:\android-sdk\AndroidStudioProjects\Madcamp2\Madcamp2\.gradle\checksums)" [_thread_blocked, id=20180, stack(0x0000005ec4c00000,0x0000005ec4d00000)]
  0x0000024a63c8d000 JavaThread "Cache worker for cache directory md-supplier (C:\Users\嘯됆싶三쫾긪\.gradle\caches\6.7.1\md-supplier)" [_thread_blocked, id=27940, stack(0x0000005ec4d00000,0x0000005ec4e00000)]
  0x0000024a63c94800 JavaThread "Cache worker for cache directory md-rule (C:\Users\嘯됆싶三쫾긪\.gradle\caches\6.7.1\md-rule)" [_thread_blocked, id=1388, stack(0x0000005ec4e00000,0x0000005ec4f00000)]
  0x0000024a63c98800 JavaThread "Cache worker for Build Output Cleanup Cache (C:\android-sdk\AndroidStudioProjects\Madcamp2\Madcamp2\.gradle\buildOutputCleanup)" [_thread_blocked, id=27368, stack(0x0000005ec4f00000,0x0000005ec5000000)]
  0x0000024a63c95000 JavaThread "Build operations" [_thread_blocked, id=20712, stack(0x0000005ec5300000,0x0000005ec5400000)]
  0x0000024a63c96000 JavaThread "Build operations Thread 2" [_thread_blocked, id=28320, stack(0x0000005ec5400000,0x0000005ec5500000)]
  0x0000024a63c99000 JavaThread "Build operations Thread 3" [_thread_blocked, id=24720, stack(0x0000005ec5500000,0x0000005ec5600000)]
  0x0000024a63c97000 JavaThread "Build operations Thread 4" [_thread_blocked, id=25440, stack(0x0000005ec5600000,0x0000005ec5700000)]
  0x0000024a63c97800 JavaThread "Build operations Thread 5" [_thread_blocked, id=1440, stack(0x0000005ec5700000,0x0000005ec5800000)]
  0x0000024a63c93800 JavaThread "Build operations Thread 6" [_thread_blocked, id=1572, stack(0x0000005ec5800000,0x0000005ec5900000)]
  0x0000024a63c9a000 JavaThread "Build operations Thread 7" [_thread_blocked, id=10364, stack(0x0000005ec5900000,0x0000005ec5a00000)]
  0x0000024a63c9b000 JavaThread "Build operations Thread 8" [_thread_blocked, id=15252, stack(0x0000005ec5a00000,0x0000005ec5b00000)]
  0x0000024a60f38800 JavaThread "C2 CompilerThread2" daemon [_thread_in_native, id=19928, stack(0x0000005ec5b00000,0x0000005ec5c00000)]
  0x0000024a5adca800 JavaThread "build event listener" [_thread_blocked, id=14128, stack(0x0000005ecc000000,0x0000005ecc100000)]
  0x0000024a5adcc000 JavaThread "build event listener" [_thread_blocked, id=29416, stack(0x0000005ecc100000,0x0000005ecc200000)]
  0x0000024a5add0800 JavaThread "Execution worker for ':'" [_thread_in_Java, id=16352, stack(0x0000005ecc200000,0x0000005ecc300000)]
  0x0000024a5add1000 JavaThread "Execution worker for ':' Thread 2" [_thread_blocked, id=10200, stack(0x0000005ecc300000,0x0000005ecc400000)]
  0x0000024a5add2800 JavaThread "Execution worker for ':' Thread 3" [_thread_blocked, id=19752, stack(0x0000005ecc400000,0x0000005ecc500000)]
  0x0000024a5add2000 JavaThread "Execution worker for ':' Thread 4" [_thread_blocked, id=21532, stack(0x0000005ecc500000,0x0000005ecc600000)]
  0x0000024a5adce800 JavaThread "Execution worker for ':' Thread 5" [_thread_blocked, id=28272, stack(0x0000005ecc600000,0x0000005ecc700000)]
  0x0000024a5add6000 JavaThread "Execution worker for ':' Thread 6" [_thread_blocked, id=18124, stack(0x0000005ecc700000,0x0000005ecc800000)]
  0x0000024a5add7000 JavaThread "Execution worker for ':' Thread 7" [_thread_blocked, id=11708, stack(0x0000005ecc800000,0x0000005ecc900000)]
  0x0000024a5add7800 JavaThread "Cache worker for execution history cache (C:\android-sdk\AndroidStudioProjects\Madcamp2\Madcamp2\.gradle\6.7.1\executionHistory)" [_thread_blocked, id=22900, stack(0x0000005ecc900000,0x0000005ecca00000)]

Other Threads:
  0x0000024a59cc4800 VMThread "VM Thread" [stack: 0x0000005ec2800000,0x0000005ec2900000] [id=23644]
  0x0000024a59f26800 WatcherThread [stack: 0x0000005ec3200000,0x0000005ec3300000] [id=27816]
  0x0000024a3e9d2800 GCTaskThread "GC Thread#0" [stack: 0x0000005ec2300000,0x0000005ec2400000] [id=28884]
  0x0000024a5ae3b000 GCTaskThread "GC Thread#1" [stack: 0x0000005ec3400000,0x0000005ec3500000] [id=7588]
  0x0000024a5ab59000 GCTaskThread "GC Thread#2" [stack: 0x0000005ec3500000,0x0000005ec3600000] [id=27364]
  0x0000024a5acd0000 GCTaskThread "GC Thread#3" [stack: 0x0000005ec3600000,0x0000005ec3700000] [id=29072]
  0x0000024a5ac18800 GCTaskThread "GC Thread#4" [stack: 0x0000005ec3700000,0x0000005ec3800000] [id=13308]
  0x0000024a5ac19000 GCTaskThread "GC Thread#5" [stack: 0x0000005ec3800000,0x0000005ec3900000] [id=14152]
  0x0000024a5b143800 GCTaskThread "GC Thread#6" [stack: 0x0000005ec4700000,0x0000005ec4800000] [id=6688]
  0x0000024a5b0df000 GCTaskThread "GC Thread#7" [stack: 0x0000005ec4800000,0x0000005ec4900000] [id=28492]
  0x0000024a3ea05800 ConcurrentGCThread "G1 Main Marker" [stack: 0x0000005ec2400000,0x0000005ec2500000] [id=24376]
  0x0000024a3ea07000 ConcurrentGCThread "G1 Conc#0" [stack: 0x0000005ec2500000,0x0000005ec2600000] [id=16596]
  0x0000024a5ab72000 ConcurrentGCThread "G1 Conc#1" [stack: 0x0000005ec4900000,0x0000005ec4a00000] [id=5640]
  0x0000024a3ea9d800 ConcurrentGCThread "G1 Refine#0" [stack: 0x0000005ec2600000,0x0000005ec2700000] [id=10336]
  0x0000024a63817800 ConcurrentGCThread "G1 Refine#1" [stack: 0x0000005ecbd00000,0x0000005ecbe00000] [id=20960]
  0x0000024a636c3800 ConcurrentGCThread "G1 Refine#2" [stack: 0x0000005ecbe00000,0x0000005ecbf00000] [id=24864]
  0x0000024a6101c800 ConcurrentGCThread "G1 Refine#3" [stack: 0x0000005ecbf00000,0x0000005ecc000000] [id=29368]
  0x0000024a5fc10800 ConcurrentGCThread "G1 Refine#4" [stack: 0x0000005ecd200000,0x0000005ecd300000] [id=16336]
  0x0000024a63a5d800 ConcurrentGCThread "G1 Refine#5" [stack: 0x0000005ecd300000,0x0000005ecd400000] [id=17424]
  0x0000024a5a5f1800 ConcurrentGCThread "G1 Refine#6" [stack: 0x0000005ecd400000,0x0000005ecd500000] [id=26968]
  0x0000024a59328800 ConcurrentGCThread "G1 Young RemSet Sampling" [stack: 0x0000005ec2700000,0x0000005ec2800000] [id=20300]

Threads with active compile tasks:
C2 CompilerThread0  44295 13591   !   4       org.gradle.api.internal.attributes.DefaultImmutableAttributesFactory::doConcatIsolatable (128 bytes)
C2 CompilerThread1  44295 13714   !   4       org.gradle.internal.instantiation.generator.DependencyInjectingInstantiator::doCreate (64 bytes)
C2 CompilerThread2  44295 13698   !   4       org.gradle.cache.internal.LockOnDemandCrossProcessCacheAccess::withFileLock (24 bytes)

VM state:not at safepoint (normal execution)

VM Mutex/Monitor currently owned by a thread: None

Heap address: 0x0000000080000000, size: 2048 MB, Compressed Oops mode: 32-bit
Narrow klass base: 0x0000000000000000, Narrow klass shift: 3
Compressed class space size: 1073741824 Address: 0x0000000100000000

Heap:
 garbage-first heap   total 260096K, used 118620K [0x0000000080000000, 0x0000000100000000)
  region size 1024K, 34 young (34816K), 6 survivors (6144K)
 Metaspace       used 92232K, capacity 94454K, committed 94576K, reserved 1132544K
  class space    used 11335K, capacity 12108K, committed 12108K, reserved 1048576K
Heap Regions: E=young(eden), S=young(survivor), O=old, HS=humongous(starts), HC=humongous(continues), CS=collection set, F=free, A=archive, TAMS=top-at-mark-start (previous, next)
|   0|0x0000000080000000, 0x0000000080100000, 0x0000000080100000|100%| O|  |TAMS 0x0000000080100000, 0x0000000080000000| Untracked 
|   1|0x0000000080100000, 0x0000000080200000, 0x0000000080200000|100%| O|  |TAMS 0x0000000080200000, 0x0000000080100000| Untracked 
|   2|0x0000000080200000, 0x0000000080300000, 0x0000000080300000|100%| O|  |TAMS 0x0000000080300000, 0x0000000080200000| Untracked 
|   3|0x0000000080300000, 0x0000000080400000, 0x0000000080400000|100%|HS|  |TAMS 0x0000000080400000, 0x0000000080300000| Complete 
|   4|0x0000000080400000, 0x0000000080500000, 0x0000000080500000|100%|HC|  |TAMS 0x0000000080500000, 0x0000000080400000| Complete 
|   5|0x0000000080500000, 0x0000000080600000, 0x0000000080600000|100%|HC|  |TAMS 0x0000000080600000, 0x0000000080500000| Complete 
|   6|0x0000000080600000, 0x0000000080700000, 0x0000000080700000|100%| O|  |TAMS 0x0000000080700000, 0x0000000080600000| Untracked 
|   7|0x0000000080700000, 0x0000000080800000, 0x0000000080800000|100%| O|  |TAMS 0x0000000080800000, 0x0000000080700000| Untracked 
|   8|0x0000000080800000, 0x0000000080900000, 0x0000000080900000|100%| O|  |TAMS 0x0000000080900000, 0x0000000080800000| Untracked 
|   9|0x0000000080900000, 0x0000000080a00000, 0x0000000080a00000|100%| O|  |TAMS 0x0000000080a00000, 0x0000000080900000| Untracked 
|  10|0x0000000080a00000, 0x0000000080b00000, 0x0000000080b00000|100%| O|  |TAMS 0x0000000080b00000, 0x0000000080a00000| Untracked 
|  11|0x0000000080b00000, 0x0000000080c00000, 0x0000000080c00000|100%| O|  |TAMS 0x0000000080c00000, 0x0000000080b00000| Untracked 
|  12|0x0000000080c00000, 0x0000000080d00000, 0x0000000080d00000|100%| O|  |TAMS 0x0000000080d00000, 0x0000000080c00000| Untracked 
|  13|0x0000000080d00000, 0x0000000080e00000, 0x0000000080e00000|100%| O|  |TAMS 0x0000000080e00000, 0x0000000080d00000| Untracked 
|  14|0x0000000080e00000, 0x0000000080f00000, 0x0000000080f00000|100%| O|  |TAMS 0x0000000080f00000, 0x0000000080e00000| Untracked 
|  15|0x0000000080f00000, 0x0000000081000000, 0x0000000081000000|100%| O|  |TAMS 0x0000000081000000, 0x0000000080f00000| Untracked 
|  16|0x0000000081000000, 0x0000000081100000, 0x0000000081100000|100%|HS|  |TAMS 0x0000000081100000, 0x0000000081000000| Complete 
|  17|0x0000000081100000, 0x0000000081200000, 0x0000000081200000|100%|HS|  |TAMS 0x0000000081200000, 0x0000000081100000| Complete 
|  18|0x0000000081200000, 0x0000000081300000, 0x0000000081300000|100%|HC|  |TAMS 0x0000000081300000, 0x0000000081200000| Complete 
|  19|0x0000000081300000, 0x0000000081400000, 0x0000000081400000|100%| O|  |TAMS 0x0000000081300000, 0x0000000081300000| Untracked 
|  20|0x0000000081400000, 0x0000000081500000, 0x0000000081500000|100%| O|  |TAMS 0x0000000081500000, 0x0000000081400000| Untracked 
|  21|0x0000000081500000, 0x0000000081600000, 0x0000000081600000|100%| O|  |TAMS 0x0000000081600000, 0x0000000081500000| Untracked 
|  22|0x0000000081600000, 0x0000000081700000, 0x0000000081700000|100%| O|  |TAMS 0x0000000081700000, 0x0000000081600000| Untracked 
|  23|0x0000000081700000, 0x0000000081800000, 0x0000000081800000|100%| O|  |TAMS 0x0000000081800000, 0x0000000081700000| Untracked 
|  24|0x0000000081800000, 0x0000000081900000, 0x0000000081900000|100%| O|  |TAMS 0x0000000081800000, 0x0000000081800000| Untracked 
|  25|0x0000000081900000, 0x0000000081a00000, 0x0000000081a00000|100%| O|  |TAMS 0x0000000081900000, 0x0000000081900000| Untracked 
|  26|0x0000000081a00000, 0x0000000081b00000, 0x0000000081b00000|100%| O|  |TAMS 0x0000000081a00000, 0x0000000081a00000| Untracked 
|  27|0x0000000081b00000, 0x0000000081c00000, 0x0000000081c00000|100%| O|  |TAMS 0x0000000081b00000, 0x0000000081b00000| Untracked 
|  28|0x0000000081c00000, 0x0000000081d00000, 0x0000000081d00000|100%| O|  |TAMS 0x0000000081c00000, 0x0000000081c00000| Untracked 
|  29|0x0000000081d00000, 0x0000000081e00000, 0x0000000081e00000|100%| O|  |TAMS 0x0000000081d00000, 0x0000000081d00000| Untracked 
|  30|0x0000000081e00000, 0x0000000081f00000, 0x0000000081f00000|100%| O|  |TAMS 0x0000000081e00000, 0x0000000081e00000| Untracked 
|  31|0x0000000081f00000, 0x0000000082000000, 0x0000000082000000|100%| O|  |TAMS 0x0000000081f00000, 0x0000000081f00000| Untracked 
|  32|0x0000000082000000, 0x0000000082100000, 0x0000000082100000|100%| O|  |TAMS 0x0000000082000000, 0x0000000082000000| Untracked 
|  33|0x0000000082100000, 0x0000000082200000, 0x0000000082200000|100%| O|  |TAMS 0x0000000082100000, 0x0000000082100000| Untracked 
|  34|0x0000000082200000, 0x0000000082300000, 0x0000000082300000|100%| O|  |TAMS 0x0000000082200000, 0x0000000082200000| Untracked 
|  35|0x0000000082300000, 0x0000000082400000, 0x0000000082400000|100%| O|  |TAMS 0x0000000082300000, 0x0000000082300000| Untracked 
|  36|0x0000000082400000, 0x0000000082500000, 0x0000000082500000|100%| O|  |TAMS 0x0000000082400000, 0x0000000082400000| Untracked 
|  37|0x0000000082500000, 0x0000000082600000, 0x0000000082600000|100%| O|  |TAMS 0x0000000082500000, 0x0000000082500000| Untracked 
|  38|0x0000000082600000, 0x0000000082700000, 0x0000000082700000|100%| O|  |TAMS 0x0000000082600000, 0x0000000082600000| Untracked 
|  39|0x0000000082700000, 0x0000000082800000, 0x0000000082800000|100%| O|  |TAMS 0x0000000082700000, 0x0000000082700000| Untracked 
|  40|0x0000000082800000, 0x0000000082900000, 0x0000000082900000|100%| O|  |TAMS 0x0000000082800000, 0x0000000082800000| Untracked 
|  41|0x0000000082900000, 0x0000000082a00000, 0x0000000082a00000|100%| O|  |TAMS 0x0000000082900000, 0x0000000082900000| Untracked 
|  42|0x0000000082a00000, 0x0000000082b00000, 0x0000000082b00000|100%| O|  |TAMS 0x0000000082a00000, 0x0000000082a00000| Untracked 
|  43|0x0000000082b00000, 0x0000000082c00000, 0x0000000082c00000|100%| O|  |TAMS 0x0000000082b00000, 0x0000000082b00000| Untracked 
|  44|0x0000000082c00000, 0x0000000082d00000, 0x0000000082d00000|100%| O|  |TAMS 0x0000000082c00000, 0x0000000082c00000| Untracked 
|  45|0x0000000082d00000, 0x0000000082e00000, 0x0000000082e00000|100%|HS|  |TAMS 0x0000000082d00000, 0x0000000082d00000| Complete 
|  46|0x0000000082e00000, 0x0000000082f00000, 0x0000000082f00000|100%| O|  |TAMS 0x0000000082e00000, 0x0000000082e00000| Untracked 
|  47|0x0000000082f00000, 0x0000000083000000, 0x0000000083000000|100%| O|  |TAMS 0x0000000082f00000, 0x0000000082f00000| Untracked 
|  48|0x0000000083000000, 0x0000000083100000, 0x0000000083100000|100%| O|  |TAMS 0x0000000083000000, 0x0000000083000000| Untracked 
|  49|0x0000000083100000, 0x000000008314da00, 0x0000000083200000| 30%| O|  |TAMS 0x0000000083100000, 0x0000000083100000| Untracked 
|  50|0x0000000083200000, 0x0000000083200000, 0x0000000083300000|  0%| F|  |TAMS 0x0000000083200000, 0x0000000083200000| Untracked 
|  51|0x0000000083300000, 0x0000000083300000, 0x0000000083400000|  0%| F|  |TAMS 0x0000000083300000, 0x0000000083300000| Untracked 
|  52|0x0000000083400000, 0x0000000083400000, 0x0000000083500000|  0%| F|  |TAMS 0x0000000083400000, 0x0000000083400000| Untracked 
|  53|0x0000000083500000, 0x0000000083500000, 0x0000000083600000|  0%| F|  |TAMS 0x0000000083500000, 0x0000000083500000| Untracked 
|  54|0x0000000083600000, 0x0000000083600000, 0x0000000083700000|  0%| F|  |TAMS 0x0000000083600000, 0x0000000083600000| Untracked 
|  55|0x0000000083700000, 0x0000000083700000, 0x0000000083800000|  0%| F|  |TAMS 0x0000000083700000, 0x0000000083700000| Untracked 
|  56|0x0000000083800000, 0x0000000083800000, 0x0000000083900000|  0%| F|  |TAMS 0x0000000083800000, 0x0000000083800000| Untracked 
|  57|0x0000000083900000, 0x0000000083900000, 0x0000000083a00000|  0%| F|  |TAMS 0x0000000083900000, 0x0000000083900000| Untracked 
|  58|0x0000000083a00000, 0x0000000083a00000, 0x0000000083b00000|  0%| F|  |TAMS 0x0000000083a00000, 0x0000000083a00000| Untracked 
|  59|0x0000000083b00000, 0x0000000083b00000, 0x0000000083c00000|  0%| F|  |TAMS 0x0000000083b00000, 0x0000000083b00000| Untracked 
|  60|0x0000000083c00000, 0x0000000083d00000, 0x0000000083d00000|100%| O|  |TAMS 0x0000000083c00000, 0x0000000083c00000| Untracked 
|  61|0x0000000083d00000, 0x0000000083e00000, 0x0000000083e00000|100%| O|  |TAMS 0x0000000083d00000, 0x0000000083d00000| Untracked 
|  62|0x0000000083e00000, 0x0000000083f00000, 0x0000000083f00000|100%| O|  |TAMS 0x0000000083e00000, 0x0000000083e00000| Untracked 
|  63|0x0000000083f00000, 0x0000000084000000, 0x0000000084000000|100%| O|  |TAMS 0x0000000083f00000, 0x0000000083f00000| Untracked 
|  64|0x0000000084000000, 0x0000000084100000, 0x0000000084100000|100%| O|  |TAMS 0x0000000084000000, 0x0000000084000000| Untracked 
|  65|0x0000000084100000, 0x0000000084200000, 0x0000000084200000|100%| O|  |TAMS 0x0000000084100000, 0x0000000084100000| Untracked 
|  66|0x0000000084200000, 0x0000000084300000, 0x0000000084300000|100%| O|  |TAMS 0x0000000084200000, 0x0000000084200000| Untracked 
|  67|0x0000000084300000, 0x0000000084400000, 0x0000000084400000|100%| O|  |TAMS 0x0000000084300000, 0x0000000084300000| Untracked 
|  68|0x0000000084400000, 0x0000000084500000, 0x0000000084500000|100%| O|  |TAMS 0x0000000084400000, 0x0000000084400000| Untracked 
|  69|0x0000000084500000, 0x0000000084600000, 0x0000000084600000|100%| O|  |TAMS 0x0000000084500000, 0x0000000084500000| Untracked 
|  70|0x0000000084600000, 0x0000000084700000, 0x0000000084700000|100%| O|  |TAMS 0x0000000084600000, 0x0000000084600000| Untracked 
|  71|0x0000000084700000, 0x0000000084800000, 0x0000000084800000|100%| O|  |TAMS 0x0000000084700000, 0x0000000084700000| Untracked 
|  72|0x0000000084800000, 0x0000000084900000, 0x0000000084900000|100%| O|  |TAMS 0x0000000084800000, 0x0000000084800000| Untracked 
|  73|0x0000000084900000, 0x0000000084a00000, 0x0000000084a00000|100%| O|  |TAMS 0x0000000084900000, 0x0000000084900000| Untracked 
|  74|0x0000000084a00000, 0x0000000084b00000, 0x0000000084b00000|100%| O|  |TAMS 0x0000000084a00000, 0x0000000084a00000| Untracked 
|  75|0x0000000084b00000, 0x0000000084c00000, 0x0000000084c00000|100%| O|  |TAMS 0x0000000084b00000, 0x0000000084b00000| Untracked 
|  76|0x0000000084c00000, 0x0000000084d00000, 0x0000000084d00000|100%| O|  |TAMS 0x0000000084c00000, 0x0000000084c00000| Untracked 
|  77|0x0000000084d00000, 0x0000000084e00000, 0x0000000084e00000|100%| O|  |TAMS 0x0000000084d00000, 0x0000000084d00000| Untracked 
|  78|0x0000000084e00000, 0x0000000084f00000, 0x0000000084f00000|100%| O|  |TAMS 0x0000000084e00000, 0x0000000084e00000| Untracked 
|  79|0x0000000084f00000, 0x0000000085000000, 0x0000000085000000|100%| O|  |TAMS 0x0000000084f00000, 0x0000000084f00000| Untracked 
|  80|0x0000000085000000, 0x0000000085100000, 0x0000000085100000|100%| O|  |TAMS 0x0000000085000000, 0x0000000085000000| Untracked 
|  81|0x0000000085100000, 0x0000000085200000, 0x0000000085200000|100%| O|  |TAMS 0x0000000085100000, 0x0000000085100000| Untracked 
|  82|0x0000000085200000, 0x0000000085300000, 0x0000000085300000|100%| O|  |TAMS 0x0000000085200000, 0x0000000085200000| Untracked 
|  83|0x0000000085300000, 0x0000000085400000, 0x0000000085400000|100%| O|  |TAMS 0x0000000085300000, 0x0000000085300000| Untracked 
|  84|0x0000000085400000, 0x0000000085500000, 0x0000000085500000|100%| O|  |TAMS 0x0000000085400000, 0x0000000085400000| Untracked 
|  85|0x0000000085500000, 0x0000000085600000, 0x0000000085600000|100%| O|  |TAMS 0x0000000085500000, 0x0000000085500000| Untracked 
|  86|0x0000000085600000, 0x0000000085700000, 0x0000000085700000|100%| O|  |TAMS 0x0000000085600000, 0x0000000085600000| Untracked 
|  87|0x0000000085700000, 0x0000000085800000, 0x0000000085800000|100%| O|  |TAMS 0x0000000085700000, 0x0000000085700000| Untracked 
|  88|0x0000000085800000, 0x0000000085900000, 0x0000000085900000|100%| O|  |TAMS 0x0000000085800000, 0x0000000085800000| Untracked 
|  89|0x0000000085900000, 0x0000000085900000, 0x0000000085a00000|  0%| F|  |TAMS 0x0000000085900000, 0x0000000085900000| Untracked 
|  90|0x0000000085a00000, 0x0000000085a00000, 0x0000000085b00000|  0%| F|  |TAMS 0x0000000085a00000, 0x0000000085a00000| Untracked 
|  91|0x0000000085b00000, 0x0000000085b00000, 0x0000000085c00000|  0%| F|  |TAMS 0x0000000085b00000, 0x0000000085b00000| Untracked 
|  92|0x0000000085c00000, 0x0000000085c00000, 0x0000000085d00000|  0%| F|  |TAMS 0x0000000085c00000, 0x0000000085c00000| Untracked 
|  93|0x0000000085d00000, 0x0000000085d00000, 0x0000000085e00000|  0%| F|  |TAMS 0x0000000085d00000, 0x0000000085d00000| Untracked 
|  94|0x0000000085e00000, 0x0000000085f00000, 0x0000000085f00000|100%| O|  |TAMS 0x0000000085e00000, 0x0000000085e00000| Untracked 
|  95|0x0000000085f00000, 0x0000000086000000, 0x0000000086000000|100%| O|  |TAMS 0x0000000085f00000, 0x0000000085f00000| Untracked 
|  96|0x0000000086000000, 0x0000000086100000, 0x0000000086100000|100%| O|  |TAMS 0x0000000086000000, 0x0000000086000000| Untracked 
|  97|0x0000000086100000, 0x0000000086200000, 0x0000000086200000|100%| O|  |TAMS 0x0000000086100000, 0x0000000086100000| Untracked 
|  98|0x0000000086200000, 0x0000000086300000, 0x0000000086300000|100%| O|  |TAMS 0x0000000086200000, 0x0000000086200000| Untracked 
|  99|0x0000000086300000, 0x0000000086400000, 0x0000000086400000|100%| O|  |TAMS 0x0000000086300000, 0x0000000086300000| Untracked 
| 100|0x0000000086400000, 0x0000000086400000, 0x0000000086500000|  0%| F|  |TAMS 0x0000000086400000, 0x0000000086400000| Untracked 
| 101|0x0000000086500000, 0x0000000086500000, 0x0000000086600000|  0%| F|  |TAMS 0x0000000086500000, 0x0000000086500000| Untracked 
| 102|0x0000000086600000, 0x0000000086600000, 0x0000000086700000|  0%| F|  |TAMS 0x0000000086600000, 0x0000000086600000| Untracked 
| 103|0x0000000086700000, 0x0000000086700000, 0x0000000086800000|  0%| F|  |TAMS 0x0000000086700000, 0x0000000086700000| Untracked 
| 104|0x0000000086800000, 0x0000000086800000, 0x0000000086900000|  0%| F|  |TAMS 0x0000000086800000, 0x0000000086800000| Untracked 
| 105|0x0000000086900000, 0x0000000086900000, 0x0000000086a00000|  0%| F|  |TAMS 0x0000000086900000, 0x0000000086900000| Untracked 
| 106|0x0000000086a00000, 0x0000000086a00000, 0x0000000086b00000|  0%| F|  |TAMS 0x0000000086a00000, 0x0000000086a00000| Untracked 
| 107|0x0000000086b00000, 0x0000000086b00000, 0x0000000086c00000|  0%| F|  |TAMS 0x0000000086b00000, 0x0000000086b00000| Untracked 
| 108|0x0000000086c00000, 0x0000000086c00000, 0x0000000086d00000|  0%| F|  |TAMS 0x0000000086c00000, 0x0000000086c00000| Untracked 
| 109|0x0000000086d00000, 0x0000000086d00000, 0x0000000086e00000|  0%| F|  |TAMS 0x0000000086d00000, 0x0000000086d00000| Untracked 
| 110|0x0000000086e00000, 0x0000000086e00000, 0x0000000086f00000|  0%| F|  |TAMS 0x0000000086e00000, 0x0000000086e00000| Untracked 
| 111|0x0000000086f00000, 0x0000000086f00000, 0x0000000087000000|  0%| F|  |TAMS 0x0000000086f00000, 0x0000000086f00000| Untracked 
| 112|0x0000000087000000, 0x0000000087000000, 0x0000000087100000|  0%| F|  |TAMS 0x0000000087000000, 0x0000000087000000| Untracked 
| 113|0x0000000087100000, 0x0000000087100000, 0x0000000087200000|  0%| F|  |TAMS 0x0000000087100000, 0x0000000087100000| Untracked 
| 114|0x0000000087200000, 0x0000000087200000, 0x0000000087300000|  0%| F|  |TAMS 0x0000000087200000, 0x0000000087200000| Untracked 
| 115|0x0000000087300000, 0x0000000087300000, 0x0000000087400000|  0%| F|  |TAMS 0x0000000087300000, 0x0000000087300000| Untracked 
| 116|0x0000000087400000, 0x0000000087400000, 0x0000000087500000|  0%| F|  |TAMS 0x0000000087400000, 0x0000000087400000| Untracked 
| 117|0x0000000087500000, 0x0000000087500000, 0x0000000087600000|  0%| F|  |TAMS 0x0000000087500000, 0x0000000087500000| Untracked 
| 118|0x0000000087600000, 0x0000000087600000, 0x0000000087700000|  0%| F|  |TAMS 0x0000000087600000, 0x0000000087600000| Untracked 
| 119|0x0000000087700000, 0x0000000087700000, 0x0000000087800000|  0%| F|  |TAMS 0x0000000087700000, 0x0000000087700000| Untracked 
| 120|0x0000000087800000, 0x0000000087800000, 0x0000000087900000|  0%| F|  |TAMS 0x0000000087800000, 0x0000000087800000| Untracked 
| 121|0x0000000087900000, 0x0000000087900000, 0x0000000087a00000|  0%| F|  |TAMS 0x0000000087900000, 0x0000000087900000| Untracked 
| 122|0x0000000087a00000, 0x0000000087a00000, 0x0000000087b00000|  0%| F|  |TAMS 0x0000000087a00000, 0x0000000087a00000| Untracked 
| 123|0x0000000087b00000, 0x0000000087b00000, 0x0000000087c00000|  0%| F|  |TAMS 0x0000000087b00000, 0x0000000087b00000| Untracked 
| 124|0x0000000087c00000, 0x0000000087c00000, 0x0000000087d00000|  0%| F|  |TAMS 0x0000000087c00000, 0x0000000087c00000| Untracked 
| 125|0x0000000087d00000, 0x0000000087d00000, 0x0000000087e00000|  0%| F|  |TAMS 0x0000000087d00000, 0x0000000087d00000| Untracked 
| 126|0x0000000087e00000, 0x0000000087e00000, 0x0000000087f00000|  0%| F|  |TAMS 0x0000000087e00000, 0x0000000087e00000| Untracked 
| 127|0x0000000087f00000, 0x0000000087f00000, 0x0000000088000000|  0%| F|  |TAMS 0x0000000087f00000, 0x0000000087f00000| Untracked 
| 128|0x0000000088000000, 0x0000000088000000, 0x0000000088100000|  0%| F|  |TAMS 0x0000000088000000, 0x0000000088000000| Untracked 
| 129|0x0000000088100000, 0x0000000088100000, 0x0000000088200000|  0%| F|  |TAMS 0x0000000088100000, 0x0000000088100000| Untracked 
| 130|0x0000000088200000, 0x0000000088200000, 0x0000000088300000|  0%| F|  |TAMS 0x0000000088200000, 0x0000000088200000| Untracked 
| 131|0x0000000088300000, 0x0000000088300000, 0x0000000088400000|  0%| F|  |TAMS 0x0000000088300000, 0x0000000088300000| Untracked 
| 132|0x0000000088400000, 0x0000000088400000, 0x0000000088500000|  0%| F|  |TAMS 0x0000000088400000, 0x0000000088400000| Untracked 
| 133|0x0000000088500000, 0x0000000088500000, 0x0000000088600000|  0%| F|  |TAMS 0x0000000088500000, 0x0000000088500000| Untracked 
| 134|0x0000000088600000, 0x0000000088600000, 0x0000000088700000|  0%| F|  |TAMS 0x0000000088600000, 0x0000000088600000| Untracked 
| 135|0x0000000088700000, 0x0000000088789600, 0x0000000088800000| 53%| S|CS|TAMS 0x0000000088700000, 0x0000000088700000| Complete 
| 136|0x0000000088800000, 0x0000000088900000, 0x0000000088900000|100%| S|CS|TAMS 0x0000000088800000, 0x0000000088800000| Complete 
| 137|0x0000000088900000, 0x0000000088900000, 0x0000000088a00000|  0%| F|  |TAMS 0x0000000088900000, 0x0000000088900000| Untracked 
| 138|0x0000000088a00000, 0x0000000088a00000, 0x0000000088b00000|  0%| F|  |TAMS 0x0000000088a00000, 0x0000000088a00000| Untracked 
| 139|0x0000000088b00000, 0x0000000088b00000, 0x0000000088c00000|  0%| F|  |TAMS 0x0000000088b00000, 0x0000000088b00000| Untracked 
| 140|0x0000000088c00000, 0x0000000088d00000, 0x0000000088d00000|100%| S|CS|TAMS 0x0000000088c00000, 0x0000000088c00000| Complete 
| 141|0x0000000088d00000, 0x0000000088e00000, 0x0000000088e00000|100%| S|CS|TAMS 0x0000000088d00000, 0x0000000088d00000| Complete 
| 142|0x0000000088e00000, 0x0000000088f00000, 0x0000000088f00000|100%| S|CS|TAMS 0x0000000088e00000, 0x0000000088e00000| Complete 
| 143|0x0000000088f00000, 0x0000000089000000, 0x0000000089000000|100%| S|CS|TAMS 0x0000000088f00000, 0x0000000088f00000| Complete 
| 144|0x0000000089000000, 0x0000000089000000, 0x0000000089100000|  0%| F|  |TAMS 0x0000000089000000, 0x0000000089000000| Untracked 
| 145|0x0000000089100000, 0x0000000089100000, 0x0000000089200000|  0%| F|  |TAMS 0x0000000089100000, 0x0000000089100000| Untracked 
| 146|0x0000000089200000, 0x0000000089200000, 0x0000000089300000|  0%| F|  |TAMS 0x0000000089200000, 0x0000000089200000| Untracked 
| 147|0x0000000089300000, 0x0000000089300000, 0x0000000089400000|  0%| F|  |TAMS 0x0000000089300000, 0x0000000089300000| Untracked 
| 148|0x0000000089400000, 0x0000000089400000, 0x0000000089500000|  0%| F|  |TAMS 0x0000000089400000, 0x0000000089400000| Untracked 
| 149|0x0000000089500000, 0x0000000089500000, 0x0000000089600000|  0%| F|  |TAMS 0x0000000089500000, 0x0000000089500000| Untracked 
| 150|0x0000000089600000, 0x0000000089600000, 0x0000000089700000|  0%| F|  |TAMS 0x0000000089600000, 0x0000000089600000| Untracked 
| 151|0x0000000089700000, 0x0000000089700000, 0x0000000089800000|  0%| F|  |TAMS 0x0000000089700000, 0x0000000089700000| Untracked 
| 152|0x0000000089800000, 0x0000000089800000, 0x0000000089900000|  0%| F|  |TAMS 0x0000000089800000, 0x0000000089800000| Untracked 
| 153|0x0000000089900000, 0x0000000089900000, 0x0000000089a00000|  0%| F|  |TAMS 0x0000000089900000, 0x0000000089900000| Untracked 
| 154|0x0000000089a00000, 0x0000000089a00000, 0x0000000089b00000|  0%| F|  |TAMS 0x0000000089a00000, 0x0000000089a00000| Untracked 
| 155|0x0000000089b00000, 0x0000000089b00000, 0x0000000089c00000|  0%| F|  |TAMS 0x0000000089b00000, 0x0000000089b00000| Untracked 
| 156|0x0000000089c00000, 0x0000000089c00000, 0x0000000089d00000|  0%| F|  |TAMS 0x0000000089c00000, 0x0000000089c00000| Untracked 
| 157|0x0000000089d00000, 0x0000000089d00000, 0x0000000089e00000|  0%| F|  |TAMS 0x0000000089d00000, 0x0000000089d00000| Untracked 
| 158|0x0000000089e00000, 0x0000000089e00000, 0x0000000089f00000|  0%| F|  |TAMS 0x0000000089e00000, 0x0000000089e00000| Untracked 
| 159|0x0000000089f00000, 0x0000000089f00000, 0x000000008a000000|  0%| F|  |TAMS 0x0000000089f00000, 0x0000000089f00000| Untracked 
| 160|0x000000008a000000, 0x000000008a000000, 0x000000008a100000|  0%| F|  |TAMS 0x000000008a000000, 0x000000008a000000| Untracked 
| 161|0x000000008a100000, 0x000000008a100000, 0x000000008a200000|  0%| F|  |TAMS 0x000000008a100000, 0x000000008a100000| Untracked 
| 162|0x000000008a200000, 0x000000008a200000, 0x000000008a300000|  0%| F|  |TAMS 0x000000008a200000, 0x000000008a200000| Untracked 
| 163|0x000000008a300000, 0x000000008a300000, 0x000000008a400000|  0%| F|  |TAMS 0x000000008a300000, 0x000000008a300000| Untracked 
| 164|0x000000008a400000, 0x000000008a400000, 0x000000008a500000|  0%| F|  |TAMS 0x000000008a400000, 0x000000008a400000| Untracked 
| 165|0x000000008a500000, 0x000000008a500000, 0x000000008a600000|  0%| F|  |TAMS 0x000000008a500000, 0x000000008a500000| Untracked 
| 166|0x000000008a600000, 0x000000008a600000, 0x000000008a700000|  0%| F|  |TAMS 0x000000008a600000, 0x000000008a600000| Untracked 
| 167|0x000000008a700000, 0x000000008a700000, 0x000000008a800000|  0%| F|  |TAMS 0x000000008a700000, 0x000000008a700000| Untracked 
| 168|0x000000008a800000, 0x000000008a800000, 0x000000008a900000|  0%| F|  |TAMS 0x000000008a800000, 0x000000008a800000| Untracked 
| 169|0x000000008a900000, 0x000000008a900000, 0x000000008aa00000|  0%| F|  |TAMS 0x000000008a900000, 0x000000008a900000| Untracked 
| 170|0x000000008aa00000, 0x000000008aa00000, 0x000000008ab00000|  0%| F|  |TAMS 0x000000008aa00000, 0x000000008aa00000| Untracked 
| 171|0x000000008ab00000, 0x000000008ab00000, 0x000000008ac00000|  0%| F|  |TAMS 0x000000008ab00000, 0x000000008ab00000| Untracked 
| 172|0x000000008ac00000, 0x000000008ac00000, 0x000000008ad00000|  0%| F|  |TAMS 0x000000008ac00000, 0x000000008ac00000| Untracked 
| 173|0x000000008ad00000, 0x000000008ad00000, 0x000000008ae00000|  0%| F|  |TAMS 0x000000008ad00000, 0x000000008ad00000| Untracked 
| 174|0x000000008ae00000, 0x000000008ae00000, 0x000000008af00000|  0%| F|  |TAMS 0x000000008ae00000, 0x000000008ae00000| Untracked 
| 175|0x000000008af00000, 0x000000008af00000, 0x000000008b000000|  0%| F|  |TAMS 0x000000008af00000, 0x000000008af00000| Untracked 
| 176|0x000000008b000000, 0x000000008b000000, 0x000000008b100000|  0%| F|  |TAMS 0x000000008b000000, 0x000000008b000000| Untracked 
| 177|0x000000008b100000, 0x000000008b100000, 0x000000008b200000|  0%| F|  |TAMS 0x000000008b100000, 0x000000008b100000| Untracked 
| 178|0x000000008b200000, 0x000000008b200000, 0x000000008b300000|  0%| F|  |TAMS 0x000000008b200000, 0x000000008b200000| Untracked 
| 179|0x000000008b300000, 0x000000008b300000, 0x000000008b400000|  0%| F|  |TAMS 0x000000008b300000, 0x000000008b300000| Untracked 
| 180|0x000000008b400000, 0x000000008b400000, 0x000000008b500000|  0%| F|  |TAMS 0x000000008b400000, 0x000000008b400000| Untracked 
| 181|0x000000008b500000, 0x000000008b500000, 0x000000008b600000|  0%| F|  |TAMS 0x000000008b500000, 0x000000008b500000| Untracked 
| 182|0x000000008b600000, 0x000000008b600000, 0x000000008b700000|  0%| F|  |TAMS 0x000000008b600000, 0x000000008b600000| Untracked 
| 183|0x000000008b700000, 0x000000008b700000, 0x000000008b800000|  0%| F|  |TAMS 0x000000008b700000, 0x000000008b700000| Untracked 
| 184|0x000000008b800000, 0x000000008b800000, 0x000000008b900000|  0%| F|  |TAMS 0x000000008b800000, 0x000000008b800000| Untracked 
| 185|0x000000008b900000, 0x000000008b900000, 0x000000008ba00000|  0%| F|  |TAMS 0x000000008b900000, 0x000000008b900000| Untracked 
| 186|0x000000008ba00000, 0x000000008ba00000, 0x000000008bb00000|  0%| F|  |TAMS 0x000000008ba00000, 0x000000008ba00000| Untracked 
| 187|0x000000008bb00000, 0x000000008bb00000, 0x000000008bc00000|  0%| F|  |TAMS 0x000000008bb00000, 0x000000008bb00000| Untracked 
| 188|0x000000008bc00000, 0x000000008bc00000, 0x000000008bd00000|  0%| F|  |TAMS 0x000000008bc00000, 0x000000008bc00000| Untracked 
| 189|0x000000008bd00000, 0x000000008bd00000, 0x000000008be00000|  0%| F|  |TAMS 0x000000008bd00000, 0x000000008bd00000| Untracked 
| 190|0x000000008be00000, 0x000000008be00000, 0x000000008bf00000|  0%| F|  |TAMS 0x000000008be00000, 0x000000008be00000| Untracked 
| 191|0x000000008bf00000, 0x000000008bf00000, 0x000000008c000000|  0%| F|  |TAMS 0x000000008bf00000, 0x000000008bf00000| Untracked 
| 192|0x000000008c000000, 0x000000008c000000, 0x000000008c100000|  0%| F|  |TAMS 0x000000008c000000, 0x000000008c000000| Untracked 
| 193|0x000000008c100000, 0x000000008c100000, 0x000000008c200000|  0%| F|  |TAMS 0x000000008c100000, 0x000000008c100000| Untracked 
| 194|0x000000008c200000, 0x000000008c200000, 0x000000008c300000|  0%| F|  |TAMS 0x000000008c200000, 0x000000008c200000| Untracked 
| 195|0x000000008c300000, 0x000000008c300000, 0x000000008c400000|  0%| F|  |TAMS 0x000000008c300000, 0x000000008c300000| Untracked 
| 196|0x000000008c400000, 0x000000008c400000, 0x000000008c500000|  0%| F|  |TAMS 0x000000008c400000, 0x000000008c400000| Untracked 
| 197|0x000000008c500000, 0x000000008c500000, 0x000000008c600000|  0%| F|  |TAMS 0x000000008c500000, 0x000000008c500000| Untracked 
| 198|0x000000008c600000, 0x000000008c600000, 0x000000008c700000|  0%| F|  |TAMS 0x000000008c600000, 0x000000008c600000| Untracked 
| 199|0x000000008c700000, 0x000000008c700000, 0x000000008c800000|  0%| F|  |TAMS 0x000000008c700000, 0x000000008c700000| Untracked 
| 200|0x000000008c800000, 0x000000008c800000, 0x000000008c900000|  0%| F|  |TAMS 0x000000008c800000, 0x000000008c800000| Untracked 
| 201|0x000000008c900000, 0x000000008c900000, 0x000000008ca00000|  0%| F|  |TAMS 0x000000008c900000, 0x000000008c900000| Untracked 
| 202|0x000000008ca00000, 0x000000008ca00000, 0x000000008cb00000|  0%| F|  |TAMS 0x000000008ca00000, 0x000000008ca00000| Untracked 
| 203|0x000000008cb00000, 0x000000008cb00000, 0x000000008cc00000|  0%| F|  |TAMS 0x000000008cb00000, 0x000000008cb00000| Untracked 
| 204|0x000000008cc00000, 0x000000008cc00000, 0x000000008cd00000|  0%| F|  |TAMS 0x000000008cc00000, 0x000000008cc00000| Untracked 
| 205|0x000000008cd00000, 0x000000008cd00000, 0x000000008ce00000|  0%| F|  |TAMS 0x000000008cd00000, 0x000000008cd00000| Untracked 
| 206|0x000000008ce00000, 0x000000008ce00000, 0x000000008cf00000|  0%| F|  |TAMS 0x000000008ce00000, 0x000000008ce00000| Untracked 
| 207|0x000000008cf00000, 0x000000008cf00000, 0x000000008d000000|  0%| F|  |TAMS 0x000000008cf00000, 0x000000008cf00000| Untracked 
| 208|0x000000008d000000, 0x000000008d000000, 0x000000008d100000|  0%| F|  |TAMS 0x000000008d000000, 0x000000008d000000| Untracked 
| 209|0x000000008d100000, 0x000000008d100000, 0x000000008d200000|  0%| F|  |TAMS 0x000000008d100000, 0x000000008d100000| Untracked 
| 210|0x000000008d200000, 0x000000008d200000, 0x000000008d300000|  0%| F|  |TAMS 0x000000008d200000, 0x000000008d200000| Untracked 
| 211|0x000000008d300000, 0x000000008d300000, 0x000000008d400000|  0%| F|  |TAMS 0x000000008d300000, 0x000000008d300000| Untracked 
| 212|0x000000008d400000, 0x000000008d400000, 0x000000008d500000|  0%| F|  |TAMS 0x000000008d400000, 0x000000008d400000| Untracked 
| 213|0x000000008d500000, 0x000000008d500000, 0x000000008d600000|  0%| F|  |TAMS 0x000000008d500000, 0x000000008d500000| Untracked 
| 214|0x000000008d600000, 0x000000008d600000, 0x000000008d700000|  0%| F|  |TAMS 0x000000008d600000, 0x000000008d600000| Untracked 
| 215|0x000000008d700000, 0x000000008d700000, 0x000000008d800000|  0%| F|  |TAMS 0x000000008d700000, 0x000000008d700000| Untracked 
| 216|0x000000008d800000, 0x000000008d800000, 0x000000008d900000|  0%| F|  |TAMS 0x000000008d800000, 0x000000008d800000| Untracked 
| 217|0x000000008d900000, 0x000000008d900000, 0x000000008da00000|  0%| F|  |TAMS 0x000000008d900000, 0x000000008d900000| Untracked 
| 218|0x000000008da00000, 0x000000008da00000, 0x000000008db00000|  0%| F|  |TAMS 0x000000008da00000, 0x000000008da00000| Untracked 
| 219|0x000000008db00000, 0x000000008db00000, 0x000000008dc00000|  0%| F|  |TAMS 0x000000008db00000, 0x000000008db00000| Untracked 
| 220|0x000000008dc00000, 0x000000008dc00000, 0x000000008dd00000|  0%| F|  |TAMS 0x000000008dc00000, 0x000000008dc00000| Untracked 
| 221|0x000000008dd00000, 0x000000008dd00000, 0x000000008de00000|  0%| F|  |TAMS 0x000000008dd00000, 0x000000008dd00000| Untracked 
| 222|0x000000008de00000, 0x000000008de00000, 0x000000008df00000|  0%| F|  |TAMS 0x000000008de00000, 0x000000008de00000| Untracked 
| 223|0x000000008df00000, 0x000000008df00000, 0x000000008e000000|  0%| F|  |TAMS 0x000000008df00000, 0x000000008df00000| Untracked 
| 224|0x000000008e000000, 0x000000008e000000, 0x000000008e100000|  0%| F|  |TAMS 0x000000008e000000, 0x000000008e000000| Untracked 
| 225|0x000000008e100000, 0x000000008e177470, 0x000000008e200000| 46%| E|  |TAMS 0x000000008e100000, 0x000000008e100000| Complete 
| 226|0x000000008e200000, 0x000000008e300000, 0x000000008e300000|100%| E|CS|TAMS 0x000000008e200000, 0x000000008e200000| Complete 
| 227|0x000000008e300000, 0x000000008e400000, 0x000000008e400000|100%| E|CS|TAMS 0x000000008e300000, 0x000000008e300000| Complete 
| 228|0x000000008e400000, 0x000000008e500000, 0x000000008e500000|100%| E|CS|TAMS 0x000000008e400000, 0x000000008e400000| Complete 
| 229|0x000000008e500000, 0x000000008e600000, 0x000000008e600000|100%| E|CS|TAMS 0x000000008e500000, 0x000000008e500000| Complete 
| 230|0x000000008e600000, 0x000000008e700000, 0x000000008e700000|100%| E|CS|TAMS 0x000000008e600000, 0x000000008e600000| Complete 
| 231|0x000000008e700000, 0x000000008e800000, 0x000000008e800000|100%| E|CS|TAMS 0x000000008e700000, 0x000000008e700000| Complete 
| 232|0x000000008e800000, 0x000000008e900000, 0x000000008e900000|100%| E|CS|TAMS 0x000000008e800000, 0x000000008e800000| Complete 
| 233|0x000000008e900000, 0x000000008ea00000, 0x000000008ea00000|100%| E|CS|TAMS 0x000000008e900000, 0x000000008e900000| Complete 
| 234|0x000000008ea00000, 0x000000008eb00000, 0x000000008eb00000|100%| E|CS|TAMS 0x000000008ea00000, 0x000000008ea00000| Complete 
| 235|0x000000008eb00000, 0x000000008ec00000, 0x000000008ec00000|100%| E|CS|TAMS 0x000000008eb00000, 0x000000008eb00000| Complete 
| 236|0x000000008ec00000, 0x000000008ed00000, 0x000000008ed00000|100%| E|CS|TAMS 0x000000008ec00000, 0x000000008ec00000| Complete 
| 237|0x000000008ed00000, 0x000000008ee00000, 0x000000008ee00000|100%| E|CS|TAMS 0x000000008ed00000, 0x000000008ed00000| Complete 
| 238|0x000000008ee00000, 0x000000008ef00000, 0x000000008ef00000|100%| E|CS|TAMS 0x000000008ee00000, 0x000000008ee00000| Complete 
| 239|0x000000008ef00000, 0x000000008f000000, 0x000000008f000000|100%| E|CS|TAMS 0x000000008ef00000, 0x000000008ef00000| Complete 
| 240|0x000000008f000000, 0x000000008f100000, 0x000000008f100000|100%| E|CS|TAMS 0x000000008f000000, 0x000000008f000000| Complete 
| 241|0x000000008f100000, 0x000000008f200000, 0x000000008f200000|100%| E|CS|TAMS 0x000000008f100000, 0x000000008f100000| Complete 
| 242|0x000000008f200000, 0x000000008f300000, 0x000000008f300000|100%| E|CS|TAMS 0x000000008f200000, 0x000000008f200000| Complete 
| 243|0x000000008f300000, 0x000000008f400000, 0x000000008f400000|100%| E|CS|TAMS 0x000000008f300000, 0x000000008f300000| Complete 
| 244|0x000000008f400000, 0x000000008f500000, 0x000000008f500000|100%| E|CS|TAMS 0x000000008f400000, 0x000000008f400000| Complete 
| 245|0x000000008f500000, 0x000000008f600000, 0x000000008f600000|100%| E|CS|TAMS 0x000000008f500000, 0x000000008f500000| Complete 
| 246|0x000000008f600000, 0x000000008f700000, 0x000000008f700000|100%| E|CS|TAMS 0x000000008f600000, 0x000000008f600000| Complete 
| 247|0x000000008f700000, 0x000000008f800000, 0x000000008f800000|100%| E|  |TAMS 0x000000008f700000, 0x000000008f700000| Complete 
| 248|0x000000008f800000, 0x000000008f900000, 0x000000008f900000|100%| E|CS|TAMS 0x000000008f800000, 0x000000008f800000| Complete 
| 249|0x000000008f900000, 0x000000008fa00000, 0x000000008fa00000|100%| E|CS|TAMS 0x000000008f900000, 0x000000008f900000| Complete 
| 250|0x000000008fa00000, 0x000000008fb00000, 0x000000008fb00000|100%| E|CS|TAMS 0x000000008fa00000, 0x000000008fa00000| Complete 
| 251|0x000000008fb00000, 0x000000008fc00000, 0x000000008fc00000|100%| E|CS|TAMS 0x000000008fb00000, 0x000000008fb00000| Complete 
| 252|0x000000008fc00000, 0x000000008fd00000, 0x000000008fd00000|100%| E|CS|TAMS 0x000000008fc00000, 0x000000008fc00000| Complete 
| 253|0x000000008fd00000, 0x000000008fe00000, 0x000000008fe00000|100%| E|CS|TAMS 0x000000008fd00000, 0x000000008fd00000| Complete 

Card table byte_map: [0x0000024a521a0000,0x0000024a525a0000] _byte_map_base: 0x0000024a51da0000

Marking Bits (Prev, Next): (CMBitMap*) 0x0000024a3e9fc940, (CMBitMap*) 0x0000024a3e9fc908
 Prev Bits: [0x0000024a549a0000, 0x0000024a569a0000)
 Next Bits: [0x0000024a529a0000, 0x0000024a549a0000)

Polling page: 0x0000024a3d1c0000

Metaspace:

Usage:
  Non-class:     80.42 MB capacity,    79.01 MB ( 98%) used,     1.18 MB (  1%) free+waste,   239.00 KB ( <1%) overhead. 
      Class:     11.82 MB capacity,    11.07 MB ( 94%) used,   668.66 KB (  6%) free+waste,   104.13 KB ( <1%) overhead. 
       Both:     92.24 MB capacity,    90.08 MB ( 98%) used,     1.83 MB (  2%) free+waste,   343.13 KB ( <1%) overhead. 

Virtual space:
  Non-class space:       82.00 MB reserved,      80.54 MB ( 98%) committed 
      Class space:        1.00 GB reserved,      11.82 MB (  1%) committed 
             Both:        1.08 GB reserved,      92.36 MB (  8%) committed 

Chunk freelists:
   Non-Class:  0 bytes
       Class:  0 bytes
        Both:  0 bytes

MaxMetaspaceSize: 17179869184.00 GB
CompressedClassSpaceSize: 1.00 GB

CodeHeap 'non-profiled nmethods': size=120000Kb used=8688Kb max_used=8688Kb free=111311Kb
 bounds [0x0000024a49e10000, 0x0000024a4a690000, 0x0000024a51340000]
CodeHeap 'profiled nmethods': size=120000Kb used=28995Kb max_used=28995Kb free=91004Kb
 bounds [0x0000024a428e0000, 0x0000024a44540000, 0x0000024a49e10000]
CodeHeap 'non-nmethods': size=5760Kb used=2268Kb max_used=2320Kb free=3491Kb
 bounds [0x0000024a42340000, 0x0000024a425b0000, 0x0000024a428e0000]
 total_blobs=14356 nmethods=13490 adapters=777
 compilation: enabled
              stopped_count=0, restarted_count=0
 full_count=0

Compilation events (20 events):
Event: 44.182 Thread 0x0000024a59d54000 nmethod 13971 0x0000024a4451fa10 code [0x0000024a4451fbe0, 0x0000024a4451feb8]
Event: 44.182 Thread 0x0000024a59d54000 13972       2       java.util.TreeMap$DescendingSubMap::<init> (30 bytes)
Event: 44.182 Thread 0x0000024a59d54000 nmethod 13972 0x0000024a44520010 code [0x0000024a445201e0, 0x0000024a44520398]
Event: 44.182 Thread 0x0000024a59d54000 13973       2       java.util.TreeMap$NavigableSubMap::<init> (98 bytes)
Event: 44.183 Thread 0x0000024a59d54000 nmethod 13973 0x0000024a44520490 code [0x0000024a445206c0, 0x0000024a44520ce8]
Event: 44.183 Thread 0x0000024a59d54000 13970       2       com.google.common.collect.AbstractSetMultimap::asMap (5 bytes)
Event: 44.183 Thread 0x0000024a59d54000 nmethod 13970 0x0000024a44520f90 code [0x0000024a44521140, 0x0000024a445213d8]
Event: 44.184 Thread 0x0000024a59d54000 13975       2       java.security.CodeSource::<init> (52 bytes)
Event: 44.184 Thread 0x0000024a59d54000 nmethod 13975 0x0000024a44521490 code [0x0000024a44521660, 0x0000024a44521998]
Event: 44.184 Thread 0x0000024a59d54000 13976       2       java.lang.Class$1::run (5 bytes)
Event: 44.184 Thread 0x0000024a59d54000 nmethod 13976 0x0000024a44521a90 code [0x0000024a44521c60, 0x0000024a44521e08]
Event: 44.184 Thread 0x0000024a59d54000 13978       2       org.gradle.api.internal.tasks.properties.FileParameterUtils::resolveOutputFilePropertySpecs (136 bytes)
Event: 44.185 Thread 0x0000024a59d54000 nmethod 13978 0x0000024a44521f10 code [0x0000024a44522160, 0x0000024a44522788]
Event: 44.185 Thread 0x0000024a59d54000 13977       2       org.gradle.api.internal.tasks.properties.GetOutputFilesVisitor$$Lambda$561/0x00000001009bf440::accept (14 bytes)
Event: 44.185 Thread 0x0000024a59d54000 nmethod 13977 0x0000024a44522a10 code [0x0000024a44522bc0, 0x0000024a44522d28]
Event: 44.188 Thread 0x0000024a59d54000 13979       2       java.util.HashSet::<init> (40 bytes)
Event: 44.188 Thread 0x0000024a59d54000 nmethod 13979 0x0000024a44522e10 code [0x0000024a44523020, 0x0000024a445232c8]
Event: 44.188 Thread 0x0000024a59d54000 13980       2       com.google.protobuf.LazyStringArrayList::size (10 bytes)
Event: 44.189 Thread 0x0000024a59d54000 nmethod 13980 0x0000024a44523410 code [0x0000024a445235c0, 0x0000024a445236e8]
Event: 44.192 Thread 0x0000024a59d54000 13982       2       java.io.ObjectOutputStream::<init> (99 bytes)

GC Heap History (20 events):
Event: 6.500 GC heap before
{Heap before GC invocations=4 (full 0):
 garbage-first heap   total 260096K, used 58833K [0x0000000080000000, 0x0000000100000000)
  region size 1024K, 44 young (45056K), 3 survivors (3072K)
 Metaspace       used 34943K, capacity 35677K, committed 35708K, reserved 1081344K
  class space    used 4545K, capacity 4849K, committed 4864K, reserved 1048576K
}
Event: 6.510 GC heap after
{Heap after GC invocations=5 (full 0):
 garbage-first heap   total 260096K, used 21476K [0x0000000080000000, 0x0000000100000000)
  region size 1024K, 6 young (6144K), 6 survivors (6144K)
 Metaspace       used 34943K, capacity 35677K, committed 35708K, reserved 1081344K
  class space    used 4545K, capacity 4849K, committed 4864K, reserved 1048576K
}
Event: 7.907 GC heap before
{Heap before GC invocations=6 (full 0):
 garbage-first heap   total 260096K, used 144356K [0x0000000080000000, 0x0000000100000000)
  region size 1024K, 123 young (125952K), 6 survivors (6144K)
 Metaspace       used 44178K, capacity 45249K, committed 45436K, reserved 1089536K
  class space    used 5674K, capacity 6054K, committed 6144K, reserved 1048576K
}
Event: 7.917 GC heap after
{Heap after GC invocations=7 (full 0):
 garbage-first heap   total 260096K, used 27304K [0x0000000080000000, 0x0000000100000000)
  region size 1024K, 11 young (11264K), 11 survivors (11264K)
 Metaspace       used 44178K, capacity 45249K, committed 45436K, reserved 1089536K
  class space    used 5674K, capacity 6054K, committed 6144K, reserved 1048576K
}
Event: 9.552 GC heap before
{Heap before GC invocations=7 (full 0):
 garbage-first heap   total 260096K, used 173736K [0x0000000080000000, 0x0000000100000000)
  region size 1024K, 152 young (155648K), 11 survivors (11264K)
 Metaspace       used 58420K, capacity 59822K, committed 59940K, reserved 1101824K
  class space    used 7420K, capacity 7918K, committed 7936K, reserved 1048576K
}
Event: 9.589 GC heap after
{Heap after GC invocations=8 (full 0):
 garbage-first heap   total 260096K, used 43008K [0x0000000080000000, 0x0000000100000000)
  region size 1024K, 19 young (19456K), 19 survivors (19456K)
 Metaspace       used 58420K, capacity 59822K, committed 59940K, reserved 1101824K
  class space    used 7420K, capacity 7918K, committed 7936K, reserved 1048576K
}
Event: 11.347 GC heap before
{Heap before GC invocations=9 (full 0):
 garbage-first heap   total 260096K, used 179200K [0x0000000080000000, 0x0000000100000000)
  region size 1024K, 152 young (155648K), 19 survivors (19456K)
 Metaspace       used 71344K, capacity 73028K, committed 73328K, reserved 1112064K
  class space    used 9368K, capacity 9985K, committed 10060K, reserved 1048576K
}
Event: 11.367 GC heap after
{Heap after GC invocations=10 (full 0):
 garbage-first heap   total 260096K, used 52769K [0x0000000080000000, 0x0000000100000000)
  region size 1024K, 10 young (10240K), 10 survivors (10240K)
 Metaspace       used 71344K, capacity 73028K, committed 73328K, reserved 1112064K
  class space    used 9368K, capacity 9985K, committed 10060K, reserved 1048576K
}
Event: 13.597 GC heap before
{Heap before GC invocations=10 (full 0):
 garbage-first heap   total 260096K, used 186913K [0x0000000080000000, 0x0000000100000000)
  region size 1024K, 142 young (145408K), 10 survivors (10240K)
 Metaspace       used 76681K, capacity 78559K, committed 78576K, reserved 1118208K
  class space    used 9967K, capacity 10687K, committed 10700K, reserved 1048576K
}
Event: 13.613 GC heap after
{Heap after GC invocations=11 (full 0):
 garbage-first heap   total 260096K, used 62044K [0x0000000080000000, 0x0000000100000000)
  region size 1024K, 18 young (18432K), 18 survivors (18432K)
 Metaspace       used 76681K, capacity 78559K, committed 78576K, reserved 1118208K
  class space    used 9967K, capacity 10687K, committed 10700K, reserved 1048576K
}
Event: 15.889 GC heap before
{Heap before GC invocations=11 (full 0):
 garbage-first heap   total 260096K, used 215644K [0x0000000080000000, 0x0000000100000000)
  region size 1024K, 146 young (149504K), 18 survivors (18432K)
 Metaspace       used 77945K, capacity 79893K, committed 79984K, reserved 1118208K
  class space    used 10064K, capacity 10773K, committed 10828K, reserved 1048576K
}
Event: 15.917 GC heap after
{Heap after GC invocations=12 (full 0):
 garbage-first heap   total 260096K, used 81126K [0x0000000080000000, 0x0000000100000000)
  region size 1024K, 19 young (19456K), 19 survivors (19456K)
 Metaspace       used 77945K, capacity 79893K, committed 79984K, reserved 1118208K
  class space    used 10064K, capacity 10773K, committed 10828K, reserved 1048576K
}
Event: 16.914 GC heap before
{Heap before GC invocations=12 (full 0):
 garbage-first heap   total 260096K, used 211174K [0x0000000080000000, 0x0000000100000000)
  region size 1024K, 131 young (134144K), 19 survivors (19456K)
 Metaspace       used 82722K, capacity 84649K, committed 84976K, reserved 1124352K
  class space    used 10440K, capacity 11138K, committed 11212K, reserved 1048576K
}
Event: 16.930 GC heap after
{Heap after GC invocations=13 (full 0):
 garbage-first heap   total 260096K, used 83799K [0x0000000080000000, 0x0000000100000000)
  region size 1024K, 3 young (3072K), 3 survivors (3072K)
 Metaspace       used 82722K, capacity 84649K, committed 84976K, reserved 1124352K
  class space    used 10440K, capacity 11138K, committed 11212K, reserved 1048576K
}
Event: 18.092 GC heap before
{Heap before GC invocations=13 (full 0):
 garbage-first heap   total 260096K, used 199511K [0x0000000080000000, 0x0000000100000000)
  region size 1024K, 117 young (119808K), 3 survivors (3072K)
 Metaspace       used 87080K, capacity 89137K, committed 89328K, reserved 1126400K
  class space    used 10960K, capacity 11689K, committed 11724K, reserved 1048576K
}
Event: 18.099 GC heap after
{Heap after GC invocations=14 (full 0):
 garbage-first heap   total 260096K, used 87250K [0x0000000080000000, 0x0000000100000000)
  region size 1024K, 7 young (7168K), 7 survivors (7168K)
 Metaspace       used 87080K, capacity 89137K, committed 89328K, reserved 1126400K
  class space    used 10960K, capacity 11689K, committed 11724K, reserved 1048576K
}
Event: 26.470 GC heap before
{Heap before GC invocations=14 (full 0):
 garbage-first heap   total 260096K, used 202962K [0x0000000080000000, 0x0000000100000000)
  region size 1024K, 121 young (123904K), 7 survivors (7168K)
 Metaspace       used 91628K, capacity 93872K, committed 94064K, reserved 1132544K
  class space    used 11320K, capacity 12086K, committed 12108K, reserved 1048576K
}
Event: 26.483 GC heap after
{Heap after GC invocations=15 (full 0):
 garbage-first heap   total 260096K, used 94582K [0x0000000080000000, 0x0000000100000000)
  region size 1024K, 14 young (14336K), 14 survivors (14336K)
 Metaspace       used 91628K, capacity 93872K, committed 94064K, reserved 1132544K
  class space    used 11320K, capacity 12086K, committed 12108K, reserved 1048576K
}
Event: 43.735 GC heap before
{Heap before GC invocations=15 (full 0):
 garbage-first heap   total 260096K, used 206198K [0x0000000080000000, 0x0000000100000000)
  region size 1024K, 124 young (126976K), 14 survivors (14336K)
 Metaspace       used 91912K, capacity 94182K, committed 94320K, reserved 1132544K
  class space    used 11326K, capacity 12093K, committed 12108K, reserved 1048576K
}
Event: 43.746 GC heap after
{Heap after GC invocations=16 (full 0):
 garbage-first heap   total 260096K, used 91996K [0x0000000080000000, 0x0000000100000000)
  region size 1024K, 6 young (6144K), 6 survivors (6144K)
 Metaspace       used 91912K, capacity 94182K, committed 94320K, reserved 1132544K
  class space    used 11326K, capacity 12093K, committed 12108K, reserved 1048576K
}

Deoptimization events (20 events):
Event: 29.834 Thread 0x0000024a5ada8000 DEOPT PACKING pc=0x0000024a43c0dc13 sp=0x0000005ec3dfc500
Event: 29.834 Thread 0x0000024a5ada8000 DEOPT UNPACKING pc=0x0000024a423672ce sp=0x0000005ec3dfb9e8 mode 0
Event: 29.835 Thread 0x0000024a5ada8000 DEOPT PACKING pc=0x0000024a43c0dc13 sp=0x0000005ec3dfc500
Event: 29.835 Thread 0x0000024a5ada8000 DEOPT UNPACKING pc=0x0000024a423672ce sp=0x0000005ec3dfb9e8 mode 0
Event: 43.746 Thread 0x0000024a59ec1000 Uncommon trap: trap_request=0xffffffde fr.pc=0x0000024a49f2b7ec relative=0x000000000000052c
Event: 43.746 Thread 0x0000024a59ec1000 Uncommon trap: reason=class_check action=maybe_recompile pc=0x0000024a49f2b7ec method=jdk.internal.ref.PhantomCleanable.clean()V @ 12 c2
Event: 43.746 Thread 0x0000024a59ec1000 DEOPT PACKING pc=0x0000024a49f2b7ec sp=0x0000005ec30fef80
Event: 43.746 Thread 0x0000024a59ec1000 DEOPT UNPACKING pc=0x0000024a423674af sp=0x0000005ec30fef60 mode 2
Event: 43.838 Thread 0x0000024a5c2aa000 Uncommon trap: trap_request=0xfffffff4 fr.pc=0x0000024a4a136f28 relative=0x00000000000008c8
Event: 43.838 Thread 0x0000024a5c2aa000 Uncommon trap: reason=null_check action=make_not_entrant pc=0x0000024a4a136f28 method=java.lang.ThreadLocal$ThreadLocalMap.set(Ljava/lang/ThreadLocal;Ljava/lang/Object;)V @ 36 c2
Event: 43.838 Thread 0x0000024a5c2aa000 DEOPT PACKING pc=0x0000024a4a136f28 sp=0x0000005ec41fa410
Event: 43.838 Thread 0x0000024a5c2aa000 DEOPT UNPACKING pc=0x0000024a423674af sp=0x0000005ec41fa3d0 mode 2
Event: 44.122 Thread 0x0000024a5c2aa000 DEOPT PACKING pc=0x0000024a4431a830 sp=0x0000005ec41fa2d0
Event: 44.122 Thread 0x0000024a5c2aa000 DEOPT UNPACKING pc=0x0000024a423672ce sp=0x0000005ec41f97f0 mode 0
Event: 44.122 Thread 0x0000024a5c2aa000 DEOPT PACKING pc=0x0000024a4431a830 sp=0x0000005ec41fa260
Event: 44.122 Thread 0x0000024a5c2aa000 DEOPT UNPACKING pc=0x0000024a423672ce sp=0x0000005ec41f9780 mode 0
Event: 44.133 Thread 0x0000024a5c2aa000 DEOPT PACKING pc=0x0000024a4431a830 sp=0x0000005ec41fa2c0
Event: 44.133 Thread 0x0000024a5c2aa000 DEOPT UNPACKING pc=0x0000024a423672ce sp=0x0000005ec41f97e0 mode 0
Event: 44.134 Thread 0x0000024a5c2aa000 DEOPT PACKING pc=0x0000024a4431a830 sp=0x0000005ec41fa250
Event: 44.134 Thread 0x0000024a5c2aa000 DEOPT UNPACKING pc=0x0000024a423672ce sp=0x0000005ec41f9770 mode 0

Classes redefined (0 events):
No events

Internal exceptions (20 events):
Event: 20.973 Thread 0x0000024a5c09c800 Exception <a 'java/lang/NoSuchMethodError'{0x000000008c3f11c0}: <clinit>> (0x000000008c3f11c0) thrown at [./src/hotspot/share/prims/jni.cpp, line 1362]
Event: 20.978 Thread 0x0000024a5c09c800 Exception <a 'java/lang/NoSuchMethodError'{0x000000008c201cf8}: <clinit>> (0x000000008c201cf8) thrown at [./src/hotspot/share/prims/jni.cpp, line 1362]
Event: 21.022 Thread 0x0000024a5c2aa000 Exception <a 'java/lang/NoSuchMethodError'{0x000000008c2fa020}: 'java.lang.Object java.lang.invoke.DirectMethodHandle$Holder.invokeSpecial(java.lang.Object, java.lang.Object, java.lang.Object, int, int, java.lang.Object, java.lang.Object)'> (0x000000008c2fa020) thrown at [./src/hotspot/share/interpreter/linkResolver.cpp, line 773]
Event: 21.022 Thread 0x0000024a5c2aa000 Exception <a 'java/lang/NoSuchMethodError'{0x000000008c1fe0c8}: 'java.lang.Object java.lang.invoke.DirectMethodHandle$Holder.invokeStatic(java.lang.Object, java.lang.Object, java.lang.Object, int, int, java.lang.Object)'> (0x000000008c1fe0c8) thrown at [./src/hotspot/share/interpreter/linkResolver.cpp, line 773]
Event: 21.022 Thread 0x0000024a5c2aa000 Exception <a 'java/lang/NoSuchMethodError'{0x000000008c0023b0}: 'java.lang.Object java.lang.invoke.DirectMethodHandle$Holder.invokeSpecial(java.lang.Object, java.lang.Object, java.lang.Object, java.lang.Object, int, int, java.lang.Object)'> (0x000000008c0023b0) thrown at [./src/hotspot/share/interpreter/linkResolver.cpp, line 773]
Event: 21.023 Thread 0x0000024a5c2aa000 Exception <a 'java/lang/NoSuchMethodError'{0x000000008c0058d0}: 'java.lang.Object java.lang.invoke.Invokers$Holder.linkToTargetMethod(java.lang.Object, java.lang.Object, int, int, java.lang.Object, java.lang.Object)'> (0x000000008c0058d0) thrown at [./src/hotspot/share/interpreter/linkResolver.cpp, line 773]
Event: 21.133 Thread 0x0000024a5ada8000 Exception <a 'java/lang/NoSuchMethodError'{0x000000008b5af7e8}: <clinit>> (0x000000008b5af7e8) thrown at [./src/hotspot/share/prims/jni.cpp, line 1362]
Event: 21.133 Thread 0x0000024a5ada8000 Exception <a 'java/lang/NoSuchMethodError'{0x000000008b401d28}: <clinit>> (0x000000008b401d28) thrown at [./src/hotspot/share/prims/jni.cpp, line 1362]
Event: 21.133 Thread 0x0000024a5ada8000 Exception <a 'java/lang/NoSuchMethodError'{0x000000008b403410}: <clinit>> (0x000000008b403410) thrown at [./src/hotspot/share/prims/jni.cpp, line 1362]
Event: 21.134 Thread 0x0000024a5ada8000 Exception <a 'java/lang/NoSuchMethodError'{0x000000008b415540}: <clinit>> (0x000000008b415540) thrown at [./src/hotspot/share/prims/jni.cpp, line 1362]
Event: 21.135 Thread 0x0000024a5ada8000 Exception <a 'java/lang/NoSuchMethodError'{0x000000008b421690}: <clinit>> (0x000000008b421690) thrown at [./src/hotspot/share/prims/jni.cpp, line 1362]
Event: 21.142 Thread 0x0000024a5ada8000 Exception <a 'java/lang/NoSuchMethodError'{0x000000008b475540}: <clinit>> (0x000000008b475540) thrown at [./src/hotspot/share/prims/jni.cpp, line 1362]
Event: 21.144 Thread 0x0000024a5ada8000 Exception <a 'java/lang/NoSuchMethodError'{0x000000008b48f5c8}: <clinit>> (0x000000008b48f5c8) thrown at [./src/hotspot/share/prims/jni.cpp, line 1362]
Event: 21.145 Thread 0x0000024a5ada8000 Exception <a 'java/lang/NoSuchMethodError'{0x000000008b49df30}: <clinit>> (0x000000008b49df30) thrown at [./src/hotspot/share/prims/jni.cpp, line 1362]
Event: 25.817 Thread 0x0000024a5c2aa000 Implicit null exception at 0x0000024a4a53243f to 0x0000024a4a532dd8
Event: 26.236 Thread 0x0000024a5c2aa000 Exception <a 'sun/nio/fs/WindowsException'{0x000000008984d7f0}> (0x000000008984d7f0) thrown at [./src/hotspot/share/prims/jni.cpp, line 615]
Event: 29.747 Thread 0x0000024a63c90800 Exception <a 'java/io/IOException'{0x000000008a69b3d8}> (0x000000008a69b3d8) thrown at [./src/hotspot/share/prims/jni.cpp, line 615]
Event: 29.763 Thread 0x0000024a5c2aa000 Implicit null exception at 0x0000024a4a0cdf9f to 0x0000024a4a0ce0f6
Event: 43.838 Thread 0x0000024a5c2aa000 Implicit null exception at 0x0000024a4a136704 to 0x0000024a4a136f12
Event: 44.119 Thread 0x0000024a5c2aa000 Exception <a 'sun/nio/fs/WindowsException'{0x000000008e9663b8}> (0x000000008e9663b8) thrown at [./src/hotspot/share/prims/jni.cpp, line 615]

Events (20 events):
Event: 43.683 Thread 0x0000024a63c94800 Thread added: 0x0000024a63c94800
Event: 43.713 Thread 0x0000024a63c98800 Thread added: 0x0000024a63c98800
Event: 43.735 Executing VM operation: G1CollectForAllocation
Event: 43.746 Executing VM operation: G1CollectForAllocation done
Event: 43.839 Thread 0x0000024a63c95000 Thread added: 0x0000024a63c95000
Event: 43.840 Thread 0x0000024a63c96000 Thread added: 0x0000024a63c96000
Event: 43.840 Thread 0x0000024a63c99000 Thread added: 0x0000024a63c99000
Event: 43.840 Thread 0x0000024a63c97000 Thread added: 0x0000024a63c97000
Event: 43.841 Thread 0x0000024a63c97800 Thread added: 0x0000024a63c97800
Event: 43.841 Thread 0x0000024a63c93800 Thread added: 0x0000024a63c93800
Event: 43.841 Thread 0x0000024a63c9a000 Thread added: 0x0000024a63c9a000
Event: 43.842 Thread 0x0000024a63c9b000 Thread added: 0x0000024a63c9b000
Event: 43.849 loading class org/gradle/cache/internal/btree/FileBackedBlockStore$1
Event: 43.849 loading class org/gradle/cache/internal/btree/FileBackedBlockStore$1 done
Event: 43.849 Executing VM operation: RevokeBias
Event: 43.855 Executing VM operation: RevokeBias done
Event: 43.855 Executing VM operation: RevokeBias
Event: 43.855 Executing VM operation: RevokeBias done
Event: 43.877 Thread 0x0000024a60f38800 Thread added: 0x0000024a60f38800
Event: 44.188 Thread 0x0000024a5adca800 Thread added: 0x0000024a5adca800


Dynamic libraries:
0x00007ff76ff40000 - 0x00007ff76ff4a000 	C:\Program Files\Android\Android Studio\jre\bin\java.exe
0x00007ffb08610000 - 0x00007ffb08805000 	C:\WINDOWS\SYSTEM32\ntdll.dll
0x00007ffb070f0000 - 0x00007ffb071ad000 	C:\WINDOWS\System32\KERNEL32.DLL
0x00007ffb06150000 - 0x00007ffb06418000 	C:\WINDOWS\System32\KERNELBASE.dll
0x00007ffb05e30000 - 0x00007ffb05f30000 	C:\WINDOWS\System32\ucrtbase.dll
0x00007ffaf4100000 - 0x00007ffaf4117000 	C:\Program Files\Android\Android Studio\jre\bin\VCRUNTIME140.dll
0x00007ffaf0590000 - 0x00007ffaf05a9000 	C:\Program Files\Android\Android Studio\jre\bin\jli.dll
0x00007ffb06890000 - 0x00007ffb06a30000 	C:\WINDOWS\System32\USER32.dll
0x00007ffb05f30000 - 0x00007ffb05f52000 	C:\WINDOWS\System32\win32u.dll
0x00007ffb07530000 - 0x00007ffb0755a000 	C:\WINDOWS\System32\GDI32.dll
0x00007ffb05f60000 - 0x00007ffb0606b000 	C:\WINDOWS\System32\gdi32full.dll
0x00007ffaf2b90000 - 0x00007ffaf2e2a000 	C:\WINDOWS\WinSxS\amd64_microsoft.windows.common-controls_6595b64144ccf1df_6.0.19041.844_none_ca00b6081b84eb1d\COMCTL32.dll
0x00007ffb06420000 - 0x00007ffb064bd000 	C:\WINDOWS\System32\msvcp_win.dll
0x00007ffb08530000 - 0x00007ffb085ce000 	C:\WINDOWS\System32\msvcrt.dll
0x00007ffb06e60000 - 0x00007ffb06e90000 	C:\WINDOWS\System32\IMM32.DLL
0x00007ffacd700000 - 0x00007ffacd79d000 	C:\Program Files\Android\Android Studio\jre\bin\msvcp140.dll
0x00007ffab8950000 - 0x00007ffab940c000 	C:\Program Files\Android\Android Studio\jre\bin\server\jvm.dll
0x00007ffb06e90000 - 0x00007ffb06f3c000 	C:\WINDOWS\System32\ADVAPI32.dll
0x00007ffb073f0000 - 0x00007ffb0748b000 	C:\WINDOWS\System32\sechost.dll
0x00007ffb07570000 - 0x00007ffb0769b000 	C:\WINDOWS\System32\RPCRT4.dll
0x00007ffb06880000 - 0x00007ffb06888000 	C:\WINDOWS\System32\PSAPI.DLL
0x00007ffaefc90000 - 0x00007ffaefc99000 	C:\WINDOWS\SYSTEM32\WSOCK32.dll
0x00007ffaf3970000 - 0x00007ffaf3997000 	C:\WINDOWS\SYSTEM32\WINMM.dll
0x00007ffafd320000 - 0x00007ffafd32a000 	C:\WINDOWS\SYSTEM32\VERSION.dll
0x00007ffb06a30000 - 0x00007ffb06a9b000 	C:\WINDOWS\System32\WS2_32.dll
0x00007ffb04670000 - 0x00007ffb04682000 	C:\WINDOWS\SYSTEM32\kernel.appcore.dll
0x00007ffae44d0000 - 0x00007ffae44e1000 	C:\Program Files\Android\Android Studio\jre\bin\verify.dll
0x00007ffb03890000 - 0x00007ffb03a74000 	C:\WINDOWS\SYSTEM32\DBGHELP.DLL
0x00007ffaedca0000 - 0x00007ffaedccc000 	C:\WINDOWS\SYSTEM32\dbgcore.DLL
0x00007ffb05db0000 - 0x00007ffb05e30000 	C:\WINDOWS\System32\bcryptPrimitives.dll
0x00007ffae1020000 - 0x00007ffae1049000 	C:\Program Files\Android\Android Studio\jre\bin\java.dll
0x00007ffaffa40000 - 0x00007ffaffa4b000 	C:\Program Files\Android\Android Studio\jre\bin\jimage.dll
0x00007ffae44b0000 - 0x00007ffae44c8000 	C:\Program Files\Android\Android Studio\jre\bin\zip.dll
0x00007ffb07c50000 - 0x00007ffb08392000 	C:\WINDOWS\System32\SHELL32.dll
0x00007ffb03a80000 - 0x00007ffb04211000 	C:\WINDOWS\SYSTEM32\windows.storage.dll
0x00007ffb06b00000 - 0x00007ffb06e55000 	C:\WINDOWS\System32\combase.dll
0x00007ffb057c0000 - 0x00007ffb057ec000 	C:\WINDOWS\SYSTEM32\Wldp.dll
0x00007ffb072e0000 - 0x00007ffb0738e000 	C:\WINDOWS\System32\SHCORE.dll
0x00007ffb06820000 - 0x00007ffb06875000 	C:\WINDOWS\System32\shlwapi.dll
0x00007ffb05c90000 - 0x00007ffb05caf000 	C:\WINDOWS\SYSTEM32\profapi.dll
0x00007ffae2c40000 - 0x00007ffae2c5a000 	C:\Program Files\Android\Android Studio\jre\bin\net.dll
0x00007ffb04250000 - 0x00007ffb0435b000 	C:\WINDOWS\SYSTEM32\WINHTTP.dll
0x00007ffb05530000 - 0x00007ffb0559a000 	C:\WINDOWS\system32\mswsock.dll
0x00007ffae12c0000 - 0x00007ffae12d4000 	C:\Program Files\Android\Android Studio\jre\bin\nio.dll
0x00007ffb022c0000 - 0x00007ffb022e7000 	C:\Users\좤좙썭얪\.gradle\native\fdc75f09e3144964f2cf3f50f0aa648679c211496f362492102eb8c894070792\windows-amd64\native-platform.dll
0x00007ffab2320000 - 0x00007ffab24b6000 	C:\Users\좤좙썭얪\.gradle\native\12488b8bf47d2d4c9fbf2f6322a914ad602e24e48041cd04a747c6da556b65c4\windows-amd64\native-platform-file-events.dll
0x00007ffafe000000 - 0x00007ffafe00a000 	C:\Program Files\Android\Android Studio\jre\bin\management.dll
0x00007ffafc0f0000 - 0x00007ffafc0fc000 	C:\Program Files\Android\Android Studio\jre\bin\management_ext.dll
0x00007ffb05700000 - 0x00007ffb05718000 	C:\WINDOWS\SYSTEM32\CRYPTSP.dll
0x00007ffb04e60000 - 0x00007ffb04e94000 	C:\WINDOWS\system32\rsaenh.dll
0x00007ffb06120000 - 0x00007ffb06147000 	C:\WINDOWS\System32\bcrypt.dll
0x00007ffb05c50000 - 0x00007ffb05c7e000 	C:\WINDOWS\SYSTEM32\USERENV.dll
0x00007ffb05720000 - 0x00007ffb0572c000 	C:\WINDOWS\SYSTEM32\CRYPTBASE.dll
0x00007ffb051d0000 - 0x00007ffb0520b000 	C:\WINDOWS\SYSTEM32\IPHLPAPI.DLL
0x00007ffb07520000 - 0x00007ffb07528000 	C:\WINDOWS\System32\NSI.dll
0x00007ffafdb50000 - 0x00007ffafdb67000 	C:\WINDOWS\SYSTEM32\dhcpcsvc6.DLL
0x00007ffafea10000 - 0x00007ffafea2d000 	C:\WINDOWS\SYSTEM32\dhcpcsvc.DLL
0x00007ffb05210000 - 0x00007ffb052dc000 	C:\WINDOWS\SYSTEM32\DNSAPI.dll
0x00007ffb00140000 - 0x00007ffb0014b000 	C:\WINDOWS\SYSTEM32\WINNSI.DLL

dbghelp: loaded successfully - version: 4.0.5 - missing functions: none
symbol engine: initialized successfully - sym options: 0x614 - pdb path: .;C:\Program Files\Android\Android Studio\jre\bin;C:\WINDOWS\SYSTEM32;C:\WINDOWS\WinSxS\amd64_microsoft.windows.common-controls_6595b64144ccf1df_6.0.19041.844_none_ca00b6081b84eb1d;C:\Program Files\Android\Android Studio\jre\bin\server;C:\Users\좤좙썭얪\.gradle\native\fdc75f09e3144964f2cf3f50f0aa648679c211496f362492102eb8c894070792\windows-a;C:\Users\좤좙썭얪\.gradle\native\fdc75f09e3144964f2cf3f50f0aa648679c211496f362492102eb8c894070792\windows-amd64;C:\Users\좤좙썭얪\.gradle\native\12488b8bf47d2d4c9fbf2f6322a914ad602e24e48041cd04a747c6da556b65c4\w;C:\Users\좤좙썭얪\.gradle\native\12488b8bf47d2d4c9fbf2f6322a914ad602e24e48041cd04a747c6da556b65;C:\Users\좤좙썭얪\.gradle\native\12488b8bf47d2d4c9fbf2f6322a914ad602e24e48041cd04a747c6da55;C:\Users\좤좙썭얪\.gradle\native\12488b8bf47d2d4c9fbf2f6322a914ad602e24e48041cd04a747c6

VM Arguments:
jvm_args: --add-opens=java.base/java.util=ALL-UNNAMED --add-opens=java.base/java.lang=ALL-UNNAMED --add-opens=java.base/java.lang.invoke=ALL-UNNAMED --add-opens=java.prefs/java.util.prefs=ALL-UNNAMED -Xmx2048m -Dfile.encoding=UTF-8 -Duser.country=KR -Duser.language=ko -Duser.variant 
java_command: org.gradle.launcher.daemon.bootstrap.GradleDaemon 6.7.1
java_class_path (initial): C:\Users\좤좙썭얪\.gradle\wrapper\dists\gradle-6.7.1-bin\bwlcbys1h7rz3272sye1xwiv6\gradle-6.7.1\lib\gradle-launcher-6.7.1.jar
Launcher Type: SUN_STANDARD

[Global flags]
     intx CICompilerCount                          = 4                                         {product} {ergonomic}
     uint ConcGCThreads                            = 2                                         {product} {ergonomic}
     uint G1ConcRefinementThreads                  = 8                                         {product} {ergonomic}
   size_t G1HeapRegionSize                         = 1048576                                   {product} {ergonomic}
    uintx GCDrainStackTargetSize                   = 64                                        {product} {ergonomic}
   size_t InitialHeapSize                          = 266338304                                 {product} {ergonomic}
   size_t MarkStackSize                            = 4194304                                   {product} {ergonomic}
   size_t MaxHeapSize                              = 2147483648                                {product} {command line}
   size_t MaxNewSize                               = 1287651328                                {product} {ergonomic}
   size_t MinHeapDeltaBytes                        = 1048576                                   {product} {ergonomic}
    uintx NonNMethodCodeHeapSize                   = 5836300                                {pd product} {ergonomic}
    uintx NonProfiledCodeHeapSize                  = 122910970                              {pd product} {ergonomic}
    uintx ProfiledCodeHeapSize                     = 122910970                              {pd product} {ergonomic}
    uintx ReservedCodeCacheSize                    = 251658240                              {pd product} {ergonomic}
     bool SegmentedCodeCache                       = true                                      {product} {ergonomic}
     bool UseCompressedClassPointers               = true                                 {lp64_product} {ergonomic}
     bool UseCompressedOops                        = true                                 {lp64_product} {ergonomic}
     bool UseG1GC                                  = true                                      {product} {ergonomic}
     bool UseLargePagesIndividualAllocation        = false                                  {pd product} {ergonomic}

Logging:
Log output configuration:
 #0: stdout all=warning uptime,level,tags
 #1: stderr all=off uptime,level,tags

Environment Variables:
JAVA_HOME=C:\Program Files\Java\jdk-11.0.2
CLASSPATH=C:\Users\좤좙썭얪\Documents\Eclipse-workspace\DataBaseSystem_BPlusTree\src;
PATH=C:\Program Files\AdoptOpenJDK\jdk-11.0.11.9-hotspot\bin;c:\;C:\;rogram Files (x86)\PuTTY\;C:\Program Files\Git\cmd;C:\Users\좤좙썭얪\AppData\Local\Programs\Python\Python39\Scripts\;C:\Users\좤좙썭얪\AppData\Local\Programs\Python\Python39\;C:\WINDOWS\system32;C:\WINDOWS;C:\WINDOWS\System32\Wbem;C:\WINDOWS\System32\WindowsPowerShell\v1.0\;C:\WINDOWS\System32\OpenSSH\;C:\WINDOWS\system32;C:\WINDOWS;C:\WINDOWS\System32\Wbem;C:\WINDOWS\System32\WindowsPowerShell\v1.0\;C:\WINDOWS\System32\OpenSSH\;C:\MinGW\bin;C:\Program Files\nodejs\;C:\Program Files\MongoDB\Server\4.4\bin;C:\anaconda;C:\anaconda\Library\mingw-w64\bin;C:\anaconda\Library\usr\bin;C:\anaconda\Library\bin;C:\anaconda\Scripts;C:\Users\좤좙썭얪\AppData\Local\Microsoft\WindowsApps;sers\좤좙썭얪\AppData\Local\GitHubDesktop\bin;%US;RPROFILE%\AppData\Local\Microsoft\WindowsApps;C:\Users\좤좙썭얪\AppData\Local\Microsoft\WindowsApps;C:\Program Files\Oracle\VirtualBox;C:\Program Files\JetBrains\PyCharm Community Edition 2020.2.2\bin;;C:\Users\좤좙썭얪\AppData\Roaming\Microsoft\Windows\Start Menu\Programs\Python 3.9;C:\Program Files\Java\jdk-13.0.2\bin;C:\windows\System32;C:\Program Files\NVIDIA GPU Computing Toolkit\CUDA\v11.2\bin;C:\Program Files\NVIDIA GPU Computing Toolkit\CUDA\v11.2\extras\CUPTI\lib64;C:\Program Files\NVIDIA GPU Computing Toolkit\CUDA\v11.2\include;C:\Users\좤좙썭얪\AppData\Roaming\npm
USERNAME=좤좙썭얪
OS=Windows_NT
PROCESSOR_IDENTIFIER=Intel64 Family 6 Model 142 Stepping 10, GenuineIntel



---------------  S Y S T E M  ---------------

OS: Windows 10 , 64 bit Build 19041 (10.0.19041.928)
OS uptime: 2 days 2:56 hours

CPU:total 8 (initial active 8) (4 cores per cpu, 2 threads per core) family 6 model 142 stepping 10, cmov, cx8, fxsr, mmx, sse, sse2, sse3, ssse3, sse4.1, sse4.2, popcnt, avx, avx2, aes, clmul, erms, 3dnowpref, lzcnt, ht, tsc, tscinvbit, bmi1, bmi2, adx, fma

Memory: 4k page, system-wide physical 16217M (3932M free)
TotalPageFile size 18265M (AvailPageFile size 8M)
current process WorkingSet (physical memory assigned to process): 532M, peak: 545M
current process commit charge ("private bytes"): 576M, peak: 585M

vm_info: OpenJDK 64-Bit Server VM (11.0.8+10-b944.6842174) for windows-amd64 JRE (11.0.8+10-b944.6842174), built on Sep 19 2020 01:11:42 by "builder" with MS VC++ 14.0 (VS2015)

END.
