#
# There is insufficient memory for the Java Runtime Environment to continue.
# Native memory allocation (malloc) failed to allocate 1020816 bytes for Chunk::new
# Possible reasons:
#   The system is out of physical RAM or swap space
#   The process is running with CompressedOops enabled, and the Java Heap may be blocking the growth of the native heap
# Possible solutions:
#   Reduce memory load on the system
#   Increase physical memory or swap space
#   Check if swap backing store is full
#   Decrease Java heap size (-Xmx/-Xms)
#   Decrease number of Java threads
#   Decrease Java thread stack sizes (-Xss)
#   Set larger code cache with -XX:ReservedCodeCacheSize=
#   JVM is running with Unscaled Compressed Oops mode in which the Java heap is
#     placed in the first 4GB address space. The Java Heap base address is the
#     maximum limit for the native heap growth. Please use -XX:HeapBaseMinAddress
#     to set the Java Heap base and to place the Java Heap above 4GB virtual address.
# This output file may be truncated or incomplete.
#
#  Out of Memory Error (./src/hotspot/share/memory/arena.cpp:197), pid=11228, tid=27440
#
# JRE version: OpenJDK Runtime Environment (11.0.8+10) (build 11.0.8+10-b944.6842174)
# Java VM: OpenJDK 64-Bit Server VM (11.0.8+10-b944.6842174, mixed mode, tiered, compressed oops, g1 gc, windows-amd64)
# No core dump will be written. Minidumps are not enabled by default on client versions of Windows
#

---------------  S U M M A R Y ------------

Command Line: --add-opens=java.base/java.util=ALL-UNNAMED --add-opens=java.base/java.lang=ALL-UNNAMED --add-opens=java.base/java.lang.invoke=ALL-UNNAMED --add-opens=java.prefs/java.util.prefs=ALL-UNNAMED -Xmx2048m -Dfile.encoding=UTF-8 -Duser.country=KR -Duser.language=ko -Duser.variant org.gradle.launcher.daemon.bootstrap.GradleDaemon 6.7.1

Host: Intel(R) Core(TM) i5-8250U CPU @ 1.60GHz, 8 cores, 15G,  Windows 10 , 64 bit Build 19041 (10.0.19041.928)
Time: Tue Jul 13 15:37:02 2021 얾홏풤 킨촺쫚 elapsed time: 785 seconds (0d 0h 13m 5s)

---------------  T H R E A D  ---------------

Current thread (0x0000015a87012000):  JavaThread "C2 CompilerThread0" daemon [_thread_in_native, id=27440, stack(0x0000003602f00000,0x0000003603000000)]


Current CompileTask:
C2: 785842 15689       4       org.apache.xerces.impl.XMLNSDocumentScannerImpl::scanStartElement (873 bytes)

Stack: [0x0000003602f00000,0x0000003603000000]
Native frames: (J=compiled Java code, j=interpreted, Vv=VM code, C=native code)
V  [jvm.dll+0x5de50a]
V  [jvm.dll+0x7122f5]
V  [jvm.dll+0x71384d]
V  [jvm.dll+0x713f03]
V  [jvm.dll+0x23e728]
V  [jvm.dll+0xb899c]
V  [jvm.dll+0xb8e9c]
V  [jvm.dll+0x35024d]
V  [jvm.dll+0x31dea3]
V  [jvm.dll+0x31d39a]
V  [jvm.dll+0x1f7702]
V  [jvm.dll+0x1f68d4]
V  [jvm.dll+0x17f32c]
V  [jvm.dll+0x205047]
V  [jvm.dll+0x203891]
V  [jvm.dll+0x6dad3f]
V  [jvm.dll+0x6d3895]
V  [jvm.dll+0x5dd4a6]
C  [ucrtbase.dll+0x21bb2]
C  [KERNEL32.DLL+0x17034]
C  [ntdll.dll+0x52651]


---------------  P R O C E S S  ---------------

Threads class SMR info:
_java_thread_list=0x0000015a87ec7c10, length=150, elements={
0x0000015aebb7c800, 0x0000015a86f92000, 0x0000015a86f93000, 0x0000015a86fbf800,
0x0000015a8700f800, 0x0000015a87012000, 0x0000015a87018800, 0x0000015a8702a800,
0x0000015a8717d800, 0x0000015a8718e800, 0x0000015a88f48800, 0x0000015a8803e000,
0x0000015a88972000, 0x0000015a88e35000, 0x0000015a88e32000, 0x0000015a88e32800,
0x0000015a88e30800, 0x0000015a8a4fe800, 0x0000015a8d119000, 0x0000015a8e4b0800,
0x0000015a8cb93800, 0x0000015a8dca9000, 0x0000015a8dca9800, 0x0000015a8dcab800,
0x0000015a8dcaa800, 0x0000015a8dca7800, 0x0000015a8dca8000, 0x0000015a8dcb1000,
0x0000015a9009a000, 0x0000015a8dcaf800, 0x0000015a8dcac000, 0x0000015a8dcb2000,
0x0000015a8dcb2800, 0x0000015a8dcad000, 0x0000015a8879c000, 0x0000015a8dcb3800,
0x0000015a8dcae000, 0x0000015a8dcb4800, 0x0000015a8dcae800, 0x0000015a8dcb5000,
0x0000015a8dcb6000, 0x0000015a8e4ac800, 0x0000015a8e4ae000, 0x0000015a8e4ab800,
0x0000015a8e4ad000, 0x0000015a8e4aa800, 0x0000015a8e4a9000, 0x0000015a8e4b1800,
0x0000015a8e4af800, 0x0000015a8e4af000, 0x0000015a8e4b2000, 0x0000015a8e4b4800,
0x0000015a8e4b5800, 0x0000015a8e4b6000, 0x0000015a8e4b8000, 0x0000015a8e4b3000,
0x0000015a8e4b7000, 0x0000015a8e4b3800, 0x0000015a8d114000, 0x0000015a8d115000,
0x0000015a8d116000, 0x0000015a8d117800, 0x0000015a8d116800, 0x0000015a8d111800,
0x0000015a8d112800, 0x0000015a8d11a800, 0x0000015a8d11f000, 0x0000015a8d11b800,
0x0000015a8d11d000, 0x0000015a8d11e000, 0x0000015a8d11f800, 0x0000015a8d11a000,
0x0000015a8d120800, 0x0000015a8d11c800, 0x0000015a8cb8d800, 0x0000015a8cb92800,
0x0000015a8cb91800, 0x0000015a8cb8f000, 0x0000015a8cb90000, 0x0000015a8cb94000,
0x0000015a8cb8e800, 0x0000015a8cb95800, 0x0000015a8cb98000, 0x0000015a8cb97800,
0x0000015a8cb9a800, 0x0000015a8cb95000, 0x0000015a8cb9c800, 0x0000015a8cb99000,
0x0000015a8cb9a000, 0x0000015a8cb9b800, 0x0000015a8a504800, 0x0000015a8a506000,
0x0000015a8a505000, 0x0000015a8a507000, 0x0000015a8a501000, 0x0000015a8a507800,
0x0000015a8a502000, 0x0000015a8a50c800, 0x0000015a8a508800, 0x0000015a8a509000,
0x0000015a8a50a000, 0x0000015a8a50b000, 0x0000015a8a50b800, 0x0000015a88e37000,
0x0000015a88e33800, 0x0000015a88e31000, 0x0000015a88e36000, 0x0000015a88e34800,
0x0000015a88add800, 0x0000015a88add000, 0x0000015a88ae0000, 0x0000015a88adc000,
0x0000015a88ade800, 0x0000015a88ada800, 0x0000015a88adb000, 0x0000015a88ae1000,
0x0000015a88ae1800, 0x0000015a88ae2800, 0x0000015a88ae5000, 0x0000015a88adf000,
0x0000015a88ae7800, 0x0000015a88ae5800, 0x0000015a88ae8000, 0x0000015a88ae6800,
0x0000015a88ae9000, 0x0000015a88ae3800, 0x0000015a88ae4000, 0x0000015a899bf000,
0x0000015a899c2800, 0x0000015a899c3000, 0x0000015a899c5800, 0x0000015a899c4000,
0x0000015a899c5000, 0x0000015a899c0000, 0x0000015a899c6800, 0x0000015a899c0800,
0x0000015a899c7000, 0x0000015a899c1800, 0x0000015a899ce000, 0x0000015a899c9800,
0x0000015a899c8000, 0x0000015a899c9000, 0x0000015a899cb800, 0x0000015a899cc000,
0x0000015a899ca800, 0x0000015a899cd000, 0x0000015a9240a800, 0x0000015a9240a000,
0x0000015a9240b800, 0x0000015a9240c800
}

Java Threads: ( => current thread )
  0x0000015aebb7c800 JavaThread "main" [_thread_blocked, id=15508, stack(0x0000003602400000,0x0000003602500000)]
  0x0000015a86f92000 JavaThread "Reference Handler" daemon [_thread_blocked, id=25992, stack(0x0000003602b00000,0x0000003602c00000)]
  0x0000015a86f93000 JavaThread "Finalizer" daemon [_thread_blocked, id=2220, stack(0x0000003602c00000,0x0000003602d00000)]
  0x0000015a86fbf800 JavaThread "Signal Dispatcher" daemon [_thread_blocked, id=17540, stack(0x0000003602d00000,0x0000003602e00000)]
  0x0000015a8700f800 JavaThread "Attach Listener" daemon [_thread_blocked, id=20276, stack(0x0000003602e00000,0x0000003602f00000)]
=>0x0000015a87012000 JavaThread "C2 CompilerThread0" daemon [_thread_in_native, id=27440, stack(0x0000003602f00000,0x0000003603000000)]
  0x0000015a87018800 JavaThread "C1 CompilerThread0" daemon [_thread_blocked, id=25256, stack(0x0000003603000000,0x0000003603100000)]
  0x0000015a8702a800 JavaThread "Sweeper thread" daemon [_thread_blocked, id=9616, stack(0x0000003603100000,0x0000003603200000)]
  0x0000015a8717d800 JavaThread "Common-Cleaner" daemon [_thread_blocked, id=1044, stack(0x0000003603200000,0x0000003603300000)]
  0x0000015a8718e800 JavaThread "Service Thread" daemon [_thread_blocked, id=25744, stack(0x0000003603300000,0x0000003603400000)]
  0x0000015a88f48800 JavaThread "Daemon health stats" [_thread_blocked, id=14724, stack(0x0000003603c00000,0x0000003603d00000)]
  0x0000015a8803e000 JavaThread "Incoming local TCP Connector on port 61561" [_thread_in_native, id=10456, stack(0x0000003603d00000,0x0000003603e00000)]
  0x0000015a88972000 JavaThread "Daemon periodic checks" [_thread_blocked, id=26440, stack(0x0000003603e00000,0x0000003603f00000)]
  0x0000015a88e35000 JavaThread "Cache worker for file hash cache (C:\Users\嘯됆싶三쫾긪\.gradle\caches\6.7.1\fileHashes)" [_thread_blocked, id=28804, stack(0x0000003604600000,0x0000003604700000)]
  0x0000015a88e32000 JavaThread "File lock request listener" [_thread_in_native, id=11968, stack(0x0000003604700000,0x0000003604800000)]
  0x0000015a88e32800 JavaThread "Cache worker for journal cache (C:\Users\嘯됆싶三쫾긪\.gradle\caches\journal-1)" [_thread_blocked, id=22708, stack(0x0000003604b00000,0x0000003604c00000)]
  0x0000015a88e30800 JavaThread "Cache worker for execution history cache (C:\Users\嘯됆싶三쫾긪\.gradle\caches\6.7.1\executionHistory)" [_thread_blocked, id=26904, stack(0x0000003605200000,0x0000003605300000)]
  0x0000015a8a4fe800 JavaThread "Cache worker for file content cache (C:\Users\嘯됆싶三쫾긪\.gradle\caches\6.7.1\fileContent)" [_thread_blocked, id=26956, stack(0x0000003605400000,0x0000003605500000)]
  0x0000015a8d119000 JavaThread "Memory manager" [_thread_blocked, id=28204, stack(0x000000360be00000,0x000000360bf00000)]
  0x0000015a8e4b0800 JavaThread "ForkJoinPool.commonPool-worker-15" daemon [_thread_blocked, id=29648, stack(0x000000360d300000,0x000000360d400000)]
  0x0000015a8cb93800 JavaThread "Cache worker for Java compile cache (C:\Users\嘯됆싶三쫾긪\.gradle\caches\6.7.1\javaCompile)" [_thread_blocked, id=25880, stack(0x000000360cf00000,0x000000360d000000)]
  0x0000015a8dca9000 JavaThread "Daemon Thread 3" [_thread_blocked, id=17136, stack(0x0000003602100000,0x0000003602200000)]
  0x0000015a8dca9800 JavaThread "Handler for socket connection from /127.0.0.1:61561 to /127.0.0.1:51429" [_thread_in_native, id=12772, stack(0x0000003602200000,0x0000003602300000)]
  0x0000015a8dcab800 JavaThread "Cancel handler" [_thread_blocked, id=24544, stack(0x0000003602300000,0x0000003602400000)]
  0x0000015a8dcaa800 JavaThread "Daemon worker Thread 3" [_thread_blocked, id=15544, stack(0x0000003603f00000,0x0000003604000000)]
  0x0000015a8dca7800 JavaThread "Asynchronous log dispatcher for DefaultDaemonConnection: socket connection from /127.0.0.1:61561 to /127.0.0.1:51429" [_thread_blocked, id=20964, stack(0x0000003604000000,0x0000003604100000)]
  0x0000015a8dca8000 JavaThread "Stdin handler" [_thread_blocked, id=10860, stack(0x0000003604100000,0x0000003604200000)]
  0x0000015a8dcb1000 JavaThread "Thread-278" [_thread_blocked, id=22160, stack(0x0000003604200000,0x0000003604300000)]
  0x0000015a9009a000 JavaThread "C2 CompilerThread1" daemon [_thread_in_native, id=11596, stack(0x0000003604300000,0x0000003604400000)]
  0x0000015a8dcaf800 JavaThread "Cache worker for file hash cache (C:\android-sdk\AndroidStudioProjects\Madcamp2\Madcamp2\.gradle\6.7.1\fileHashes)" [_thread_blocked, id=12032, stack(0x0000003604400000,0x0000003604500000)]
  0x0000015a8dcac000 JavaThread "Cache worker for checksums cache (C:\android-sdk\AndroidStudioProjects\Madcamp2\Madcamp2\.gradle\checksums)" [_thread_blocked, id=4740, stack(0x0000003604500000,0x0000003604600000)]
  0x0000015a8dcb2000 JavaThread "Cache worker for cache directory md-supplier (C:\Users\嘯됆싶三쫾긪\.gradle\caches\6.7.1\md-supplier)" [_thread_blocked, id=14640, stack(0x0000003604c00000,0x0000003604d00000)]
  0x0000015a8dcb2800 JavaThread "Cache worker for cache directory md-rule (C:\Users\嘯됆싶三쫾긪\.gradle\caches\6.7.1\md-rule)" [_thread_blocked, id=28904, stack(0x0000003604d00000,0x0000003604e00000)]
  0x0000015a8dcad000 JavaThread "Cache worker for Build Output Cleanup Cache (C:\android-sdk\AndroidStudioProjects\Madcamp2\Madcamp2\.gradle\buildOutputCleanup)" [_thread_blocked, id=2780, stack(0x0000003604e00000,0x0000003604f00000)]
  0x0000015a8879c000 JavaThread "C2 CompilerThread2" daemon [_thread_in_native, id=17112, stack(0x0000003604f00000,0x0000003605000000)]
  0x0000015a8dcb3800 JavaThread "Build operations" [_thread_blocked, id=23876, stack(0x0000003605000000,0x0000003605100000)]
  0x0000015a8dcae000 JavaThread "Build operations Thread 2" [_thread_blocked, id=15148, stack(0x0000003605100000,0x0000003605200000)]
  0x0000015a8dcb4800 JavaThread "Build operations Thread 3" [_thread_blocked, id=25508, stack(0x0000003605300000,0x0000003605400000)]
  0x0000015a8dcae800 JavaThread "Build operations Thread 4" [_thread_blocked, id=22460, stack(0x0000003605500000,0x0000003605600000)]
  0x0000015a8dcb5000 JavaThread "Build operations Thread 5" [_thread_blocked, id=18988, stack(0x0000003605600000,0x0000003605700000)]
  0x0000015a8dcb6000 JavaThread "Build operations Thread 6" [_thread_blocked, id=4536, stack(0x0000003605700000,0x0000003605800000)]
  0x0000015a8e4ac800 JavaThread "Build operations Thread 7" [_thread_blocked, id=4276, stack(0x0000003605800000,0x0000003605900000)]
  0x0000015a8e4ae000 JavaThread "Build operations Thread 8" [_thread_blocked, id=1136, stack(0x0000003605900000,0x0000003605a00000)]
  0x0000015a8e4ab800 JavaThread "jar transforms Thread 195" [_thread_blocked, id=11560, stack(0x0000003605a00000,0x0000003605b00000)]
  0x0000015a8e4ad000 JavaThread "jar transforms Thread 196" [_thread_blocked, id=24504, stack(0x0000003605b00000,0x0000003605c00000)]
  0x0000015a8e4aa800 JavaThread "jar transforms Thread 197" [_thread_blocked, id=20136, stack(0x0000003605c00000,0x0000003605d00000)]
  0x0000015a8e4a9000 JavaThread "jar transforms Thread 198" [_thread_blocked, id=28540, stack(0x0000003605d00000,0x0000003605e00000)]
  0x0000015a8e4b1800 JavaThread "jar transforms Thread 199" [_thread_blocked, id=12804, stack(0x0000003605e00000,0x0000003605f00000)]
  0x0000015a8e4af800 JavaThread "jar transforms Thread 200" [_thread_blocked, id=25840, stack(0x0000003605f00000,0x0000003606000000)]
  0x0000015a8e4af000 JavaThread "jar transforms Thread 201" [_thread_blocked, id=8496, stack(0x0000003606000000,0x0000003606100000)]
  0x0000015a8e4b2000 JavaThread "jar transforms Thread 202" [_thread_blocked, id=19116, stack(0x0000003606100000,0x0000003606200000)]
  0x0000015a8e4b4800 JavaThread "jar transforms Thread 203" [_thread_blocked, id=26660, stack(0x0000003606200000,0x0000003606300000)]
  0x0000015a8e4b5800 JavaThread "jar transforms Thread 204" [_thread_blocked, id=16264, stack(0x0000003606300000,0x0000003606400000)]
  0x0000015a8e4b6000 JavaThread "jar transforms Thread 205" [_thread_blocked, id=27212, stack(0x0000003606400000,0x0000003606500000)]
  0x0000015a8e4b8000 JavaThread "jar transforms Thread 206" [_thread_blocked, id=8412, stack(0x0000003606500000,0x0000003606600000)]
  0x0000015a8e4b3000 JavaThread "jar transforms Thread 207" [_thread_blocked, id=29248, stack(0x0000003606600000,0x0000003606700000)]
  0x0000015a8e4b7000 JavaThread "jar transforms Thread 208" [_thread_blocked, id=18548, stack(0x0000003606700000,0x0000003606800000)]
  0x0000015a8e4b3800 JavaThread "jar transforms Thread 209" [_thread_blocked, id=7392, stack(0x0000003606800000,0x0000003606900000)]
  0x0000015a8d114000 JavaThread "jar transforms Thread 210" [_thread_blocked, id=3360, stack(0x0000003606900000,0x0000003606a00000)]
  0x0000015a8d115000 JavaThread "jar transforms Thread 211" [_thread_blocked, id=21332, stack(0x0000003606a00000,0x0000003606b00000)]
  0x0000015a8d116000 JavaThread "jar transforms Thread 212" [_thread_blocked, id=18504, stack(0x0000003606b00000,0x0000003606c00000)]
  0x0000015a8d117800 JavaThread "jar transforms Thread 213" [_thread_blocked, id=18240, stack(0x0000003606c00000,0x0000003606d00000)]
  0x0000015a8d116800 JavaThread "jar transforms Thread 214" [_thread_blocked, id=11580, stack(0x0000003606d00000,0x0000003606e00000)]
  0x0000015a8d111800 JavaThread "jar transforms Thread 215" [_thread_blocked, id=20688, stack(0x0000003606e00000,0x0000003606f00000)]
  0x0000015a8d112800 JavaThread "jar transforms Thread 216" [_thread_blocked, id=26808, stack(0x0000003606f00000,0x0000003607000000)]
  0x0000015a8d11a800 JavaThread "jar transforms Thread 217" [_thread_blocked, id=20504, stack(0x0000003607000000,0x0000003607100000)]
  0x0000015a8d11f000 JavaThread "jar transforms Thread 218" [_thread_blocked, id=26100, stack(0x0000003607100000,0x0000003607200000)]
  0x0000015a8d11b800 JavaThread "jar transforms Thread 219" [_thread_blocked, id=23316, stack(0x0000003607200000,0x0000003607300000)]
  0x0000015a8d11d000 JavaThread "jar transforms Thread 220" [_thread_blocked, id=19492, stack(0x0000003607300000,0x0000003607400000)]
  0x0000015a8d11e000 JavaThread "jar transforms Thread 221" [_thread_blocked, id=28244, stack(0x0000003607400000,0x0000003607500000)]
  0x0000015a8d11f800 JavaThread "jar transforms Thread 222" [_thread_blocked, id=24860, stack(0x0000003607500000,0x0000003607600000)]
  0x0000015a8d11a000 JavaThread "jar transforms Thread 223" [_thread_blocked, id=25360, stack(0x0000003607600000,0x0000003607700000)]
  0x0000015a8d120800 JavaThread "jar transforms Thread 224" [_thread_blocked, id=29664, stack(0x0000003607700000,0x0000003607800000)]
  0x0000015a8d11c800 JavaThread "jar transforms Thread 225" [_thread_blocked, id=27756, stack(0x0000003607800000,0x0000003607900000)]
  0x0000015a8cb8d800 JavaThread "jar transforms Thread 226" [_thread_blocked, id=11920, stack(0x0000003607900000,0x0000003607a00000)]
  0x0000015a8cb92800 JavaThread "jar transforms Thread 227" [_thread_blocked, id=27324, stack(0x0000003607a00000,0x0000003607b00000)]
  0x0000015a8cb91800 JavaThread "jar transforms Thread 228" [_thread_blocked, id=8836, stack(0x0000003607b00000,0x0000003607c00000)]
  0x0000015a8cb8f000 JavaThread "jar transforms Thread 229" [_thread_blocked, id=14852, stack(0x0000003607c00000,0x0000003607d00000)]
  0x0000015a8cb90000 JavaThread "jar transforms Thread 230" [_thread_blocked, id=12212, stack(0x0000003607d00000,0x0000003607e00000)]
  0x0000015a8cb94000 JavaThread "jar transforms Thread 231" [_thread_blocked, id=1792, stack(0x0000003607e00000,0x0000003607f00000)]
  0x0000015a8cb8e800 JavaThread "jar transforms Thread 232" [_thread_blocked, id=23460, stack(0x0000003607f00000,0x0000003608000000)]
  0x0000015a8cb95800 JavaThread "jar transforms Thread 233" [_thread_blocked, id=16592, stack(0x0000003608000000,0x0000003608100000)]
  0x0000015a8cb98000 JavaThread "jar transforms Thread 234" [_thread_blocked, id=7428, stack(0x0000003608100000,0x0000003608200000)]
  0x0000015a8cb97800 JavaThread "jar transforms Thread 235" [_thread_blocked, id=22544, stack(0x0000003608200000,0x0000003608300000)]
  0x0000015a8cb9a800 JavaThread "jar transforms Thread 236" [_thread_blocked, id=10700, stack(0x0000003608300000,0x0000003608400000)]
  0x0000015a8cb95000 JavaThread "jar transforms Thread 237" [_thread_blocked, id=25872, stack(0x0000003608400000,0x0000003608500000)]
  0x0000015a8cb9c800 JavaThread "jar transforms Thread 238" [_thread_blocked, id=15752, stack(0x0000003608500000,0x0000003608600000)]
  0x0000015a8cb99000 JavaThread "jar transforms Thread 239" [_thread_blocked, id=17460, stack(0x0000003608600000,0x0000003608700000)]
  0x0000015a8cb9a000 JavaThread "jar transforms Thread 240" [_thread_blocked, id=3656, stack(0x0000003608700000,0x0000003608800000)]
  0x0000015a8cb9b800 JavaThread "jar transforms Thread 241" [_thread_blocked, id=19288, stack(0x0000003608800000,0x0000003608900000)]
  0x0000015a8a504800 JavaThread "jar transforms Thread 242" [_thread_blocked, id=24696, stack(0x0000003608900000,0x0000003608a00000)]
  0x0000015a8a506000 JavaThread "jar transforms Thread 243" [_thread_blocked, id=29200, stack(0x0000003608a00000,0x0000003608b00000)]
  0x0000015a8a505000 JavaThread "jar transforms Thread 244" [_thread_blocked, id=3788, stack(0x0000003608b00000,0x0000003608c00000)]
  0x0000015a8a507000 JavaThread "jar transforms Thread 245" [_thread_blocked, id=22388, stack(0x0000003608c00000,0x0000003608d00000)]
  0x0000015a8a501000 JavaThread "jar transforms Thread 246" [_thread_blocked, id=26784, stack(0x0000003608d00000,0x0000003608e00000)]
  0x0000015a8a507800 JavaThread "jar transforms Thread 247" [_thread_blocked, id=5748, stack(0x0000003608e00000,0x0000003608f00000)]
  0x0000015a8a502000 JavaThread "jar transforms Thread 248" [_thread_blocked, id=24200, stack(0x0000003608f00000,0x0000003609000000)]
  0x0000015a8a50c800 JavaThread "jar transforms Thread 249" [_thread_blocked, id=1200, stack(0x0000003609000000,0x0000003609100000)]
  0x0000015a8a508800 JavaThread "jar transforms Thread 250" [_thread_blocked, id=16980, stack(0x0000003609100000,0x0000003609200000)]
  0x0000015a8a509000 JavaThread "jar transforms Thread 251" [_thread_blocked, id=15220, stack(0x0000003609200000,0x0000003609300000)]
  0x0000015a8a50a000 JavaThread "jar transforms Thread 252" [_thread_blocked, id=24540, stack(0x0000003609300000,0x0000003609400000)]
  0x0000015a8a50b000 JavaThread "jar transforms Thread 253" [_thread_blocked, id=29224, stack(0x0000003609400000,0x0000003609500000)]
  0x0000015a8a50b800 JavaThread "jar transforms Thread 254" [_thread_blocked, id=23704, stack(0x0000003609500000,0x0000003609600000)]
  0x0000015a88e37000 JavaThread "jar transforms Thread 255" [_thread_blocked, id=14104, stack(0x0000003609600000,0x0000003609700000)]
  0x0000015a88e33800 JavaThread "jar transforms Thread 256" [_thread_blocked, id=22372, stack(0x0000003609700000,0x0000003609800000)]
  0x0000015a88e31000 JavaThread "jar transforms Thread 257" [_thread_blocked, id=27064, stack(0x0000003609800000,0x0000003609900000)]
  0x0000015a88e36000 JavaThread "jar transforms Thread 258" [_thread_blocked, id=28900, stack(0x0000003609900000,0x0000003609a00000)]
  0x0000015a88e34800 JavaThread "jar transforms Thread 259" [_thread_blocked, id=17616, stack(0x0000003609a00000,0x0000003609b00000)]
  0x0000015a88add800 JavaThread "jar transforms Thread 260" [_thread_blocked, id=7436, stack(0x0000003609b00000,0x0000003609c00000)]
  0x0000015a88add000 JavaThread "jar transforms Thread 261" [_thread_blocked, id=2672, stack(0x0000003609c00000,0x0000003609d00000)]
  0x0000015a88ae0000 JavaThread "jar transforms Thread 262" [_thread_blocked, id=2148, stack(0x0000003609d00000,0x0000003609e00000)]
  0x0000015a88adc000 JavaThread "jar transforms Thread 263" [_thread_blocked, id=13724, stack(0x0000003609e00000,0x0000003609f00000)]
  0x0000015a88ade800 JavaThread "jar transforms Thread 264" [_thread_blocked, id=28120, stack(0x0000003609f00000,0x000000360a000000)]
  0x0000015a88ada800 JavaThread "jar transforms Thread 265" [_thread_blocked, id=26676, stack(0x000000360a000000,0x000000360a100000)]
  0x0000015a88adb000 JavaThread "jar transforms Thread 266" [_thread_blocked, id=28156, stack(0x000000360a100000,0x000000360a200000)]
  0x0000015a88ae1000 JavaThread "jar transforms Thread 267" [_thread_blocked, id=7500, stack(0x000000360a200000,0x000000360a300000)]
  0x0000015a88ae1800 JavaThread "jar transforms Thread 268" [_thread_blocked, id=8876, stack(0x000000360a300000,0x000000360a400000)]
  0x0000015a88ae2800 JavaThread "jar transforms Thread 269" [_thread_blocked, id=25956, stack(0x000000360a400000,0x000000360a500000)]
  0x0000015a88ae5000 JavaThread "jar transforms Thread 270" [_thread_blocked, id=22204, stack(0x000000360a500000,0x000000360a600000)]
  0x0000015a88adf000 JavaThread "jar transforms Thread 271" [_thread_blocked, id=28664, stack(0x000000360a600000,0x000000360a700000)]
  0x0000015a88ae7800 JavaThread "jar transforms Thread 272" [_thread_blocked, id=5672, stack(0x000000360a700000,0x000000360a800000)]
  0x0000015a88ae5800 JavaThread "jar transforms Thread 273" [_thread_blocked, id=27924, stack(0x000000360a800000,0x000000360a900000)]
  0x0000015a88ae8000 JavaThread "jar transforms Thread 274" [_thread_blocked, id=28812, stack(0x000000360a900000,0x000000360aa00000)]
  0x0000015a88ae6800 JavaThread "jar transforms Thread 275" [_thread_blocked, id=26960, stack(0x000000360aa00000,0x000000360ab00000)]
  0x0000015a88ae9000 JavaThread "jar transforms Thread 276" [_thread_blocked, id=28708, stack(0x000000360ab00000,0x000000360ac00000)]
  0x0000015a88ae3800 JavaThread "jar transforms Thread 277" [_thread_blocked, id=21336, stack(0x000000360ac00000,0x000000360ad00000)]
  0x0000015a88ae4000 JavaThread "jar transforms Thread 278" [_thread_blocked, id=17956, stack(0x000000360ad00000,0x000000360ae00000)]
  0x0000015a899bf000 JavaThread "jar transforms Thread 279" [_thread_blocked, id=5876, stack(0x000000360ae00000,0x000000360af00000)]
  0x0000015a899c2800 JavaThread "jar transforms Thread 280" [_thread_blocked, id=13956, stack(0x000000360af00000,0x000000360b000000)]
  0x0000015a899c3000 JavaThread "jar transforms Thread 281" [_thread_blocked, id=2928, stack(0x000000360b000000,0x000000360b100000)]
  0x0000015a899c5800 JavaThread "jar transforms Thread 282" [_thread_blocked, id=27772, stack(0x000000360b100000,0x000000360b200000)]
  0x0000015a899c4000 JavaThread "jar transforms Thread 283" [_thread_blocked, id=12244, stack(0x000000360b200000,0x000000360b300000)]
  0x0000015a899c5000 JavaThread "jar transforms Thread 284" [_thread_blocked, id=17376, stack(0x000000360b300000,0x000000360b400000)]
  0x0000015a899c0000 JavaThread "jar transforms Thread 285" [_thread_blocked, id=6620, stack(0x000000360b400000,0x000000360b500000)]
  0x0000015a899c6800 JavaThread "jar transforms Thread 286" [_thread_blocked, id=28980, stack(0x000000360b500000,0x000000360b600000)]
  0x0000015a899c0800 JavaThread "jar transforms Thread 287" [_thread_blocked, id=26964, stack(0x000000360b600000,0x000000360b700000)]
  0x0000015a899c7000 JavaThread "jar transforms Thread 288" [_thread_blocked, id=17104, stack(0x000000360b700000,0x000000360b800000)]
  0x0000015a899c1800 JavaThread "jar transforms Thread 289" [_thread_blocked, id=25552, stack(0x000000360b800000,0x000000360b900000)]
  0x0000015a899ce000 JavaThread "jar transforms Thread 290" [_thread_blocked, id=22428, stack(0x000000360b900000,0x000000360ba00000)]
  0x0000015a899c9800 JavaThread "jar transforms Thread 291" [_thread_blocked, id=7244, stack(0x000000360ba00000,0x000000360bb00000)]
  0x0000015a899c8000 JavaThread "build event listener" [_thread_blocked, id=23232, stack(0x000000360bb00000,0x000000360bc00000)]
  0x0000015a899c9000 JavaThread "build event listener" [_thread_blocked, id=10132, stack(0x000000360bc00000,0x000000360bd00000)]
  0x0000015a899cb800 JavaThread "Execution worker for ':'" [_thread_blocked, id=3568, stack(0x000000360bd00000,0x000000360be00000)]
  0x0000015a899cc000 JavaThread "Execution worker for ':' Thread 2" [_thread_blocked, id=19400, stack(0x000000360c200000,0x000000360c300000)]
  0x0000015a899ca800 JavaThread "Execution worker for ':' Thread 3" [_thread_in_native, id=17572, stack(0x000000360c300000,0x000000360c400000)]
  0x0000015a899cd000 JavaThread "Execution worker for ':' Thread 4" [_thread_blocked, id=22256, stack(0x000000360c400000,0x000000360c500000)]
  0x0000015a9240a800 JavaThread "Execution worker for ':' Thread 5" [_thread_blocked, id=13148, stack(0x000000360c500000,0x000000360c600000)]
  0x0000015a9240a000 JavaThread "Execution worker for ':' Thread 6" [_thread_blocked, id=26132, stack(0x000000360c600000,0x000000360c700000)]
  0x0000015a9240b800 JavaThread "Execution worker for ':' Thread 7" [_thread_blocked, id=18408, stack(0x000000360c700000,0x000000360c800000)]
  0x0000015a9240c800 JavaThread "Cache worker for execution history cache (C:\android-sdk\AndroidStudioProjects\Madcamp2\Madcamp2\.gradle\6.7.1\executionHistory)" [_thread_blocked, id=2968, stack(0x000000360c800000,0x000000360c900000)]

Other Threads:
  0x0000015a86f90000 VMThread "VM Thread" [stack: 0x0000003602a00000,0x0000003602b00000] [id=23308]
  0x0000015a8718f000 WatcherThread [stack: 0x0000003603400000,0x0000003603500000] [id=19484]
  0x0000015aebb93000 GCTaskThread "GC Thread#0" [stack: 0x0000003602500000,0x0000003602600000] [id=28840]
  0x0000015a87f68800 GCTaskThread "GC Thread#1" [stack: 0x0000003603600000,0x0000003603700000] [id=11280]
  0x0000015a87f69000 GCTaskThread "GC Thread#2" [stack: 0x0000003603700000,0x0000003603800000] [id=24632]
  0x0000015a87b90000 GCTaskThread "GC Thread#3" [stack: 0x0000003603800000,0x0000003603900000] [id=28472]
  0x0000015a87b90800 GCTaskThread "GC Thread#4" [stack: 0x0000003603900000,0x0000003603a00000] [id=22760]
  0x0000015a87e8e800 GCTaskThread "GC Thread#5" [stack: 0x0000003603a00000,0x0000003603b00000] [id=18608]
  0x0000015a88004000 GCTaskThread "GC Thread#6" [stack: 0x0000003604800000,0x0000003604900000] [id=16404]
  0x0000015a889d2800 GCTaskThread "GC Thread#7" [stack: 0x0000003604900000,0x0000003604a00000] [id=19620]
  0x0000015aebbc5800 ConcurrentGCThread "G1 Main Marker" [stack: 0x0000003602600000,0x0000003602700000] [id=12220]
  0x0000015aebbc9000 ConcurrentGCThread "G1 Conc#0" [stack: 0x0000003602700000,0x0000003602800000] [id=17372]
  0x0000015a88968000 ConcurrentGCThread "G1 Conc#1" [stack: 0x0000003604a00000,0x0000003604b00000] [id=24964]
  0x0000015a865d6800 ConcurrentGCThread "G1 Refine#0" [stack: 0x0000003602800000,0x0000003602900000] [id=27988]
  0x0000015a8a127800 ConcurrentGCThread "G1 Refine#1" [stack: 0x000000360bf00000,0x000000360c000000] [id=24008]
  0x0000015a8a129800 ConcurrentGCThread "G1 Refine#2" [stack: 0x000000360c000000,0x000000360c100000] [id=26228]
  0x0000015a8a128000 ConcurrentGCThread "G1 Refine#3" [stack: 0x000000360c100000,0x000000360c200000] [id=21856]
  0x0000015a865d7000 ConcurrentGCThread "G1 Young RemSet Sampling" [stack: 0x0000003602900000,0x0000003602a00000] [id=24476]

Threads with active compile tasks:
C2 CompilerThread0 785926 15689       4       org.apache.xerces.impl.XMLNSDocumentScannerImpl::scanStartElement (873 bytes)
C2 CompilerThread1 785926 15698       4       org.apache.xerces.parsers.AbstractDOMParser::startElement (883 bytes)
C2 CompilerThread2 785926 15662   !   4       java.nio.file.FileTreeWalker::next (144 bytes)

VM state:not at safepoint (normal execution)

VM Mutex/Monitor currently owned by a thread: None

Heap address: 0x0000000080000000, size: 2048 MB, Compressed Oops mode: 32-bit
Narrow klass base: 0x0000000000000000, Narrow klass shift: 3
Compressed class space size: 1073741824 Address: 0x0000000100000000

Heap:
 garbage-first heap   total 260096K, used 141292K [0x0000000080000000, 0x0000000100000000)
  region size 1024K, 54 young (55296K), 12 survivors (12288K)
 Metaspace       used 102610K, capacity 105192K, committed 105328K, reserved 1140736K
  class space    used 12686K, capacity 13590K, committed 13644K, reserved 1048576K
Heap Regions: E=young(eden), S=young(survivor), O=old, HS=humongous(starts), HC=humongous(continues), CS=collection set, F=free, A=archive, TAMS=top-at-mark-start (previous, next)
|   0|0x0000000080000000, 0x0000000080100000, 0x0000000080100000|100%| O|  |TAMS 0x0000000080100000, 0x0000000080000000| Untracked 
|   1|0x0000000080100000, 0x0000000080200000, 0x0000000080200000|100%| O|  |TAMS 0x0000000080200000, 0x0000000080100000| Untracked 
|   2|0x0000000080200000, 0x0000000080300000, 0x0000000080300000|100%| O|  |TAMS 0x0000000080300000, 0x0000000080200000| Untracked 
|   3|0x0000000080300000, 0x0000000080400000, 0x0000000080400000|100%|HS|  |TAMS 0x0000000080400000, 0x0000000080300000| Complete 
|   4|0x0000000080400000, 0x0000000080500000, 0x0000000080500000|100%|HC|  |TAMS 0x0000000080500000, 0x0000000080400000| Complete 
|   5|0x0000000080500000, 0x0000000080600000, 0x0000000080600000|100%|HC|  |TAMS 0x0000000080600000, 0x0000000080500000| Complete 
|   6|0x0000000080600000, 0x0000000080700000, 0x0000000080700000|100%| O|  |TAMS 0x0000000080700000, 0x0000000080600000| Untracked 
|   7|0x0000000080700000, 0x0000000080800000, 0x0000000080800000|100%| O|  |TAMS 0x0000000080800000, 0x0000000080700000| Untracked 
|   8|0x0000000080800000, 0x0000000080900000, 0x0000000080900000|100%| O|  |TAMS 0x0000000080900000, 0x0000000080800000| Untracked 
|   9|0x0000000080900000, 0x0000000080a00000, 0x0000000080a00000|100%| O|  |TAMS 0x0000000080a00000, 0x0000000080900000| Untracked 
|  10|0x0000000080a00000, 0x0000000080b00000, 0x0000000080b00000|100%| O|  |TAMS 0x0000000080b00000, 0x0000000080a00000| Untracked 
|  11|0x0000000080b00000, 0x0000000080c00000, 0x0000000080c00000|100%| O|  |TAMS 0x0000000080c00000, 0x0000000080b00000| Untracked 
|  12|0x0000000080c00000, 0x0000000080d00000, 0x0000000080d00000|100%| O|  |TAMS 0x0000000080d00000, 0x0000000080c00000| Untracked 
|  13|0x0000000080d00000, 0x0000000080e00000, 0x0000000080e00000|100%| O|  |TAMS 0x0000000080e00000, 0x0000000080d00000| Untracked 
|  14|0x0000000080e00000, 0x0000000080f00000, 0x0000000080f00000|100%| O|  |TAMS 0x0000000080f00000, 0x0000000080e00000| Untracked 
|  15|0x0000000080f00000, 0x0000000081000000, 0x0000000081000000|100%| O|  |TAMS 0x0000000081000000, 0x0000000080f00000| Untracked 
|  16|0x0000000081000000, 0x0000000081100000, 0x0000000081100000|100%|HS|  |TAMS 0x0000000081100000, 0x0000000081000000| Complete 
|  17|0x0000000081100000, 0x0000000081200000, 0x0000000081200000|100%|HS|  |TAMS 0x0000000081200000, 0x0000000081100000| Complete 
|  18|0x0000000081200000, 0x0000000081300000, 0x0000000081300000|100%|HC|  |TAMS 0x0000000081300000, 0x0000000081200000| Complete 
|  19|0x0000000081300000, 0x0000000081400000, 0x0000000081400000|100%| O|  |TAMS 0x0000000081400000, 0x0000000081300000| Untracked 
|  20|0x0000000081400000, 0x0000000081500000, 0x0000000081500000|100%| O|  |TAMS 0x0000000081500000, 0x0000000081400000| Untracked 
|  21|0x0000000081500000, 0x0000000081600000, 0x0000000081600000|100%| O|  |TAMS 0x0000000081600000, 0x0000000081500000| Untracked 
|  22|0x0000000081600000, 0x0000000081700000, 0x0000000081700000|100%| O|  |TAMS 0x0000000081700000, 0x0000000081600000| Untracked 
|  23|0x0000000081700000, 0x0000000081800000, 0x0000000081800000|100%| O|  |TAMS 0x0000000081700000, 0x0000000081700000| Untracked 
|  24|0x0000000081800000, 0x0000000081900000, 0x0000000081900000|100%| O|  |TAMS 0x0000000081900000, 0x0000000081800000| Untracked 
|  25|0x0000000081900000, 0x0000000081a00000, 0x0000000081a00000|100%| O|  |TAMS 0x0000000081a00000, 0x0000000081900000| Untracked 
|  26|0x0000000081a00000, 0x0000000081b00000, 0x0000000081b00000|100%| O|  |TAMS 0x0000000081b00000, 0x0000000081a00000| Untracked 
|  27|0x0000000081b00000, 0x0000000081c00000, 0x0000000081c00000|100%| O|  |TAMS 0x0000000081c00000, 0x0000000081b00000| Untracked 
|  28|0x0000000081c00000, 0x0000000081d00000, 0x0000000081d00000|100%| O|  |TAMS 0x0000000081d00000, 0x0000000081c00000| Untracked 
|  29|0x0000000081d00000, 0x0000000081e00000, 0x0000000081e00000|100%| O|  |TAMS 0x0000000081e00000, 0x0000000081d00000| Untracked 
|  30|0x0000000081e00000, 0x0000000081f00000, 0x0000000081f00000|100%| O|  |TAMS 0x0000000081f00000, 0x0000000081e00000| Untracked 
|  31|0x0000000081f00000, 0x0000000082000000, 0x0000000082000000|100%| O|  |TAMS 0x0000000082000000, 0x0000000081f00000| Untracked 
|  32|0x0000000082000000, 0x0000000082100000, 0x0000000082100000|100%| O|  |TAMS 0x0000000082100000, 0x0000000082000000| Untracked 
|  33|0x0000000082100000, 0x0000000082200000, 0x0000000082200000|100%| O|  |TAMS 0x0000000082200000, 0x0000000082100000| Untracked 
|  34|0x0000000082200000, 0x0000000082300000, 0x0000000082300000|100%| O|  |TAMS 0x0000000082300000, 0x0000000082200000| Untracked 
|  35|0x0000000082300000, 0x0000000082400000, 0x0000000082400000|100%| O|  |TAMS 0x0000000082400000, 0x0000000082300000| Untracked 
|  36|0x0000000082400000, 0x0000000082500000, 0x0000000082500000|100%| O|  |TAMS 0x0000000082500000, 0x0000000082400000| Untracked 
|  37|0x0000000082500000, 0x0000000082600000, 0x0000000082600000|100%| O|  |TAMS 0x0000000082600000, 0x0000000082500000| Untracked 
|  38|0x0000000082600000, 0x0000000082700000, 0x0000000082700000|100%| O|  |TAMS 0x0000000082700000, 0x0000000082600000| Untracked 
|  39|0x0000000082700000, 0x0000000082800000, 0x0000000082800000|100%| O|  |TAMS 0x0000000082800000, 0x0000000082700000| Untracked 
|  40|0x0000000082800000, 0x0000000082900000, 0x0000000082900000|100%| O|  |TAMS 0x0000000082900000, 0x0000000082800000| Untracked 
|  41|0x0000000082900000, 0x0000000082a00000, 0x0000000082a00000|100%| O|  |TAMS 0x0000000082a00000, 0x0000000082900000| Untracked 
|  42|0x0000000082a00000, 0x0000000082b00000, 0x0000000082b00000|100%| O|  |TAMS 0x0000000082aa8000, 0x0000000082a00000| Untracked 
|  43|0x0000000082b00000, 0x0000000082c00000, 0x0000000082c00000|100%| O|  |TAMS 0x0000000082b00000, 0x0000000082b00000| Untracked 
|  44|0x0000000082c00000, 0x0000000082d00000, 0x0000000082d00000|100%| O|  |TAMS 0x0000000082c00000, 0x0000000082c00000| Untracked 
|  45|0x0000000082d00000, 0x0000000082e00000, 0x0000000082e00000|100%| O|  |TAMS 0x0000000082d00000, 0x0000000082d00000| Untracked 
|  46|0x0000000082e00000, 0x0000000082f00000, 0x0000000082f00000|100%| O|  |TAMS 0x0000000082e00000, 0x0000000082e00000| Untracked 
|  47|0x0000000082f00000, 0x0000000083000000, 0x0000000083000000|100%| O|  |TAMS 0x0000000082f00000, 0x0000000082f00000| Untracked 
|  48|0x0000000083000000, 0x0000000083100000, 0x0000000083100000|100%| O|  |TAMS 0x0000000083000000, 0x0000000083000000| Untracked 
|  49|0x0000000083100000, 0x0000000083200000, 0x0000000083200000|100%| O|  |TAMS 0x0000000083100000, 0x0000000083100000| Untracked 
|  50|0x0000000083200000, 0x0000000083300000, 0x0000000083300000|100%| O|  |TAMS 0x0000000083200000, 0x0000000083200000| Untracked 
|  51|0x0000000083300000, 0x0000000083400000, 0x0000000083400000|100%| O|  |TAMS 0x0000000083300000, 0x0000000083300000| Untracked 
|  52|0x0000000083400000, 0x0000000083500000, 0x0000000083500000|100%| O|  |TAMS 0x0000000083400000, 0x0000000083400000| Untracked 
|  53|0x0000000083500000, 0x0000000083600000, 0x0000000083600000|100%| O|  |TAMS 0x0000000083500000, 0x0000000083500000| Untracked 
|  54|0x0000000083600000, 0x0000000083700000, 0x0000000083700000|100%| O|  |TAMS 0x0000000083600000, 0x0000000083600000| Untracked 
|  55|0x0000000083700000, 0x0000000083800000, 0x0000000083800000|100%| O|  |TAMS 0x0000000083700000, 0x0000000083700000| Untracked 
|  56|0x0000000083800000, 0x0000000083900000, 0x0000000083900000|100%| O|  |TAMS 0x0000000083800000, 0x0000000083800000| Untracked 
|  57|0x0000000083900000, 0x0000000083a00000, 0x0000000083a00000|100%| O|  |TAMS 0x0000000083900000, 0x0000000083900000| Untracked 
|  58|0x0000000083a00000, 0x0000000083b00000, 0x0000000083b00000|100%| O|  |TAMS 0x0000000083a00000, 0x0000000083a00000| Untracked 
|  59|0x0000000083b00000, 0x0000000083c00000, 0x0000000083c00000|100%| O|  |TAMS 0x0000000083b00000, 0x0000000083b00000| Untracked 
|  60|0x0000000083c00000, 0x0000000083d00000, 0x0000000083d00000|100%| O|  |TAMS 0x0000000083c00000, 0x0000000083c00000| Untracked 
|  61|0x0000000083d00000, 0x0000000083e00000, 0x0000000083e00000|100%|HS|  |TAMS 0x0000000083d00000, 0x0000000083d00000| Complete 
|  62|0x0000000083e00000, 0x0000000083f00000, 0x0000000083f00000|100%|HC|  |TAMS 0x0000000083e00000, 0x0000000083e00000| Complete 
|  63|0x0000000083f00000, 0x0000000084000000, 0x0000000084000000|100%| O|  |TAMS 0x0000000083f00000, 0x0000000083f00000| Untracked 
|  64|0x0000000084000000, 0x0000000084100000, 0x0000000084100000|100%| O|  |TAMS 0x0000000084000000, 0x0000000084000000| Untracked 
|  65|0x0000000084100000, 0x0000000084200000, 0x0000000084200000|100%| O|  |TAMS 0x0000000084100000, 0x0000000084100000| Untracked 
|  66|0x0000000084200000, 0x0000000084300000, 0x0000000084300000|100%| O|  |TAMS 0x0000000084200000, 0x0000000084200000| Untracked 
|  67|0x0000000084300000, 0x0000000084400000, 0x0000000084400000|100%| O|  |TAMS 0x0000000084300000, 0x0000000084300000| Untracked 
|  68|0x0000000084400000, 0x0000000084500000, 0x0000000084500000|100%| O|  |TAMS 0x0000000084400000, 0x0000000084400000| Untracked 
|  69|0x0000000084500000, 0x0000000084600000, 0x0000000084600000|100%| O|  |TAMS 0x0000000084500000, 0x0000000084500000| Untracked 
|  70|0x0000000084600000, 0x0000000084700000, 0x0000000084700000|100%| O|  |TAMS 0x0000000084600000, 0x0000000084600000| Untracked 
|  71|0x0000000084700000, 0x0000000084800000, 0x0000000084800000|100%| O|  |TAMS 0x0000000084700000, 0x0000000084700000| Untracked 
|  72|0x0000000084800000, 0x0000000084900000, 0x0000000084900000|100%| O|  |TAMS 0x0000000084800000, 0x0000000084800000| Untracked 
|  73|0x0000000084900000, 0x0000000084a00000, 0x0000000084a00000|100%| O|  |TAMS 0x0000000084900000, 0x0000000084900000| Untracked 
|  74|0x0000000084a00000, 0x0000000084aa4a00, 0x0000000084b00000| 64%| O|  |TAMS 0x0000000084a00000, 0x0000000084a00000| Untracked 
|  75|0x0000000084b00000, 0x0000000084c00000, 0x0000000084c00000|100%|HS|  |TAMS 0x0000000084b00000, 0x0000000084b00000| Complete 
|  76|0x0000000084c00000, 0x0000000084d00000, 0x0000000084d00000|100%|HC|  |TAMS 0x0000000084c00000, 0x0000000084c00000| Complete 
|  77|0x0000000084d00000, 0x0000000084d00000, 0x0000000084e00000|  0%| F|  |TAMS 0x0000000084d00000, 0x0000000084d00000| Untracked 
|  78|0x0000000084e00000, 0x0000000084e00000, 0x0000000084f00000|  0%| F|  |TAMS 0x0000000084e00000, 0x0000000084e00000| Untracked 
|  79|0x0000000084f00000, 0x0000000084f00000, 0x0000000085000000|  0%| F|  |TAMS 0x0000000084f00000, 0x0000000084f00000| Untracked 
|  80|0x0000000085000000, 0x0000000085100000, 0x0000000085100000|100%| O|  |TAMS 0x0000000085000000, 0x0000000085000000| Untracked 
|  81|0x0000000085100000, 0x0000000085200000, 0x0000000085200000|100%| O|  |TAMS 0x0000000085100000, 0x0000000085100000| Untracked 
|  82|0x0000000085200000, 0x0000000085300000, 0x0000000085300000|100%| O|  |TAMS 0x0000000085200000, 0x0000000085200000| Untracked 
|  83|0x0000000085300000, 0x0000000085400000, 0x0000000085400000|100%| O|  |TAMS 0x0000000085300000, 0x0000000085300000| Untracked 
|  84|0x0000000085400000, 0x0000000085500000, 0x0000000085500000|100%| O|  |TAMS 0x0000000085400000, 0x0000000085400000| Untracked 
|  85|0x0000000085500000, 0x0000000085600000, 0x0000000085600000|100%| O|  |TAMS 0x0000000085500000, 0x0000000085500000| Untracked 
|  86|0x0000000085600000, 0x0000000085700000, 0x0000000085700000|100%| O|  |TAMS 0x0000000085600000, 0x0000000085600000| Untracked 
|  87|0x0000000085700000, 0x0000000085800000, 0x0000000085800000|100%| O|  |TAMS 0x0000000085700000, 0x0000000085700000| Untracked 
|  88|0x0000000085800000, 0x0000000085900000, 0x0000000085900000|100%| O|  |TAMS 0x0000000085800000, 0x0000000085800000| Untracked 
|  89|0x0000000085900000, 0x0000000085900000, 0x0000000085a00000|  0%| F|  |TAMS 0x0000000085900000, 0x0000000085900000| Untracked 
|  90|0x0000000085a00000, 0x0000000085a00000, 0x0000000085b00000|  0%| F|  |TAMS 0x0000000085a00000, 0x0000000085a00000| Untracked 
|  91|0x0000000085b00000, 0x0000000085b00000, 0x0000000085c00000|  0%| F|  |TAMS 0x0000000085b00000, 0x0000000085b00000| Untracked 
|  92|0x0000000085c00000, 0x0000000085c00000, 0x0000000085d00000|  0%| F|  |TAMS 0x0000000085c00000, 0x0000000085c00000| Untracked 
|  93|0x0000000085d00000, 0x0000000085d00000, 0x0000000085e00000|  0%| F|  |TAMS 0x0000000085d00000, 0x0000000085d00000| Untracked 
|  94|0x0000000085e00000, 0x0000000085e00000, 0x0000000085f00000|  0%| F|  |TAMS 0x0000000085e00000, 0x0000000085e00000| Untracked 
|  95|0x0000000085f00000, 0x0000000085f00000, 0x0000000086000000|  0%| F|  |TAMS 0x0000000085f00000, 0x0000000085f00000| Untracked 
|  96|0x0000000086000000, 0x0000000086100000, 0x0000000086100000|100%| O|  |TAMS 0x0000000086000000, 0x0000000086000000| Untracked 
|  97|0x0000000086100000, 0x0000000086100000, 0x0000000086200000|  0%| F|  |TAMS 0x0000000086100000, 0x0000000086100000| Untracked 
|  98|0x0000000086200000, 0x0000000086200000, 0x0000000086300000|  0%| F|  |TAMS 0x0000000086200000, 0x0000000086200000| Untracked 
|  99|0x0000000086300000, 0x0000000086300000, 0x0000000086400000|  0%| F|  |TAMS 0x0000000086300000, 0x0000000086300000| Untracked 
| 100|0x0000000086400000, 0x0000000086400000, 0x0000000086500000|  0%| F|  |TAMS 0x0000000086400000, 0x0000000086400000| Untracked 
| 101|0x0000000086500000, 0x0000000086500000, 0x0000000086600000|  0%| F|  |TAMS 0x0000000086500000, 0x0000000086500000| Untracked 
| 102|0x0000000086600000, 0x0000000086600000, 0x0000000086700000|  0%| F|  |TAMS 0x0000000086600000, 0x0000000086600000| Untracked 
| 103|0x0000000086700000, 0x0000000086700000, 0x0000000086800000|  0%| F|  |TAMS 0x0000000086700000, 0x0000000086700000| Untracked 
| 104|0x0000000086800000, 0x0000000086800000, 0x0000000086900000|  0%| F|  |TAMS 0x0000000086800000, 0x0000000086800000| Untracked 
| 105|0x0000000086900000, 0x0000000086900000, 0x0000000086a00000|  0%| F|  |TAMS 0x0000000086900000, 0x0000000086900000| Untracked 
| 106|0x0000000086a00000, 0x0000000086a00000, 0x0000000086b00000|  0%| F|  |TAMS 0x0000000086a00000, 0x0000000086a00000| Untracked 
| 107|0x0000000086b00000, 0x0000000086b00000, 0x0000000086c00000|  0%| F|  |TAMS 0x0000000086b00000, 0x0000000086b00000| Untracked 
| 108|0x0000000086c00000, 0x0000000086c00000, 0x0000000086d00000|  0%| F|  |TAMS 0x0000000086c00000, 0x0000000086c00000| Untracked 
| 109|0x0000000086d00000, 0x0000000086d00000, 0x0000000086e00000|  0%| F|  |TAMS 0x0000000086d00000, 0x0000000086d00000| Untracked 
| 110|0x0000000086e00000, 0x0000000086e00000, 0x0000000086f00000|  0%| F|  |TAMS 0x0000000086e00000, 0x0000000086e00000| Untracked 
| 111|0x0000000086f00000, 0x0000000086f00000, 0x0000000087000000|  0%| F|  |TAMS 0x0000000086f00000, 0x0000000086f00000| Untracked 
| 112|0x0000000087000000, 0x0000000087000000, 0x0000000087100000|  0%| F|  |TAMS 0x0000000087000000, 0x0000000087000000| Untracked 
| 113|0x0000000087100000, 0x0000000087100000, 0x0000000087200000|  0%| F|  |TAMS 0x0000000087100000, 0x0000000087100000| Untracked 
| 114|0x0000000087200000, 0x0000000087200000, 0x0000000087300000|  0%| F|  |TAMS 0x0000000087200000, 0x0000000087200000| Untracked 
| 115|0x0000000087300000, 0x0000000087300000, 0x0000000087400000|  0%| F|  |TAMS 0x0000000087300000, 0x0000000087300000| Untracked 
| 116|0x0000000087400000, 0x0000000087400000, 0x0000000087500000|  0%| F|  |TAMS 0x0000000087400000, 0x0000000087400000| Untracked 
| 117|0x0000000087500000, 0x0000000087500000, 0x0000000087600000|  0%| F|  |TAMS 0x0000000087500000, 0x0000000087500000| Untracked 
| 118|0x0000000087600000, 0x0000000087600000, 0x0000000087700000|  0%| F|  |TAMS 0x0000000087600000, 0x0000000087600000| Untracked 
| 119|0x0000000087700000, 0x0000000087700000, 0x0000000087800000|  0%| F|  |TAMS 0x0000000087700000, 0x0000000087700000| Untracked 
| 120|0x0000000087800000, 0x0000000087800000, 0x0000000087900000|  0%| F|  |TAMS 0x0000000087800000, 0x0000000087800000| Untracked 
| 121|0x0000000087900000, 0x0000000087900000, 0x0000000087a00000|  0%| F|  |TAMS 0x0000000087900000, 0x0000000087900000| Untracked 
| 122|0x0000000087a00000, 0x0000000087a00000, 0x0000000087b00000|  0%| F|  |TAMS 0x0000000087a00000, 0x0000000087a00000| Untracked 
| 123|0x0000000087b00000, 0x0000000087b00000, 0x0000000087c00000|  0%| F|  |TAMS 0x0000000087b00000, 0x0000000087b00000| Untracked 
| 124|0x0000000087c00000, 0x0000000087c00000, 0x0000000087d00000|  0%| F|  |TAMS 0x0000000087c00000, 0x0000000087c00000| Untracked 
| 125|0x0000000087d00000, 0x0000000087d00000, 0x0000000087e00000|  0%| F|  |TAMS 0x0000000087d00000, 0x0000000087d00000| Untracked 
| 126|0x0000000087e00000, 0x0000000087e00000, 0x0000000087f00000|  0%| F|  |TAMS 0x0000000087e00000, 0x0000000087e00000| Untracked 
| 127|0x0000000087f00000, 0x0000000087f00000, 0x0000000088000000|  0%| F|  |TAMS 0x0000000087f00000, 0x0000000087f00000| Untracked 
| 128|0x0000000088000000, 0x0000000088000000, 0x0000000088100000|  0%| F|  |TAMS 0x0000000088000000, 0x0000000088000000| Untracked 
| 129|0x0000000088100000, 0x0000000088100000, 0x0000000088200000|  0%| F|  |TAMS 0x0000000088100000, 0x0000000088100000| Untracked 
| 130|0x0000000088200000, 0x0000000088200000, 0x0000000088300000|  0%| F|  |TAMS 0x0000000088200000, 0x0000000088200000| Untracked 
| 131|0x0000000088300000, 0x0000000088300000, 0x0000000088400000|  0%| F|  |TAMS 0x0000000088300000, 0x0000000088300000| Untracked 
| 132|0x0000000088400000, 0x0000000088400000, 0x0000000088500000|  0%| F|  |TAMS 0x0000000088400000, 0x0000000088400000| Untracked 
| 133|0x0000000088500000, 0x0000000088556758, 0x0000000088600000| 33%| S|CS|TAMS 0x0000000088500000, 0x0000000088500000| Complete 
| 134|0x0000000088600000, 0x0000000088700000, 0x0000000088700000|100%| S|CS|TAMS 0x0000000088600000, 0x0000000088600000| Complete 
| 135|0x0000000088700000, 0x0000000088700000, 0x0000000088800000|  0%| F|  |TAMS 0x0000000088700000, 0x0000000088700000| Untracked 
| 136|0x0000000088800000, 0x0000000088800000, 0x0000000088900000|  0%| F|  |TAMS 0x0000000088800000, 0x0000000088800000| Untracked 
| 137|0x0000000088900000, 0x0000000088900000, 0x0000000088a00000|  0%| F|  |TAMS 0x0000000088900000, 0x0000000088900000| Untracked 
| 138|0x0000000088a00000, 0x0000000088a00000, 0x0000000088b00000|  0%| F|  |TAMS 0x0000000088a00000, 0x0000000088a00000| Untracked 
| 139|0x0000000088b00000, 0x0000000088b00000, 0x0000000088c00000|  0%| F|  |TAMS 0x0000000088b00000, 0x0000000088b00000| Untracked 
| 140|0x0000000088c00000, 0x0000000088c00000, 0x0000000088d00000|  0%| F|  |TAMS 0x0000000088c00000, 0x0000000088c00000| Untracked 
| 141|0x0000000088d00000, 0x0000000088d00000, 0x0000000088e00000|  0%| F|  |TAMS 0x0000000088d00000, 0x0000000088d00000| Untracked 
| 142|0x0000000088e00000, 0x0000000088f00000, 0x0000000088f00000|100%| S|CS|TAMS 0x0000000088e00000, 0x0000000088e00000| Complete 
| 143|0x0000000088f00000, 0x0000000089000000, 0x0000000089000000|100%| S|CS|TAMS 0x0000000088f00000, 0x0000000088f00000| Complete 
| 144|0x0000000089000000, 0x0000000089100000, 0x0000000089100000|100%| S|CS|TAMS 0x0000000089000000, 0x0000000089000000| Complete 
| 145|0x0000000089100000, 0x0000000089200000, 0x0000000089200000|100%| S|CS|TAMS 0x0000000089100000, 0x0000000089100000| Complete 
| 146|0x0000000089200000, 0x0000000089300000, 0x0000000089300000|100%| S|CS|TAMS 0x0000000089200000, 0x0000000089200000| Complete 
| 147|0x0000000089300000, 0x0000000089400000, 0x0000000089400000|100%| S|CS|TAMS 0x0000000089300000, 0x0000000089300000| Complete 
| 148|0x0000000089400000, 0x0000000089500000, 0x0000000089500000|100%| S|CS|TAMS 0x0000000089400000, 0x0000000089400000| Complete 
| 149|0x0000000089500000, 0x0000000089600000, 0x0000000089600000|100%| S|CS|TAMS 0x0000000089500000, 0x0000000089500000| Complete 
| 150|0x0000000089600000, 0x0000000089700000, 0x0000000089700000|100%| S|CS|TAMS 0x0000000089600000, 0x0000000089600000| Complete 
| 151|0x0000000089700000, 0x0000000089800000, 0x0000000089800000|100%| S|CS|TAMS 0x0000000089700000, 0x0000000089700000| Complete 
| 152|0x0000000089800000, 0x0000000089800000, 0x0000000089900000|  0%| F|  |TAMS 0x0000000089800000, 0x0000000089800000| Untracked 
| 153|0x0000000089900000, 0x0000000089900000, 0x0000000089a00000|  0%| F|  |TAMS 0x0000000089900000, 0x0000000089900000| Untracked 
| 154|0x0000000089a00000, 0x0000000089a00000, 0x0000000089b00000|  0%| F|  |TAMS 0x0000000089a00000, 0x0000000089a00000| Untracked 
| 155|0x0000000089b00000, 0x0000000089b00000, 0x0000000089c00000|  0%| F|  |TAMS 0x0000000089b00000, 0x0000000089b00000| Untracked 
| 156|0x0000000089c00000, 0x0000000089c00000, 0x0000000089d00000|  0%| F|  |TAMS 0x0000000089c00000, 0x0000000089c00000| Untracked 
| 157|0x0000000089d00000, 0x0000000089d00000, 0x0000000089e00000|  0%| F|  |TAMS 0x0000000089d00000, 0x0000000089d00000| Untracked 
| 158|0x0000000089e00000, 0x0000000089e00000, 0x0000000089f00000|  0%| F|  |TAMS 0x0000000089e00000, 0x0000000089e00000| Untracked 
| 159|0x0000000089f00000, 0x0000000089f00000, 0x000000008a000000|  0%| F|  |TAMS 0x0000000089f00000, 0x0000000089f00000| Untracked 
| 160|0x000000008a000000, 0x000000008a000000, 0x000000008a100000|  0%| F|  |TAMS 0x000000008a000000, 0x000000008a000000| Untracked 
| 161|0x000000008a100000, 0x000000008a100000, 0x000000008a200000|  0%| F|  |TAMS 0x000000008a100000, 0x000000008a100000| Untracked 
| 162|0x000000008a200000, 0x000000008a200000, 0x000000008a300000|  0%| F|  |TAMS 0x000000008a200000, 0x000000008a200000| Untracked 
| 163|0x000000008a300000, 0x000000008a300000, 0x000000008a400000|  0%| F|  |TAMS 0x000000008a300000, 0x000000008a300000| Untracked 
| 164|0x000000008a400000, 0x000000008a400000, 0x000000008a500000|  0%| F|  |TAMS 0x000000008a400000, 0x000000008a400000| Untracked 
| 165|0x000000008a500000, 0x000000008a500000, 0x000000008a600000|  0%| F|  |TAMS 0x000000008a500000, 0x000000008a500000| Untracked 
| 166|0x000000008a600000, 0x000000008a600000, 0x000000008a700000|  0%| F|  |TAMS 0x000000008a600000, 0x000000008a600000| Untracked 
| 167|0x000000008a700000, 0x000000008a700000, 0x000000008a800000|  0%| F|  |TAMS 0x000000008a700000, 0x000000008a700000| Untracked 
| 168|0x000000008a800000, 0x000000008a800000, 0x000000008a900000|  0%| F|  |TAMS 0x000000008a800000, 0x000000008a800000| Untracked 
| 169|0x000000008a900000, 0x000000008a900000, 0x000000008aa00000|  0%| F|  |TAMS 0x000000008a900000, 0x000000008a900000| Untracked 
| 170|0x000000008aa00000, 0x000000008aa00000, 0x000000008ab00000|  0%| F|  |TAMS 0x000000008aa00000, 0x000000008aa00000| Untracked 
| 171|0x000000008ab00000, 0x000000008ab00000, 0x000000008ac00000|  0%| F|  |TAMS 0x000000008ab00000, 0x000000008ab00000| Untracked 
| 172|0x000000008ac00000, 0x000000008ac00000, 0x000000008ad00000|  0%| F|  |TAMS 0x000000008ac00000, 0x000000008ac00000| Untracked 
| 173|0x000000008ad00000, 0x000000008ad00000, 0x000000008ae00000|  0%| F|  |TAMS 0x000000008ad00000, 0x000000008ad00000| Untracked 
| 174|0x000000008ae00000, 0x000000008ae00000, 0x000000008af00000|  0%| F|  |TAMS 0x000000008ae00000, 0x000000008ae00000| Untracked 
| 175|0x000000008af00000, 0x000000008af00000, 0x000000008b000000|  0%| F|  |TAMS 0x000000008af00000, 0x000000008af00000| Untracked 
| 176|0x000000008b000000, 0x000000008b000000, 0x000000008b100000|  0%| F|  |TAMS 0x000000008b000000, 0x000000008b000000| Untracked 
| 177|0x000000008b100000, 0x000000008b100000, 0x000000008b200000|  0%| F|  |TAMS 0x000000008b100000, 0x000000008b100000| Untracked 
| 178|0x000000008b200000, 0x000000008b200000, 0x000000008b300000|  0%| F|  |TAMS 0x000000008b200000, 0x000000008b200000| Untracked 
| 179|0x000000008b300000, 0x000000008b300000, 0x000000008b400000|  0%| F|  |TAMS 0x000000008b300000, 0x000000008b300000| Untracked 
| 180|0x000000008b400000, 0x000000008b400000, 0x000000008b500000|  0%| F|  |TAMS 0x000000008b400000, 0x000000008b400000| Untracked 
| 181|0x000000008b500000, 0x000000008b500000, 0x000000008b600000|  0%| F|  |TAMS 0x000000008b500000, 0x000000008b500000| Untracked 
| 182|0x000000008b600000, 0x000000008b600000, 0x000000008b700000|  0%| F|  |TAMS 0x000000008b600000, 0x000000008b600000| Untracked 
| 183|0x000000008b700000, 0x000000008b700000, 0x000000008b800000|  0%| F|  |TAMS 0x000000008b700000, 0x000000008b700000| Untracked 
| 184|0x000000008b800000, 0x000000008b800000, 0x000000008b900000|  0%| F|  |TAMS 0x000000008b800000, 0x000000008b800000| Untracked 
| 185|0x000000008b900000, 0x000000008b900000, 0x000000008ba00000|  0%| F|  |TAMS 0x000000008b900000, 0x000000008b900000| Untracked 
| 186|0x000000008ba00000, 0x000000008ba00000, 0x000000008bb00000|  0%| F|  |TAMS 0x000000008ba00000, 0x000000008ba00000| Untracked 
| 187|0x000000008bb00000, 0x000000008bb00000, 0x000000008bc00000|  0%| F|  |TAMS 0x000000008bb00000, 0x000000008bb00000| Untracked 
| 188|0x000000008bc00000, 0x000000008bc00000, 0x000000008bd00000|  0%| F|  |TAMS 0x000000008bc00000, 0x000000008bc00000| Untracked 
| 189|0x000000008bd00000, 0x000000008bd00000, 0x000000008be00000|  0%| F|  |TAMS 0x000000008bd00000, 0x000000008bd00000| Untracked 
| 190|0x000000008be00000, 0x000000008be00000, 0x000000008bf00000|  0%| F|  |TAMS 0x000000008be00000, 0x000000008be00000| Untracked 
| 191|0x000000008bf00000, 0x000000008bf00000, 0x000000008c000000|  0%| F|  |TAMS 0x000000008bf00000, 0x000000008bf00000| Untracked 
| 192|0x000000008c000000, 0x000000008c000000, 0x000000008c100000|  0%| F|  |TAMS 0x000000008c000000, 0x000000008c000000| Untracked 
| 193|0x000000008c100000, 0x000000008c100000, 0x000000008c200000|  0%| F|  |TAMS 0x000000008c100000, 0x000000008c100000| Untracked 
| 194|0x000000008c200000, 0x000000008c200000, 0x000000008c300000|  0%| F|  |TAMS 0x000000008c200000, 0x000000008c200000| Untracked 
| 195|0x000000008c300000, 0x000000008c300000, 0x000000008c400000|  0%| F|  |TAMS 0x000000008c300000, 0x000000008c300000| Untracked 
| 196|0x000000008c400000, 0x000000008c400000, 0x000000008c500000|  0%| F|  |TAMS 0x000000008c400000, 0x000000008c400000| Untracked 
| 197|0x000000008c500000, 0x000000008c500000, 0x000000008c600000|  0%| F|  |TAMS 0x000000008c500000, 0x000000008c500000| Untracked 
| 198|0x000000008c600000, 0x000000008c600000, 0x000000008c700000|  0%| F|  |TAMS 0x000000008c600000, 0x000000008c600000| Untracked 
| 199|0x000000008c700000, 0x000000008c700000, 0x000000008c800000|  0%| F|  |TAMS 0x000000008c700000, 0x000000008c700000| Untracked 
| 200|0x000000008c800000, 0x000000008c800000, 0x000000008c900000|  0%| F|  |TAMS 0x000000008c800000, 0x000000008c800000| Untracked 
| 201|0x000000008c900000, 0x000000008c900000, 0x000000008ca00000|  0%| F|  |TAMS 0x000000008c900000, 0x000000008c900000| Untracked 
| 202|0x000000008ca00000, 0x000000008ca00000, 0x000000008cb00000|  0%| F|  |TAMS 0x000000008ca00000, 0x000000008ca00000| Untracked 
| 203|0x000000008cb00000, 0x000000008cb00000, 0x000000008cc00000|  0%| F|  |TAMS 0x000000008cb00000, 0x000000008cb00000| Untracked 
| 204|0x000000008cc00000, 0x000000008cc00000, 0x000000008cd00000|  0%| F|  |TAMS 0x000000008cc00000, 0x000000008cc00000| Untracked 
| 205|0x000000008cd00000, 0x000000008cd00000, 0x000000008ce00000|  0%| F|  |TAMS 0x000000008cd00000, 0x000000008cd00000| Untracked 
| 206|0x000000008ce00000, 0x000000008ce00000, 0x000000008cf00000|  0%| F|  |TAMS 0x000000008ce00000, 0x000000008ce00000| Untracked 
| 207|0x000000008cf00000, 0x000000008cf00000, 0x000000008d000000|  0%| F|  |TAMS 0x000000008cf00000, 0x000000008cf00000| Untracked 
| 208|0x000000008d000000, 0x000000008d000000, 0x000000008d100000|  0%| F|  |TAMS 0x000000008d000000, 0x000000008d000000| Untracked 
| 209|0x000000008d100000, 0x000000008d1cd590, 0x000000008d200000| 80%| E|  |TAMS 0x000000008d100000, 0x000000008d100000| Complete 
| 210|0x000000008d200000, 0x000000008d300000, 0x000000008d300000|100%| E|CS|TAMS 0x000000008d200000, 0x000000008d200000| Complete 
| 211|0x000000008d300000, 0x000000008d400000, 0x000000008d400000|100%| E|CS|TAMS 0x000000008d300000, 0x000000008d300000| Complete 
| 212|0x000000008d400000, 0x000000008d500000, 0x000000008d500000|100%| E|CS|TAMS 0x000000008d400000, 0x000000008d400000| Complete 
| 213|0x000000008d500000, 0x000000008d600000, 0x000000008d600000|100%| E|CS|TAMS 0x000000008d500000, 0x000000008d500000| Complete 
| 214|0x000000008d600000, 0x000000008d700000, 0x000000008d700000|100%| E|CS|TAMS 0x000000008d600000, 0x000000008d600000| Complete 
| 215|0x000000008d700000, 0x000000008d800000, 0x000000008d800000|100%| E|CS|TAMS 0x000000008d700000, 0x000000008d700000| Complete 
| 216|0x000000008d800000, 0x000000008d900000, 0x000000008d900000|100%| E|CS|TAMS 0x000000008d800000, 0x000000008d800000| Complete 
| 217|0x000000008d900000, 0x000000008da00000, 0x000000008da00000|100%| E|CS|TAMS 0x000000008d900000, 0x000000008d900000| Complete 
| 218|0x000000008da00000, 0x000000008db00000, 0x000000008db00000|100%| E|CS|TAMS 0x000000008da00000, 0x000000008da00000| Complete 
| 219|0x000000008db00000, 0x000000008dc00000, 0x000000008dc00000|100%| E|CS|TAMS 0x000000008db00000, 0x000000008db00000| Complete 
| 220|0x000000008dc00000, 0x000000008dd00000, 0x000000008dd00000|100%| E|CS|TAMS 0x000000008dc00000, 0x000000008dc00000| Complete 
| 221|0x000000008dd00000, 0x000000008de00000, 0x000000008de00000|100%| E|CS|TAMS 0x000000008dd00000, 0x000000008dd00000| Complete 
| 222|0x000000008de00000, 0x000000008df00000, 0x000000008df00000|100%| E|CS|TAMS 0x000000008de00000, 0x000000008de00000| Complete 
| 223|0x000000008df00000, 0x000000008e000000, 0x000000008e000000|100%| E|CS|TAMS 0x000000008df00000, 0x000000008df00000| Complete 
| 224|0x000000008e000000, 0x000000008e100000, 0x000000008e100000|100%| E|CS|TAMS 0x000000008e000000, 0x000000008e000000| Complete 
| 225|0x000000008e100000, 0x000000008e200000, 0x000000008e200000|100%| E|CS|TAMS 0x000000008e100000, 0x000000008e100000| Complete 
| 226|0x000000008e200000, 0x000000008e300000, 0x000000008e300000|100%| E|CS|TAMS 0x000000008e200000, 0x000000008e200000| Complete 
| 227|0x000000008e300000, 0x000000008e400000, 0x000000008e400000|100%| E|CS|TAMS 0x000000008e300000, 0x000000008e300000| Complete 
| 228|0x000000008e400000, 0x000000008e500000, 0x000000008e500000|100%| E|CS|TAMS 0x000000008e400000, 0x000000008e400000| Complete 
| 229|0x000000008e500000, 0x000000008e600000, 0x000000008e600000|100%| E|CS|TAMS 0x000000008e500000, 0x000000008e500000| Complete 
| 230|0x000000008e600000, 0x000000008e700000, 0x000000008e700000|100%| E|CS|TAMS 0x000000008e600000, 0x000000008e600000| Complete 
| 231|0x000000008e700000, 0x000000008e800000, 0x000000008e800000|100%| E|CS|TAMS 0x000000008e700000, 0x000000008e700000| Complete 
| 232|0x000000008e800000, 0x000000008e900000, 0x000000008e900000|100%| E|CS|TAMS 0x000000008e800000, 0x000000008e800000| Complete 
| 233|0x000000008e900000, 0x000000008ea00000, 0x000000008ea00000|100%| E|CS|TAMS 0x000000008e900000, 0x000000008e900000| Complete 
| 234|0x000000008ea00000, 0x000000008eb00000, 0x000000008eb00000|100%| E|CS|TAMS 0x000000008ea00000, 0x000000008ea00000| Complete 
| 235|0x000000008eb00000, 0x000000008ec00000, 0x000000008ec00000|100%| E|CS|TAMS 0x000000008eb00000, 0x000000008eb00000| Complete 
| 236|0x000000008ec00000, 0x000000008ed00000, 0x000000008ed00000|100%| E|  |TAMS 0x000000008ec00000, 0x000000008ec00000| Complete 
| 237|0x000000008ed00000, 0x000000008ee00000, 0x000000008ee00000|100%| E|CS|TAMS 0x000000008ed00000, 0x000000008ed00000| Complete 
| 238|0x000000008ee00000, 0x000000008ef00000, 0x000000008ef00000|100%| E|CS|TAMS 0x000000008ee00000, 0x000000008ee00000| Complete 
| 239|0x000000008ef00000, 0x000000008f000000, 0x000000008f000000|100%| E|CS|TAMS 0x000000008ef00000, 0x000000008ef00000| Complete 
| 240|0x000000008f000000, 0x000000008f100000, 0x000000008f100000|100%| E|CS|TAMS 0x000000008f000000, 0x000000008f000000| Complete 
| 241|0x000000008f100000, 0x000000008f200000, 0x000000008f200000|100%| E|CS|TAMS 0x000000008f100000, 0x000000008f100000| Complete 
| 242|0x000000008f200000, 0x000000008f300000, 0x000000008f300000|100%| E|CS|TAMS 0x000000008f200000, 0x000000008f200000| Complete 
| 243|0x000000008f300000, 0x000000008f400000, 0x000000008f400000|100%| E|CS|TAMS 0x000000008f300000, 0x000000008f300000| Complete 
| 244|0x000000008f400000, 0x000000008f500000, 0x000000008f500000|100%| E|CS|TAMS 0x000000008f400000, 0x000000008f400000| Complete 
| 245|0x000000008f500000, 0x000000008f600000, 0x000000008f600000|100%| E|CS|TAMS 0x000000008f500000, 0x000000008f500000| Complete 
| 246|0x000000008f600000, 0x000000008f700000, 0x000000008f700000|100%| E|CS|TAMS 0x000000008f600000, 0x000000008f600000| Complete 
| 247|0x000000008f700000, 0x000000008f800000, 0x000000008f800000|100%| E|CS|TAMS 0x000000008f700000, 0x000000008f700000| Complete 
| 248|0x000000008f800000, 0x000000008f900000, 0x000000008f900000|100%| E|CS|TAMS 0x000000008f800000, 0x000000008f800000| Complete 
| 249|0x000000008f900000, 0x000000008fa00000, 0x000000008fa00000|100%| E|CS|TAMS 0x000000008f900000, 0x000000008f900000| Complete 
| 250|0x000000008fa00000, 0x000000008fb00000, 0x000000008fb00000|100%| E|CS|TAMS 0x000000008fa00000, 0x000000008fa00000| Complete 
| 251|0x000000008fb00000, 0x000000008fc00000, 0x000000008fc00000|100%| E|CS|TAMS 0x000000008fb00000, 0x000000008fb00000| Complete 
| 252|0x000000008fc00000, 0x000000008fd00000, 0x000000008fd00000|100%| E|CS|TAMS 0x000000008fc00000, 0x000000008fc00000| Complete 
| 253|0x000000008fd00000, 0x000000008fe00000, 0x000000008fe00000|100%| E|CS|TAMS 0x000000008fd00000, 0x000000008fd00000| Complete 

Card table byte_map: [0x0000015aff390000,0x0000015aff790000] _byte_map_base: 0x0000015afef90000

Marking Bits (Prev, Next): (CMBitMap*) 0x0000015aebbbcdc8, (CMBitMap*) 0x0000015aebbbce00
 Prev Bits: [0x0000015a80000000, 0x0000015a82000000)
 Next Bits: [0x0000015a82000000, 0x0000015a84000000)

Polling page: 0x0000015aef500000

Metaspace:

Usage:
  Non-class:     89.46 MB capacity,    87.82 MB ( 98%) used,     1.36 MB (  2%) free+waste,   280.69 KB ( <1%) overhead. 
      Class:     13.27 MB capacity,    12.39 MB ( 93%) used,   780.64 KB (  6%) free+waste,   123.00 KB ( <1%) overhead. 
       Both:    102.73 MB capacity,   100.21 MB ( 98%) used,     2.13 MB (  2%) free+waste,   403.69 KB ( <1%) overhead. 

Virtual space:
  Non-class space:       90.00 MB reserved,      89.54 MB (>99%) committed 
      Class space:        1.00 GB reserved,      13.32 MB (  1%) committed 
             Both:        1.09 GB reserved,     102.86 MB (  9%) committed 

Chunk freelists:
   Non-Class:  18.00 KB
       Class:  0 bytes
        Both:  18.00 KB

MaxMetaspaceSize: 17179869184.00 GB
CompressedClassSpaceSize: 1.00 GB

CodeHeap 'non-profiled nmethods': size=120000Kb used=8860Kb max_used=8860Kb free=111139Kb
 bounds [0x0000015af6ff0000, 0x0000015af78b0000, 0x0000015afe520000]
CodeHeap 'profiled nmethods': size=120000Kb used=29782Kb max_used=30000Kb free=90218Kb
 bounds [0x0000015aefac0000, 0x0000015af1840000, 0x0000015af6ff0000]
CodeHeap 'non-nmethods': size=5760Kb used=2299Kb max_used=2360Kb free=3460Kb
 bounds [0x0000015aef520000, 0x0000015aef790000, 0x0000015aefac0000]
 total_blobs=15004 nmethods=14094 adapters=820
 compilation: enabled
              stopped_count=0, restarted_count=0
 full_count=0

Compilation events (20 events):
Event: 785.803 Thread 0x0000015a87018800 nmethod 15712 0x0000015af0333c10 code [0x0000015af0333e00, 0x0000015af0334018]
Event: 785.803 Thread 0x0000015a87018800 15713       2       com.android.ide.common.resources.ResourceMergerItem::getQualifiers (47 bytes)
Event: 785.804 Thread 0x0000015a87018800 nmethod 15713 0x0000015af0590890 code [0x0000015af0590ac0, 0x0000015af0590f18]
Event: 785.804 Thread 0x0000015a87018800 15714       2       com.android.ide.common.resources.configuration.FolderConfiguration::getQualifierString (115 bytes)
Event: 785.805 Thread 0x0000015a87018800 nmethod 15714 0x0000015af05df190 code [0x0000015af05df3c0, 0x0000015af05df8f8]
Event: 785.808 Thread 0x0000015a87018800 15718       2       com.android.ide.common.resources.configuration.LocaleQualifier::<init> (147 bytes)
Event: 785.810 Thread 0x0000015a87018800 nmethod 15718 0x0000015af067f210 code [0x0000015af067f4a0, 0x0000015af067fd28]
Event: 785.812 Thread 0x0000015a87018800 15719       2       com.android.resources.ResourceType$$Lambda$819/0x0000000100b6ec40::apply (14 bytes)
Event: 785.813 Thread 0x0000015a87018800 nmethod 15719 0x0000015af05d8810 code [0x0000015af05d89e0, 0x0000015af05d8ba8]
Event: 785.825 Thread 0x0000015a87018800 15723       2       com.google.common.base.Splitter::<init> (26 bytes)
Event: 785.825 Thread 0x0000015a87018800 nmethod 15723 0x0000015aeff72390 code [0x0000015aeff72540, 0x0000015aeff726f8]
Event: 785.825 Thread 0x0000015a87018800 15725       2       com.google.common.base.CharMatcher::<init> (5 bytes)
Event: 785.826 Thread 0x0000015a87018800 nmethod 15725 0x0000015aefdc4d10 code [0x0000015aefdc4ec0, 0x0000015aefdc4fb8]
Event: 785.826 Thread 0x0000015a87018800 15724       2       com.google.common.base.CharMatcher$FastMatcher::<init> (5 bytes)
Event: 785.826 Thread 0x0000015a87018800 nmethod 15724 0x0000015aeff8d710 code [0x0000015aeff8d8c0, 0x0000015aeff8d9b8]
Event: 785.829 Thread 0x0000015a87018800 15726 %     3       com.android.ide.common.resources.DataSet::processNewDataFile @ 21 (74 bytes)
Event: 785.829 Thread 0x0000015a87018800 nmethod 15726% 0x0000015af06bfb90 code [0x0000015af06bfe20, 0x0000015af06c0d88]
Event: 785.829 Thread 0x0000015a87018800 15727 %     3       com.android.ide.common.resources.DataFile::addItems @ 7 (50 bytes)
Event: 785.830 Thread 0x0000015a87018800 nmethod 15727% 0x0000015af065c310 code [0x0000015af065c540, 0x0000015af065cd08]
Event: 785.837 Thread 0x0000015a87018800 15729 % !   3       com.android.ide.common.resources.ResourceSet::createFileAndItemsFromXml @ 365 (583 bytes)

GC Heap History (20 events):
Event: 9.542 GC heap before
{Heap before GC invocations=8 (full 0):
 garbage-first heap   total 260096K, used 50066K [0x0000000080000000, 0x0000000100000000)
  region size 1024K, 27 young (27648K), 19 survivors (19456K)
 Metaspace       used 58423K, capacity 59836K, committed 59940K, reserved 1101824K
  class space    used 7424K, capacity 7922K, committed 7936K, reserved 1048576K
}
Event: 9.575 GC heap after
{Heap after GC invocations=9 (full 0):
 garbage-first heap   total 260096K, used 45728K [0x0000000080000000, 0x0000000100000000)
  region size 1024K, 3 young (3072K), 3 survivors (3072K)
 Metaspace       used 58423K, capacity 59836K, committed 59940K, reserved 1101824K
  class space    used 7424K, capacity 7922K, committed 7936K, reserved 1048576K
}
Event: 10.751 GC heap before
{Heap before GC invocations=10 (full 0):
 garbage-first heap   total 260096K, used 131744K [0x0000000080000000, 0x0000000100000000)
  region size 1024K, 87 young (89088K), 3 survivors (3072K)
 Metaspace       used 65878K, capacity 67506K, committed 67696K, reserved 1107968K
  class space    used 8603K, capacity 9183K, committed 9292K, reserved 1048576K
}
Event: 10.764 GC heap after
{Heap after GC invocations=11 (full 0):
 garbage-first heap   total 260096K, used 49308K [0x0000000080000000, 0x0000000100000000)
  region size 1024K, 7 young (7168K), 7 survivors (7168K)
 Metaspace       used 65878K, capacity 67506K, committed 67696K, reserved 1107968K
  class space    used 8603K, capacity 9183K, committed 9292K, reserved 1048576K
}
Event: 12.164 GC heap before
{Heap before GC invocations=12 (full 0):
 garbage-first heap   total 260096K, used 142492K [0x0000000080000000, 0x0000000100000000)
  region size 1024K, 99 young (101376K), 7 survivors (7168K)
 Metaspace       used 74925K, capacity 76829K, committed 77168K, reserved 1116160K
  class space    used 9806K, capacity 10484K, committed 10572K, reserved 1048576K
}
Event: 12.177 GC heap after
{Heap after GC invocations=13 (full 0):
 garbage-first heap   total 260096K, used 55371K [0x0000000080000000, 0x0000000100000000)
  region size 1024K, 13 young (13312K), 13 survivors (13312K)
 Metaspace       used 74925K, capacity 76829K, committed 77168K, reserved 1116160K
  class space    used 9806K, capacity 10484K, committed 10572K, reserved 1048576K
}
Event: 13.339 GC heap before
{Heap before GC invocations=13 (full 0):
 garbage-first heap   total 260096K, used 153675K [0x0000000080000000, 0x0000000100000000)
  region size 1024K, 110 young (112640K), 13 survivors (13312K)
 Metaspace       used 75963K, capacity 77837K, committed 77936K, reserved 1116160K
  class space    used 9842K, capacity 10508K, committed 10572K, reserved 1048576K
}
Event: 13.354 GC heap after
{Heap after GC invocations=14 (full 0):
 garbage-first heap   total 260096K, used 60934K [0x0000000080000000, 0x0000000100000000)
  region size 1024K, 12 young (12288K), 12 survivors (12288K)
 Metaspace       used 75963K, capacity 77837K, committed 77936K, reserved 1116160K
  class space    used 9842K, capacity 10508K, committed 10572K, reserved 1048576K
}
Event: 14.259 GC heap before
{Heap before GC invocations=14 (full 0):
 garbage-first heap   total 260096K, used 164358K [0x0000000080000000, 0x0000000100000000)
  region size 1024K, 114 young (116736K), 12 survivors (12288K)
 Metaspace       used 79107K, capacity 81046K, committed 81264K, reserved 1120256K
  class space    used 10260K, capacity 10972K, committed 11084K, reserved 1048576K
}
Event: 14.271 GC heap after
{Heap after GC invocations=15 (full 0):
 garbage-first heap   total 260096K, used 66059K [0x0000000080000000, 0x0000000100000000)
  region size 1024K, 11 young (11264K), 11 survivors (11264K)
 Metaspace       used 79107K, capacity 81046K, committed 81264K, reserved 1120256K
  class space    used 10260K, capacity 10972K, committed 11084K, reserved 1048576K
}
Event: 131.354 GC heap before
{Heap before GC invocations=15 (full 0):
 garbage-first heap   total 260096K, used 204299K [0x0000000080000000, 0x0000000100000000)
  region size 1024K, 118 young (120832K), 11 survivors (11264K)
 Metaspace       used 86060K, capacity 88165K, committed 88304K, reserved 1126400K
  class space    used 10920K, capacity 11694K, committed 11724K, reserved 1048576K
}
Event: 131.367 GC heap after
{Heap after GC invocations=16 (full 0):
 garbage-first heap   total 260096K, used 72190K [0x0000000080000000, 0x0000000100000000)
  region size 1024K, 12 young (12288K), 12 survivors (12288K)
 Metaspace       used 86060K, capacity 88165K, committed 88304K, reserved 1126400K
  class space    used 10920K, capacity 11694K, committed 11724K, reserved 1048576K
}
Event: 133.145 GC heap before
{Heap before GC invocations=16 (full 0):
 garbage-first heap   total 260096K, used 215550K [0x0000000080000000, 0x0000000100000000)
  region size 1024K, 120 young (122880K), 12 survivors (12288K)
 Metaspace       used 89981K, capacity 92156K, committed 92400K, reserved 1130496K
  class space    used 11317K, capacity 12118K, committed 12236K, reserved 1048576K
}
Event: 133.157 GC heap after
{Heap after GC invocations=17 (full 0):
 garbage-first heap   total 260096K, used 74513K [0x0000000080000000, 0x0000000100000000)
  region size 1024K, 10 young (10240K), 10 survivors (10240K)
 Metaspace       used 89981K, capacity 92156K, committed 92400K, reserved 1130496K
  class space    used 11317K, capacity 12118K, committed 12236K, reserved 1048576K
}
Event: 136.287 GC heap before
{Heap before GC invocations=17 (full 0):
 garbage-first heap   total 260096K, used 188177K [0x0000000080000000, 0x0000000100000000)
  region size 1024K, 122 young (124928K), 10 survivors (10240K)
 Metaspace       used 91569K, capacity 93742K, committed 94064K, reserved 1130496K
  class space    used 11460K, capacity 12238K, committed 12364K, reserved 1048576K
}
Event: 136.303 GC heap after
{Heap after GC invocations=18 (full 0):
 garbage-first heap   total 260096K, used 80424K [0x0000000080000000, 0x0000000100000000)
  region size 1024K, 9 young (9216K), 9 survivors (9216K)
 Metaspace       used 91569K, capacity 93742K, committed 94064K, reserved 1130496K
  class space    used 11460K, capacity 12238K, committed 12364K, reserved 1048576K
}
Event: 138.176 GC heap before
{Heap before GC invocations=18 (full 0):
 garbage-first heap   total 260096K, used 196136K [0x0000000080000000, 0x0000000100000000)
  region size 1024K, 121 young (123904K), 9 survivors (9216K)
 Metaspace       used 99954K, capacity 102314K, committed 102512K, reserved 1138688K
  class space    used 12471K, capacity 13306K, committed 13388K, reserved 1048576K
}
Event: 138.196 GC heap after
{Heap after GC invocations=19 (full 0):
 garbage-first heap   total 260096K, used 92763K [0x0000000080000000, 0x0000000100000000)
  region size 1024K, 16 young (16384K), 16 survivors (16384K)
 Metaspace       used 99954K, capacity 102314K, committed 102512K, reserved 1138688K
  class space    used 12471K, capacity 13306K, committed 13388K, reserved 1048576K
}
Event: 785.522 GC heap before
{Heap before GC invocations=19 (full 0):
 garbage-first heap   total 260096K, used 196187K [0x0000000080000000, 0x0000000100000000)
  region size 1024K, 118 young (120832K), 16 survivors (16384K)
 Metaspace       used 102559K, capacity 105127K, committed 105328K, reserved 1140736K
  class space    used 12685K, capacity 13590K, committed 13644K, reserved 1048576K
}
Event: 785.540 GC heap after
{Heap after GC invocations=20 (full 0):
 garbage-first heap   total 260096K, used 98284K [0x0000000080000000, 0x0000000100000000)
  region size 1024K, 12 young (12288K), 12 survivors (12288K)
 Metaspace       used 102559K, capacity 105127K, committed 105328K, reserved 1140736K
  class space    used 12685K, capacity 13590K, committed 13644K, reserved 1048576K
}

Deoptimization events (20 events):
Event: 785.799 Thread 0x0000015a899ca800 Uncommon trap: trap_request=0xffffffc6 fr.pc=0x0000015af765dfd4 relative=0x0000000000000554
Event: 785.799 Thread 0x0000015a899ca800 Uncommon trap: reason=bimorphic_or_optimized_type_check action=maybe_recompile pc=0x0000015af765dfd4 method=com.android.ide.common.resources.configuration.FolderConfiguration.getQualifierString()Ljava/lang/String; @ 37 c2
Event: 785.799 Thread 0x0000015a899ca800 DEOPT PACKING pc=0x0000015af765dfd4 sp=0x000000360c3fa8b0
Event: 785.799 Thread 0x0000015a899ca800 DEOPT UNPACKING pc=0x0000015aef5474af sp=0x000000360c3fa7b0 mode 2
Event: 785.802 Thread 0x0000015a899ca800 Uncommon trap: trap_request=0xffffffc6 fr.pc=0x0000015af765dfd4 relative=0x0000000000000554
Event: 785.802 Thread 0x0000015a899ca800 Uncommon trap: reason=bimorphic_or_optimized_type_check action=maybe_recompile pc=0x0000015af765dfd4 method=com.android.ide.common.resources.configuration.FolderConfiguration.getQualifierString()Ljava/lang/String; @ 37 c2
Event: 785.802 Thread 0x0000015a899ca800 DEOPT PACKING pc=0x0000015af765dfd4 sp=0x000000360c3fa8e0
Event: 785.802 Thread 0x0000015a899ca800 DEOPT UNPACKING pc=0x0000015aef5474af sp=0x000000360c3fa7e0 mode 2
Event: 785.802 Thread 0x0000015a899ca800 Uncommon trap: trap_request=0xffffffc6 fr.pc=0x0000015af765dfd4 relative=0x0000000000000554
Event: 785.802 Thread 0x0000015a899ca800 Uncommon trap: reason=bimorphic_or_optimized_type_check action=maybe_recompile pc=0x0000015af765dfd4 method=com.android.ide.common.resources.configuration.FolderConfiguration.getQualifierString()Ljava/lang/String; @ 37 c2
Event: 785.802 Thread 0x0000015a899ca800 DEOPT PACKING pc=0x0000015af765dfd4 sp=0x000000360c3fa8e0
Event: 785.802 Thread 0x0000015a899ca800 DEOPT UNPACKING pc=0x0000015aef5474af sp=0x000000360c3fa7e0 mode 2
Event: 785.803 Thread 0x0000015a899ca800 Uncommon trap: trap_request=0xffffffc6 fr.pc=0x0000015af765dfd4 relative=0x0000000000000554
Event: 785.803 Thread 0x0000015a899ca800 Uncommon trap: reason=bimorphic_or_optimized_type_check action=maybe_recompile pc=0x0000015af765dfd4 method=com.android.ide.common.resources.configuration.FolderConfiguration.getQualifierString()Ljava/lang/String; @ 37 c2
Event: 785.803 Thread 0x0000015a899ca800 DEOPT PACKING pc=0x0000015af765dfd4 sp=0x000000360c3fa8e0
Event: 785.803 Thread 0x0000015a899ca800 DEOPT UNPACKING pc=0x0000015aef5474af sp=0x000000360c3fa7e0 mode 2
Event: 785.803 Thread 0x0000015a899ca800 Uncommon trap: trap_request=0xffffffc6 fr.pc=0x0000015af765eba4 relative=0x00000000000004a4
Event: 785.803 Thread 0x0000015a899ca800 Uncommon trap: reason=bimorphic_or_optimized_type_check action=maybe_recompile pc=0x0000015af765eba4 method=com.android.ide.common.resources.configuration.FolderConfiguration.getQualifierString()Ljava/lang/String; @ 37 c2
Event: 785.803 Thread 0x0000015a899ca800 DEOPT PACKING pc=0x0000015af765eba4 sp=0x000000360c3fa830
Event: 785.803 Thread 0x0000015a899ca800 DEOPT UNPACKING pc=0x0000015aef5474af sp=0x000000360c3fa7e8 mode 2

Classes redefined (0 events):
No events

Internal exceptions (20 events):
Event: 136.566 Thread 0x0000015a8e355000 Exception <a 'sun/nio/fs/WindowsException'{0x000000008daeecd0}> (0x000000008daeecd0) thrown at [./src/hotspot/share/prims/jni.cpp, line 615]
Event: 137.176 Thread 0x0000015a8e355000 Exception <a 'java/lang/NoSuchMethodError'{0x000000008b894240}: 'java.lang.Object java.lang.invoke.Invokers$Holder.linkToTargetMethod(java.lang.Object, java.lang.Object, java.lang.Object, int, int, java.lang.Object)'> (0x000000008b894240) thrown at [./src/hotspot/share/interpreter/linkResolver.cpp, line 773]
Event: 137.199 Thread 0x0000015a8e355000 Exception <a 'java/lang/NoSuchMethodError'{0x000000008b7e1c50}: 'int java.lang.invoke.DirectMethodHandle$Holder.invokeVirtual(java.lang.Object, java.lang.Object, java.lang.Object)'> (0x000000008b7e1c50) thrown at [./src/hotspot/share/interpreter/linkResolver.cpp, line 773]
Event: 137.384 Thread 0x0000015a8e355000 Exception <a 'java/lang/NoSuchMethodError'{0x000000008abf6c68}: 'int java.lang.invoke.DirectMethodHandle$Holder.invokeVirtual(java.lang.Object, java.lang.Object)'> (0x000000008abf6c68) thrown at [./src/hotspot/share/interpreter/linkResolver.cpp, line 773]
Event: 137.541 Thread 0x0000015a8e355000 Exception <a 'sun/nio/fs/WindowsException'{0x000000008a36d138}> (0x000000008a36d138) thrown at [./src/hotspot/share/prims/jni.cpp, line 615]
Event: 137.541 Thread 0x0000015a8e355000 Exception <a 'sun/nio/fs/WindowsException'{0x000000008a36d240}> (0x000000008a36d240) thrown at [./src/hotspot/share/prims/jni.cpp, line 615]
Event: 137.636 Thread 0x0000015a8e355000 Implicit null exception at 0x0000015af77a514e to 0x0000015af77a5343
Event: 137.642 Thread 0x0000015a8e355000 Implicit null exception at 0x0000015af779d72c to 0x0000015af779d8da
Event: 138.203 Thread 0x0000015a8e355000 Implicit null exception at 0x0000015af7804210 to 0x0000015af7804d90
Event: 138.499 Thread 0x0000015a8e355000 Exception <a 'java/lang/NoSuchMethodError'{0x000000008eae6da8}: 'int java.lang.invoke.DirectMethodHandle$Holder.invokeVirtual(java.lang.Object, java.lang.Object, java.lang.Object, java.lang.Object)'> (0x000000008eae6da8) thrown at [./src/hotspot/share/interpreter/linkResolver.cpp, line 773]
Event: 139.134 Thread 0x0000015a8e355000 Exception <a 'java/lang/reflect/InvocationTargetException'{0x000000008d9a50f8}> (0x000000008d9a50f8) thrown at [./src/hotspot/share/runtime/reflection.cpp, line 1247]
Event: 139.182 Thread 0x0000015a8d11a000 Exception <a 'java/lang/NoSuchMethodError'{0x000000008d7a7b68}: <clinit>> (0x000000008d7a7b68) thrown at [./src/hotspot/share/prims/jni.cpp, line 1362]
Event: 139.188 Thread 0x0000015a8d11a000 Exception <a 'java/lang/NoSuchMethodError'{0x000000008d7bfa00}: <clinit>> (0x000000008d7bfa00) thrown at [./src/hotspot/share/prims/jni.cpp, line 1362]
Event: 139.506 Thread 0x0000015a8d116000 Exception <a 'java/lang/NoSuchMethodError'{0x000000008d3a1f88}: <clinit>> (0x000000008d3a1f88) thrown at [./src/hotspot/share/prims/jni.cpp, line 1362]
Event: 139.510 Thread 0x0000015a8d116000 Exception <a 'java/lang/NoSuchMethodError'{0x000000008d3b3220}: <clinit>> (0x000000008d3b3220) thrown at [./src/hotspot/share/prims/jni.cpp, line 1362]
Event: 139.510 Thread 0x0000015a8d116000 Exception <a 'java/lang/NoSuchMethodError'{0x000000008d3b4908}: <clinit>> (0x000000008d3b4908) thrown at [./src/hotspot/share/prims/jni.cpp, line 1362]
Event: 139.516 Thread 0x0000015a8d116000 Exception <a 'java/lang/NoSuchMethodError'{0x000000008d3c6f80}: <clinit>> (0x000000008d3c6f80) thrown at [./src/hotspot/share/prims/jni.cpp, line 1362]
Event: 139.522 Thread 0x0000015a8d116000 Exception <a 'java/lang/NoSuchMethodError'{0x000000008d3d3410}: <clinit>> (0x000000008d3d3410) thrown at [./src/hotspot/share/prims/jni.cpp, line 1362]
Event: 139.540 Thread 0x0000015a8d116000 Exception <a 'java/lang/NoSuchMethodError'{0x000000008d3e86a0}: <clinit>> (0x000000008d3e86a0) thrown at [./src/hotspot/share/prims/jni.cpp, line 1362]
Event: 785.148 Thread 0x0000015a8dcaa800 Exception <a 'sun/nio/fs/WindowsException'{0x000000008acf6500}> (0x000000008acf6500) thrown at [./src/hotspot/share/prims/jni.cpp, line 615]

Events (20 events):
Event: 785.631 Thread 0x0000015a8702a800 flushing nmethod 0x0000015af0dde510
Event: 785.631 Thread 0x0000015a8702a800 flushing nmethod 0x0000015af0e21690
Event: 785.631 Thread 0x0000015a8702a800 flushing nmethod 0x0000015af0e21c90
Event: 785.631 Thread 0x0000015a8702a800 flushing nmethod 0x0000015af0e22c90
Event: 785.631 Thread 0x0000015a8702a800 flushing nmethod 0x0000015af0e23990
Event: 785.631 Thread 0x0000015a8702a800 flushing nmethod 0x0000015af0e28290
Event: 785.631 Thread 0x0000015a8702a800 flushing nmethod 0x0000015af0e28810
Event: 785.631 Thread 0x0000015a8702a800 flushing nmethod 0x0000015af0e28c10
Event: 785.631 Thread 0x0000015a8702a800 flushing nmethod 0x0000015af0e29210
Event: 785.631 Thread 0x0000015a8702a800 flushing nmethod 0x0000015af0e2cf90
Event: 785.631 Thread 0x0000015a8702a800 flushing nmethod 0x0000015af0e2da10
Event: 785.631 Thread 0x0000015a8702a800 flushing nmethod 0x0000015af0e2e010
Event: 785.631 Thread 0x0000015a8702a800 flushing nmethod 0x0000015af0e2fe90
Event: 785.633 Thread 0x0000015a8702a800 flushing nmethod 0x0000015af10d8a90
Event: 785.726 Executing VM operation: RevokeBias
Event: 785.727 Executing VM operation: RevokeBias done
Event: 785.727 Executing VM operation: RevokeBias
Event: 785.727 Executing VM operation: RevokeBias done
Event: 785.727 Executing VM operation: RevokeBias
Event: 785.727 Executing VM operation: RevokeBias done


Dynamic libraries:
0x00007ff76ff40000 - 0x00007ff76ff4a000 	C:\Program Files\Android\Android Studio\jre\bin\java.exe
0x00007ffb08610000 - 0x00007ffb08805000 	C:\WINDOWS\SYSTEM32\ntdll.dll
0x00007ffb070f0000 - 0x00007ffb071ad000 	C:\WINDOWS\System32\KERNEL32.DLL
0x00007ffb06150000 - 0x00007ffb06418000 	C:\WINDOWS\System32\KERNELBASE.dll
0x00007ffb05e30000 - 0x00007ffb05f30000 	C:\WINDOWS\System32\ucrtbase.dll
0x00007ffaf0590000 - 0x00007ffaf05a9000 	C:\Program Files\Android\Android Studio\jre\bin\jli.dll
0x00007ffaf4100000 - 0x00007ffaf4117000 	C:\Program Files\Android\Android Studio\jre\bin\VCRUNTIME140.dll
0x00007ffb06890000 - 0x00007ffb06a30000 	C:\WINDOWS\System32\USER32.dll
0x00007ffb05f30000 - 0x00007ffb05f52000 	C:\WINDOWS\System32\win32u.dll
0x00007ffb07530000 - 0x00007ffb0755a000 	C:\WINDOWS\System32\GDI32.dll
0x00007ffb05f60000 - 0x00007ffb0606b000 	C:\WINDOWS\System32\gdi32full.dll
0x00007ffb06420000 - 0x00007ffb064bd000 	C:\WINDOWS\System32\msvcp_win.dll
0x00007ffaf2b90000 - 0x00007ffaf2e2a000 	C:\WINDOWS\WinSxS\amd64_microsoft.windows.common-controls_6595b64144ccf1df_6.0.19041.844_none_ca00b6081b84eb1d\COMCTL32.dll
0x00007ffb08530000 - 0x00007ffb085ce000 	C:\WINDOWS\System32\msvcrt.dll
0x00007ffb06e60000 - 0x00007ffb06e90000 	C:\WINDOWS\System32\IMM32.DLL
0x00007ffaccec0000 - 0x00007ffaccf5d000 	C:\Program Files\Android\Android Studio\jre\bin\msvcp140.dll
0x00007ffab8950000 - 0x00007ffab940c000 	C:\Program Files\Android\Android Studio\jre\bin\server\jvm.dll
0x00007ffb06e90000 - 0x00007ffb06f3c000 	C:\WINDOWS\System32\ADVAPI32.dll
0x00007ffb073f0000 - 0x00007ffb0748b000 	C:\WINDOWS\System32\sechost.dll
0x00007ffb07570000 - 0x00007ffb0769b000 	C:\WINDOWS\System32\RPCRT4.dll
0x00007ffb06880000 - 0x00007ffb06888000 	C:\WINDOWS\System32\PSAPI.DLL
0x00007ffaefc90000 - 0x00007ffaefc99000 	C:\WINDOWS\SYSTEM32\WSOCK32.dll
0x00007ffb06a30000 - 0x00007ffb06a9b000 	C:\WINDOWS\System32\WS2_32.dll
0x00007ffafd320000 - 0x00007ffafd32a000 	C:\WINDOWS\SYSTEM32\VERSION.dll
0x00007ffaf3970000 - 0x00007ffaf3997000 	C:\WINDOWS\SYSTEM32\WINMM.dll
0x00007ffb04670000 - 0x00007ffb04682000 	C:\WINDOWS\SYSTEM32\kernel.appcore.dll
0x00007ffae44d0000 - 0x00007ffae44e1000 	C:\Program Files\Android\Android Studio\jre\bin\verify.dll
0x00007ffb03890000 - 0x00007ffb03a74000 	C:\WINDOWS\SYSTEM32\DBGHELP.DLL
0x00007ffaedca0000 - 0x00007ffaedccc000 	C:\WINDOWS\SYSTEM32\dbgcore.DLL
0x00007ffb05db0000 - 0x00007ffb05e30000 	C:\WINDOWS\System32\bcryptPrimitives.dll
0x00007ffae1020000 - 0x00007ffae1049000 	C:\Program Files\Android\Android Studio\jre\bin\java.dll
0x00007ffaffa40000 - 0x00007ffaffa4b000 	C:\Program Files\Android\Android Studio\jre\bin\jimage.dll
0x00007ffae44b0000 - 0x00007ffae44c8000 	C:\Program Files\Android\Android Studio\jre\bin\zip.dll
0x00007ffb07c50000 - 0x00007ffb08392000 	C:\WINDOWS\System32\SHELL32.dll
0x00007ffb03a80000 - 0x00007ffb04211000 	C:\WINDOWS\SYSTEM32\windows.storage.dll
0x00007ffb06b00000 - 0x00007ffb06e55000 	C:\WINDOWS\System32\combase.dll
0x00007ffb057c0000 - 0x00007ffb057ec000 	C:\WINDOWS\SYSTEM32\Wldp.dll
0x00007ffb072e0000 - 0x00007ffb0738e000 	C:\WINDOWS\System32\SHCORE.dll
0x00007ffb06820000 - 0x00007ffb06875000 	C:\WINDOWS\System32\shlwapi.dll
0x00007ffb05c90000 - 0x00007ffb05caf000 	C:\WINDOWS\SYSTEM32\profapi.dll
0x00007ffae2c40000 - 0x00007ffae2c5a000 	C:\Program Files\Android\Android Studio\jre\bin\net.dll
0x00007ffb04250000 - 0x00007ffb0435b000 	C:\WINDOWS\SYSTEM32\WINHTTP.dll
0x00007ffb05530000 - 0x00007ffb0559a000 	C:\WINDOWS\system32\mswsock.dll
0x00007ffae12c0000 - 0x00007ffae12d4000 	C:\Program Files\Android\Android Studio\jre\bin\nio.dll
0x00007ffb022c0000 - 0x00007ffb022e7000 	C:\Users\좤좙썭얪\.gradle\native\fdc75f09e3144964f2cf3f50f0aa648679c211496f362492102eb8c894070792\windows-amd64\native-platform.dll
0x00007ffab2320000 - 0x00007ffab24b6000 	C:\Users\좤좙썭얪\.gradle\native\12488b8bf47d2d4c9fbf2f6322a914ad602e24e48041cd04a747c6da556b65c4\windows-amd64\native-platform-file-events.dll
0x00007ffafe000000 - 0x00007ffafe00a000 	C:\Program Files\Android\Android Studio\jre\bin\management.dll
0x00007ffafc0f0000 - 0x00007ffafc0fc000 	C:\Program Files\Android\Android Studio\jre\bin\management_ext.dll
0x00007ffb05700000 - 0x00007ffb05718000 	C:\WINDOWS\SYSTEM32\CRYPTSP.dll
0x00007ffb04e60000 - 0x00007ffb04e94000 	C:\WINDOWS\system32\rsaenh.dll
0x00007ffb06120000 - 0x00007ffb06147000 	C:\WINDOWS\System32\bcrypt.dll
0x00007ffb05c50000 - 0x00007ffb05c7e000 	C:\WINDOWS\SYSTEM32\USERENV.dll
0x00007ffb05720000 - 0x00007ffb0572c000 	C:\WINDOWS\SYSTEM32\CRYPTBASE.dll
0x00007ffb051d0000 - 0x00007ffb0520b000 	C:\WINDOWS\SYSTEM32\IPHLPAPI.DLL
0x00007ffb07520000 - 0x00007ffb07528000 	C:\WINDOWS\System32\NSI.dll
0x00007ffafdb50000 - 0x00007ffafdb67000 	C:\WINDOWS\SYSTEM32\dhcpcsvc6.DLL
0x00007ffafea10000 - 0x00007ffafea2d000 	C:\WINDOWS\SYSTEM32\dhcpcsvc.DLL
0x00007ffb05210000 - 0x00007ffb052dc000 	C:\WINDOWS\SYSTEM32\DNSAPI.dll
0x00007ffb00140000 - 0x00007ffb0014b000 	C:\WINDOWS\SYSTEM32\WINNSI.DLL
0x00007ffaab4d0000 - 0x00007ffaab4f7000 	C:\Program Files\Android\Android Studio\jre\bin\sunec.dll

dbghelp: loaded successfully - version: 4.0.5 - missing functions: none
symbol engine: initialized successfully - sym options: 0x614 - pdb path: .;C:\Program Files\Android\Android Studio\jre\bin;C:\WINDOWS\SYSTEM32;C:\WINDOWS\WinSxS\amd64_microsoft.windows.common-controls_6595b64144ccf1df_6.0.19041.844_none_ca00b6081b84eb1d;C:\Program Files\Android\Android Studio\jre\bin\server;C:\Users\좤좙썭얪\.gradle\native\fdc75f09e3144964f2cf3f50f0aa648679c211496f362492102eb8c894070792\windows-a;C:\Users\좤좙썭얪\.gradle\native\fdc75f09e3144964f2cf3f50f0aa648679c211496f362492102eb8c894070792\windows-amd64;C:\Users\좤좙썭얪\.gradle\native\12488b8bf47d2d4c9fbf2f6322a914ad602e24e48041cd04a747c6da556b65c4\w;C:\Users\좤좙썭얪\.gradle\native\12488b8bf47d2d4c9fbf2f6322a914ad602e24e48041cd04a747c6da556b65;C:\Users\좤좙썭얪\.gradle\native\12488b8bf47d2d4c9fbf2f6322a914ad602e24e48041cd04a747c6da55;C:\Users\좤좙썭얪\.gradle\native\12488b8bf47d2d4c9fbf2f6322a914ad602e24e48041cd04a747c6;C:\Users\좤좙썭얪\.gradle\native\12488b8bf47d2d4c9fbf2f6322a914ad602e24e48041cd04a7

VM Arguments:
jvm_args: --add-opens=java.base/java.util=ALL-UNNAMED --add-opens=java.base/java.lang=ALL-UNNAMED --add-opens=java.base/java.lang.invoke=ALL-UNNAMED --add-opens=java.prefs/java.util.prefs=ALL-UNNAMED -Xmx2048m -Dfile.encoding=UTF-8 -Duser.country=KR -Duser.language=ko -Duser.variant 
java_command: org.gradle.launcher.daemon.bootstrap.GradleDaemon 6.7.1
java_class_path (initial): C:\Users\좤좙썭얪\.gradle\wrapper\dists\gradle-6.7.1-bin\bwlcbys1h7rz3272sye1xwiv6\gradle-6.7.1\lib\gradle-launcher-6.7.1.jar
Launcher Type: SUN_STANDARD

[Global flags]
     intx CICompilerCount                          = 4                                         {product} {ergonomic}
     uint ConcGCThreads                            = 2                                         {product} {ergonomic}
     uint G1ConcRefinementThreads                  = 8                                         {product} {ergonomic}
   size_t G1HeapRegionSize                         = 1048576                                   {product} {ergonomic}
    uintx GCDrainStackTargetSize                   = 64                                        {product} {ergonomic}
   size_t InitialHeapSize                          = 266338304                                 {product} {ergonomic}
   size_t MarkStackSize                            = 4194304                                   {product} {ergonomic}
   size_t MaxHeapSize                              = 2147483648                                {product} {command line}
   size_t MaxNewSize                               = 1287651328                                {product} {ergonomic}
   size_t MinHeapDeltaBytes                        = 1048576                                   {product} {ergonomic}
    uintx NonNMethodCodeHeapSize                   = 5836300                                {pd product} {ergonomic}
    uintx NonProfiledCodeHeapSize                  = 122910970                              {pd product} {ergonomic}
    uintx ProfiledCodeHeapSize                     = 122910970                              {pd product} {ergonomic}
    uintx ReservedCodeCacheSize                    = 251658240                              {pd product} {ergonomic}
     bool SegmentedCodeCache                       = true                                      {product} {ergonomic}
     bool UseCompressedClassPointers               = true                                 {lp64_product} {ergonomic}
     bool UseCompressedOops                        = true                                 {lp64_product} {ergonomic}
     bool UseG1GC                                  = true                                      {product} {ergonomic}
     bool UseLargePagesIndividualAllocation        = false                                  {pd product} {ergonomic}

Logging:
Log output configuration:
 #0: stdout all=warning uptime,level,tags
 #1: stderr all=off uptime,level,tags

Environment Variables:
JAVA_HOME=C:\Program Files\Java\jdk-11.0.2
CLASSPATH=C:\Users\좤좙썭얪\Documents\Eclipse-workspace\DataBaseSystem_BPlusTree\src;
PATH=C:\Program Files\AdoptOpenJDK\jdk-11.0.11.9-hotspot\bin;c:\;C:\;rogram Files (x86)\PuTTY\;C:\Program Files\Git\cmd;C:\Users\좤좙썭얪\AppData\Local\Programs\Python\Python39\Scripts\;C:\Users\좤좙썭얪\AppData\Local\Programs\Python\Python39\;C:\WINDOWS\system32;C:\WINDOWS;C:\WINDOWS\System32\Wbem;C:\WINDOWS\System32\WindowsPowerShell\v1.0\;C:\WINDOWS\System32\OpenSSH\;C:\WINDOWS\system32;C:\WINDOWS;C:\WINDOWS\System32\Wbem;C:\WINDOWS\System32\WindowsPowerShell\v1.0\;C:\WINDOWS\System32\OpenSSH\;C:\MinGW\bin;C:\Program Files\nodejs\;C:\Program Files\MongoDB\Server\4.4\bin;C:\anaconda;C:\anaconda\Library\mingw-w64\bin;C:\anaconda\Library\usr\bin;C:\anaconda\Library\bin;C:\anaconda\Scripts;C:\Users\좤좙썭얪\AppData\Local\Microsoft\WindowsApps;sers\좤좙썭얪\AppData\Local\GitHubDesktop\bin;%US;RPROFILE%\AppData\Local\Microsoft\WindowsApps;C:\Users\좤좙썭얪\AppData\Local\Microsoft\WindowsApps;C:\Program Files\Oracle\VirtualBox;C:\Program Files\JetBrains\PyCharm Community Edition 2020.2.2\bin;;C:\Users\좤좙썭얪\AppData\Roaming\Microsoft\Windows\Start Menu\Programs\Python 3.9;C:\Program Files\Java\jdk-13.0.2\bin;C:\windows\System32;C:\Program Files\NVIDIA GPU Computing Toolkit\CUDA\v11.2\bin;C:\Program Files\NVIDIA GPU Computing Toolkit\CUDA\v11.2\extras\CUPTI\lib64;C:\Program Files\NVIDIA GPU Computing Toolkit\CUDA\v11.2\include;C:\Users\좤좙썭얪\AppData\Roaming\npm
USERNAME=좤좙썭얪
OS=Windows_NT
PROCESSOR_IDENTIFIER=Intel64 Family 6 Model 142 Stepping 10, GenuineIntel



---------------  S Y S T E M  ---------------

OS: Windows 10 , 64 bit Build 19041 (10.0.19041.928)
OS uptime: 2 days 2:55 hours

CPU:total 8 (initial active 8) (4 cores per cpu, 2 threads per core) family 6 model 142 stepping 10, cmov, cx8, fxsr, mmx, sse, sse2, sse3, ssse3, sse4.1, sse4.2, popcnt, avx, avx2, aes, clmul, erms, 3dnowpref, lzcnt, ht, tsc, tscinvbit, bmi1, bmi2, adx, fma

Memory: 4k page, system-wide physical 16217M (3858M free)
TotalPageFile size 18265M (AvailPageFile size 8M)
current process WorkingSet (physical memory assigned to process): 548M, peak: 577M
current process commit charge ("private bytes"): 586M, peak: 615M

vm_info: OpenJDK 64-Bit Server VM (11.0.8+10-b944.6842174) for windows-amd64 JRE (11.0.8+10-b944.6842174), built on Sep 19 2020 01:11:42 by "builder" with MS VC++ 14.0 (VS2015)

END.
